[0.052s] DEBUG:colcon:Command line arguments: ['/usr/bin/colcon', 'build', '--packages-select', 'squirtlebot_interfaces']
[0.052s] DEBUG:colcon:Parsed command line arguments: Namespace(log_base=None, log_level=None, verb_name='build', build_base='build', install_base='install', merge_install=False, symlink_install=False, test_result_base=None, continue_on_error=False, executor='parallel', parallel_workers=20, event_handlers=None, ignore_user_meta=False, metas=['./colcon.meta'], base_paths=['.'], packages_ignore=None, packages_ignore_regex=None, paths=None, packages_up_to=None, packages_up_to_regex=None, packages_above=None, packages_above_and_dependencies=None, packages_above_depth=None, packages_select_by_dep=None, packages_skip_by_dep=None, packages_skip_up_to=None, packages_select_build_failed=False, packages_skip_build_finished=False, packages_select_test_failures=False, packages_skip_test_passed=False, packages_select=['squirtlebot_interfaces'], packages_skip=None, packages_select_regex=None, packages_skip_regex=None, packages_start=None, packages_end=None, allow_overriding=[], cmake_args=None, cmake_target=None, cmake_target_skip_unavailable=False, cmake_clean_cache=False, cmake_clean_first=False, cmake_force_configure=False, ament_cmake_args=None, catkin_cmake_args=None, catkin_skip_building_tests=False, verb_parser=<colcon_defaults.argument_parser.defaults.DefaultArgumentsDecorator object at 0x708f64164350>, verb_extension=<colcon_core.verb.build.BuildVerb object at 0x708f64292e40>, main=<bound method BuildVerb.main of <colcon_core.verb.build.BuildVerb object at 0x708f64292e40>>)
[0.072s] Level 1:colcon.colcon_core.package_discovery:discover_packages(colcon_meta) check parameters
[0.072s] Level 1:colcon.colcon_core.package_discovery:discover_packages(recursive) check parameters
[0.072s] Level 1:colcon.colcon_core.package_discovery:discover_packages(ignore) check parameters
[0.072s] Level 1:colcon.colcon_core.package_discovery:discover_packages(path) check parameters
[0.072s] Level 1:colcon.colcon_core.package_discovery:discover_packages(colcon_meta) discover
[0.072s] Level 1:colcon.colcon_core.package_discovery:discover_packages(recursive) discover
[0.072s] INFO:colcon.colcon_core.package_discovery:Crawling recursively for packages in '/home/ben-may/ROS_Workspaces/ros2_ws_finalproject'
[0.072s] Level 1:colcon.colcon_core.package_identification:_identify(.) by extensions ['ignore', 'ignore_ament_install']
[0.072s] Level 1:colcon.colcon_core.package_identification:_identify(.) by extension 'ignore'
[0.072s] Level 1:colcon.colcon_core.package_identification:_identify(.) by extension 'ignore_ament_install'
[0.072s] Level 1:colcon.colcon_core.package_identification:_identify(.) by extensions ['colcon_pkg']
[0.072s] Level 1:colcon.colcon_core.package_identification:_identify(.) by extension 'colcon_pkg'
[0.072s] Level 1:colcon.colcon_core.package_identification:_identify(.) by extensions ['colcon_meta']
[0.072s] Level 1:colcon.colcon_core.package_identification:_identify(.) by extension 'colcon_meta'
[0.072s] Level 1:colcon.colcon_core.package_identification:_identify(.) by extensions ['ros']
[0.072s] Level 1:colcon.colcon_core.package_identification:_identify(.) by extension 'ros'
[0.085s] Level 1:colcon.colcon_core.package_identification:_identify(.) by extensions ['cmake', 'python']
[0.085s] Level 1:colcon.colcon_core.package_identification:_identify(.) by extension 'cmake'
[0.085s] Level 1:colcon.colcon_core.package_identification:_identify(.) by extension 'python'
[0.085s] Level 1:colcon.colcon_core.package_identification:_identify(.) by extensions ['python_setup_py']
[0.085s] Level 1:colcon.colcon_core.package_identification:_identify(.) by extension 'python_setup_py'
[0.085s] Level 1:colcon.colcon_core.package_identification:_identify(build) by extensions ['ignore', 'ignore_ament_install']
[0.085s] Level 1:colcon.colcon_core.package_identification:_identify(build) by extension 'ignore'
[0.086s] Level 1:colcon.colcon_core.package_identification:_identify(build) ignored
[0.086s] Level 1:colcon.colcon_core.package_identification:_identify(install) by extensions ['ignore', 'ignore_ament_install']
[0.086s] Level 1:colcon.colcon_core.package_identification:_identify(install) by extension 'ignore'
[0.086s] Level 1:colcon.colcon_core.package_identification:_identify(install) ignored
[0.086s] Level 1:colcon.colcon_core.package_identification:_identify(log) by extensions ['ignore', 'ignore_ament_install']
[0.086s] Level 1:colcon.colcon_core.package_identification:_identify(log) by extension 'ignore'
[0.086s] Level 1:colcon.colcon_core.package_identification:_identify(log) ignored
[0.086s] Level 1:colcon.colcon_core.package_identification:_identify(src) by extensions ['ignore', 'ignore_ament_install']
[0.086s] Level 1:colcon.colcon_core.package_identification:_identify(src) by extension 'ignore'
[0.086s] Level 1:colcon.colcon_core.package_identification:_identify(src) by extension 'ignore_ament_install'
[0.086s] Level 1:colcon.colcon_core.package_identification:_identify(src) by extensions ['colcon_pkg']
[0.086s] Level 1:colcon.colcon_core.package_identification:_identify(src) by extension 'colcon_pkg'
[0.086s] Level 1:colcon.colcon_core.package_identification:_identify(src) by extensions ['colcon_meta']
[0.086s] Level 1:colcon.colcon_core.package_identification:_identify(src) by extension 'colcon_meta'
[0.086s] Level 1:colcon.colcon_core.package_identification:_identify(src) by extensions ['ros']
[0.086s] Level 1:colcon.colcon_core.package_identification:_identify(src) by extension 'ros'
[0.086s] Level 1:colcon.colcon_core.package_identification:_identify(src) by extensions ['cmake', 'python']
[0.086s] Level 1:colcon.colcon_core.package_identification:_identify(src) by extension 'cmake'
[0.086s] Level 1:colcon.colcon_core.package_identification:_identify(src) by extension 'python'
[0.086s] Level 1:colcon.colcon_core.package_identification:_identify(src) by extensions ['python_setup_py']
[0.086s] Level 1:colcon.colcon_core.package_identification:_identify(src) by extension 'python_setup_py'
[0.086s] Level 1:colcon.colcon_core.package_identification:_identify(src/squirtlebot_bringup) by extensions ['ignore', 'ignore_ament_install']
[0.086s] Level 1:colcon.colcon_core.package_identification:_identify(src/squirtlebot_bringup) by extension 'ignore'
[0.086s] Level 1:colcon.colcon_core.package_identification:_identify(src/squirtlebot_bringup) by extension 'ignore_ament_install'
[0.086s] Level 1:colcon.colcon_core.package_identification:_identify(src/squirtlebot_bringup) by extensions ['colcon_pkg']
[0.086s] Level 1:colcon.colcon_core.package_identification:_identify(src/squirtlebot_bringup) by extension 'colcon_pkg'
[0.086s] Level 1:colcon.colcon_core.package_identification:_identify(src/squirtlebot_bringup) by extensions ['colcon_meta']
[0.086s] Level 1:colcon.colcon_core.package_identification:_identify(src/squirtlebot_bringup) by extension 'colcon_meta'
[0.086s] Level 1:colcon.colcon_core.package_identification:_identify(src/squirtlebot_bringup) by extensions ['ros']
[0.086s] Level 1:colcon.colcon_core.package_identification:_identify(src/squirtlebot_bringup) by extension 'ros'
[0.088s] DEBUG:colcon.colcon_core.package_identification:Package 'src/squirtlebot_bringup' with type 'ros.ament_cmake' and name 'squirtlebot_bringup'
[0.088s] Level 1:colcon.colcon_core.package_identification:_identify(src/squirtlebot_interfaces) by extensions ['ignore', 'ignore_ament_install']
[0.088s] Level 1:colcon.colcon_core.package_identification:_identify(src/squirtlebot_interfaces) by extension 'ignore'
[0.088s] Level 1:colcon.colcon_core.package_identification:_identify(src/squirtlebot_interfaces) by extension 'ignore_ament_install'
[0.088s] Level 1:colcon.colcon_core.package_identification:_identify(src/squirtlebot_interfaces) by extensions ['colcon_pkg']
[0.088s] Level 1:colcon.colcon_core.package_identification:_identify(src/squirtlebot_interfaces) by extension 'colcon_pkg'
[0.088s] Level 1:colcon.colcon_core.package_identification:_identify(src/squirtlebot_interfaces) by extensions ['colcon_meta']
[0.088s] Level 1:colcon.colcon_core.package_identification:_identify(src/squirtlebot_interfaces) by extension 'colcon_meta'
[0.088s] Level 1:colcon.colcon_core.package_identification:_identify(src/squirtlebot_interfaces) by extensions ['ros']
[0.088s] Level 1:colcon.colcon_core.package_identification:_identify(src/squirtlebot_interfaces) by extension 'ros'
[0.088s] DEBUG:colcon.colcon_core.package_identification:Package 'src/squirtlebot_interfaces' with type 'ros.ament_cmake' and name 'squirtlebot_interfaces'
[0.088s] Level 1:colcon.colcon_core.package_identification:_identify(src/squirtlebot_nodes) by extensions ['ignore', 'ignore_ament_install']
[0.088s] Level 1:colcon.colcon_core.package_identification:_identify(src/squirtlebot_nodes) by extension 'ignore'
[0.088s] Level 1:colcon.colcon_core.package_identification:_identify(src/squirtlebot_nodes) by extension 'ignore_ament_install'
[0.088s] Level 1:colcon.colcon_core.package_identification:_identify(src/squirtlebot_nodes) by extensions ['colcon_pkg']
[0.088s] Level 1:colcon.colcon_core.package_identification:_identify(src/squirtlebot_nodes) by extension 'colcon_pkg'
[0.088s] Level 1:colcon.colcon_core.package_identification:_identify(src/squirtlebot_nodes) by extensions ['colcon_meta']
[0.088s] Level 1:colcon.colcon_core.package_identification:_identify(src/squirtlebot_nodes) by extension 'colcon_meta'
[0.088s] Level 1:colcon.colcon_core.package_identification:_identify(src/squirtlebot_nodes) by extensions ['ros']
[0.088s] Level 1:colcon.colcon_core.package_identification:_identify(src/squirtlebot_nodes) by extension 'ros'
[0.089s] DEBUG:colcon.colcon_core.package_identification:Package 'src/squirtlebot_nodes' with type 'ros.ament_cmake' and name 'squirtlebot_nodes'
[0.089s] Level 1:colcon.colcon_core.package_identification:_identify(src/squirtlebot_py) by extensions ['ignore', 'ignore_ament_install']
[0.089s] Level 1:colcon.colcon_core.package_identification:_identify(src/squirtlebot_py) by extension 'ignore'
[0.089s] Level 1:colcon.colcon_core.package_identification:_identify(src/squirtlebot_py) by extension 'ignore_ament_install'
[0.089s] Level 1:colcon.colcon_core.package_identification:_identify(src/squirtlebot_py) by extensions ['colcon_pkg']
[0.089s] Level 1:colcon.colcon_core.package_identification:_identify(src/squirtlebot_py) by extension 'colcon_pkg'
[0.089s] Level 1:colcon.colcon_core.package_identification:_identify(src/squirtlebot_py) by extensions ['colcon_meta']
[0.089s] Level 1:colcon.colcon_core.package_identification:_identify(src/squirtlebot_py) by extension 'colcon_meta'
[0.089s] Level 1:colcon.colcon_core.package_identification:_identify(src/squirtlebot_py) by extensions ['ros']
[0.089s] Level 1:colcon.colcon_core.package_identification:_identify(src/squirtlebot_py) by extension 'ros'
[0.089s] DEBUG:colcon.colcon_core.package_identification:Package 'src/squirtlebot_py' with type 'ros.ament_python' and name 'squirtlebot_py'
[0.089s] Level 1:colcon.colcon_core.package_discovery:discover_packages(recursive) using defaults
[0.089s] Level 1:colcon.colcon_core.package_discovery:discover_packages(ignore) discover
[0.089s] Level 1:colcon.colcon_core.package_discovery:discover_packages(ignore) using defaults
[0.089s] Level 1:colcon.colcon_core.package_discovery:discover_packages(path) discover
[0.089s] Level 1:colcon.colcon_core.package_discovery:discover_packages(path) using defaults
[0.098s] INFO:colcon.colcon_core.package_selection:Skipping not selected package 'squirtlebot_bringup' in 'src/squirtlebot_bringup'
[0.098s] INFO:colcon.colcon_core.package_selection:Skipping not selected package 'squirtlebot_nodes' in 'src/squirtlebot_nodes'
[0.098s] INFO:colcon.colcon_core.package_selection:Skipping not selected package 'squirtlebot_py' in 'src/squirtlebot_py'
[0.099s] Level 1:colcon.colcon_core.package_discovery:discover_packages(prefix_path) check parameters
[0.099s] Level 1:colcon.colcon_core.package_discovery:discover_packages(prefix_path) discover
[0.099s] WARNING:colcon.colcon_ros.prefix_path.ament:The path '/home/ben-may/ROS_Workspaces/ros2_ws_finalproject/install/squirtlebot_interfaces' in the environment variable AMENT_PREFIX_PATH doesn't exist
[0.099s] WARNING:colcon.colcon_ros.prefix_path.ament:The path '/home/ben-may/ROS_Workspaces/ros2_ws_finalproject/install/squirtlebot_bringup' in the environment variable AMENT_PREFIX_PATH doesn't exist
[0.099s] WARNING:colcon.colcon_ros.prefix_path.catkin:The path '/home/ben-may/ROS_Workspaces/ros2_ws_finalproject/install/squirtlebot_interfaces' in the environment variable CMAKE_PREFIX_PATH doesn't exist
[0.099s] WARNING:colcon.colcon_ros.prefix_path.catkin:The path '/home/ben-may/ROS_Workspaces/ros2_ws_finalproject/install/squirtlebot_bringup' in the environment variable CMAKE_PREFIX_PATH doesn't exist
[0.100s] DEBUG:colcon.colcon_installed_package_information.package_discovery:Found 1 installed packages in /home/ben-may/ROS_Workspaces/ros2_ws_finalproject/install
[0.100s] DEBUG:colcon.colcon_installed_package_information.package_discovery:Found 9 installed packages in /home/ben-may/ROS_Workspaces/ros2_ws_1/install
[0.100s] DEBUG:colcon.colcon_installed_package_information.package_discovery:Found 4 installed packages in /home/ben-may/ROS_Workspaces/ros2_ws_moverobot/install
[0.101s] DEBUG:colcon.colcon_installed_package_information.package_discovery:Found 319 installed packages in /opt/ros/jazzy
[0.101s] Level 1:colcon.colcon_core.package_discovery:discover_packages(prefix_path) using defaults
[0.121s] Level 5:colcon.colcon_core.verb:set package 'squirtlebot_interfaces' build argument 'cmake_args' from command line to 'None'
[0.121s] Level 5:colcon.colcon_core.verb:set package 'squirtlebot_interfaces' build argument 'cmake_target' from command line to 'None'
[0.121s] Level 5:colcon.colcon_core.verb:set package 'squirtlebot_interfaces' build argument 'cmake_target_skip_unavailable' from command line to 'False'
[0.121s] Level 5:colcon.colcon_core.verb:set package 'squirtlebot_interfaces' build argument 'cmake_clean_cache' from command line to 'False'
[0.121s] Level 5:colcon.colcon_core.verb:set package 'squirtlebot_interfaces' build argument 'cmake_clean_first' from command line to 'False'
[0.121s] Level 5:colcon.colcon_core.verb:set package 'squirtlebot_interfaces' build argument 'cmake_force_configure' from command line to 'False'
[0.121s] Level 5:colcon.colcon_core.verb:set package 'squirtlebot_interfaces' build argument 'ament_cmake_args' from command line to 'None'
[0.121s] Level 5:colcon.colcon_core.verb:set package 'squirtlebot_interfaces' build argument 'catkin_cmake_args' from command line to 'None'
[0.121s] Level 5:colcon.colcon_core.verb:set package 'squirtlebot_interfaces' build argument 'catkin_skip_building_tests' from command line to 'False'
[0.121s] DEBUG:colcon.colcon_core.verb:Building package 'squirtlebot_interfaces' with the following arguments: {'ament_cmake_args': None, 'build_base': '/home/ben-may/ROS_Workspaces/ros2_ws_finalproject/build/squirtlebot_interfaces', 'catkin_cmake_args': None, 'catkin_skip_building_tests': False, 'cmake_args': None, 'cmake_clean_cache': False, 'cmake_clean_first': False, 'cmake_force_configure': False, 'cmake_target': None, 'cmake_target_skip_unavailable': False, 'install_base': '/home/ben-may/ROS_Workspaces/ros2_ws_finalproject/install/squirtlebot_interfaces', 'merge_install': False, 'path': '/home/ben-may/ROS_Workspaces/ros2_ws_finalproject/src/squirtlebot_interfaces', 'symlink_install': False, 'test_result_base': None}
[0.122s] INFO:colcon.colcon_core.executor:Executing jobs using 'parallel' executor
[0.122s] DEBUG:colcon.colcon_parallel_executor.executor.parallel:run_until_complete
[0.122s] INFO:colcon.colcon_ros.task.ament_cmake.build:Building ROS package in '/home/ben-may/ROS_Workspaces/ros2_ws_finalproject/src/squirtlebot_interfaces' with build type 'ament_cmake'
[0.123s] INFO:colcon.colcon_cmake.task.cmake.build:Building CMake package in '/home/ben-may/ROS_Workspaces/ros2_ws_finalproject/src/squirtlebot_interfaces'
[0.124s] INFO:colcon.colcon_core.plugin_system:Skipping extension 'colcon_core.shell.bat': Not used on non-Windows systems
[0.124s] INFO:colcon.colcon_core.shell:Skip shell extension 'powershell' for command environment: Not usable outside of PowerShell
[0.124s] DEBUG:colcon.colcon_core.shell:Skip shell extension 'dsv' for command environment
[0.130s] DEBUG:colcon.colcon_core.event_handler.log_command:Invoking command in '/home/ben-may/ROS_Workspaces/ros2_ws_finalproject/build/squirtlebot_interfaces': CMAKE_PREFIX_PATH=${CMAKE_PREFIX_PATH}:/home/ben-may/ROS_Workspaces/ros2_ws_1/install/actions_py:/home/ben-may/ROS_Workspaces/ros2_ws_1/install/executors_py:/home/ben-may/ROS_Workspaces/ros2_ws_1/install/components_py:/home/ben-may/ROS_Workspaces/ros2_ws_moverobot/install/move_robot_py:/opt/ros/jazzy DEBUGINFOD_URLS=https://debuginfod.ubuntu.com /usr/bin/cmake /home/ben-may/ROS_Workspaces/ros2_ws_finalproject/src/squirtlebot_interfaces -DCMAKE_INSTALL_PREFIX=/home/ben-may/ROS_Workspaces/ros2_ws_finalproject/install/squirtlebot_interfaces
[2.211s] DEBUG:colcon.colcon_core.event_handler.log_command:Invoked command in '/home/ben-may/ROS_Workspaces/ros2_ws_finalproject/build/squirtlebot_interfaces' returned '0': CMAKE_PREFIX_PATH=${CMAKE_PREFIX_PATH}:/home/ben-may/ROS_Workspaces/ros2_ws_1/install/actions_py:/home/ben-may/ROS_Workspaces/ros2_ws_1/install/executors_py:/home/ben-may/ROS_Workspaces/ros2_ws_1/install/components_py:/home/ben-may/ROS_Workspaces/ros2_ws_moverobot/install/move_robot_py:/opt/ros/jazzy DEBUGINFOD_URLS=https://debuginfod.ubuntu.com /usr/bin/cmake /home/ben-may/ROS_Workspaces/ros2_ws_finalproject/src/squirtlebot_interfaces -DCMAKE_INSTALL_PREFIX=/home/ben-may/ROS_Workspaces/ros2_ws_finalproject/install/squirtlebot_interfaces
[2.212s] DEBUG:colcon.colcon_core.event_handler.log_command:Invoking command in '/home/ben-may/ROS_Workspaces/ros2_ws_finalproject/build/squirtlebot_interfaces': CMAKE_PREFIX_PATH=${CMAKE_PREFIX_PATH}:/home/ben-may/ROS_Workspaces/ros2_ws_1/install/actions_py:/home/ben-may/ROS_Workspaces/ros2_ws_1/install/executors_py:/home/ben-may/ROS_Workspaces/ros2_ws_1/install/components_py:/home/ben-may/ROS_Workspaces/ros2_ws_moverobot/install/move_robot_py:/opt/ros/jazzy DEBUGINFOD_URLS=https://debuginfod.ubuntu.com /usr/bin/cmake --build /home/ben-may/ROS_Workspaces/ros2_ws_finalproject/build/squirtlebot_interfaces -- -j20 -l20
[4.857s] DEBUG:colcon.colcon_core.event_handler.log_command:Invoked command in '/home/ben-may/ROS_Workspaces/ros2_ws_finalproject/build/squirtlebot_interfaces' returned '0': CMAKE_PREFIX_PATH=${CMAKE_PREFIX_PATH}:/home/ben-may/ROS_Workspaces/ros2_ws_1/install/actions_py:/home/ben-may/ROS_Workspaces/ros2_ws_1/install/executors_py:/home/ben-may/ROS_Workspaces/ros2_ws_1/install/components_py:/home/ben-may/ROS_Workspaces/ros2_ws_moverobot/install/move_robot_py:/opt/ros/jazzy DEBUGINFOD_URLS=https://debuginfod.ubuntu.com /usr/bin/cmake --build /home/ben-may/ROS_Workspaces/ros2_ws_finalproject/build/squirtlebot_interfaces -- -j20 -l20
[4.866s] DEBUG:colcon.colcon_core.event_handler.log_command:Invoking command in '/home/ben-may/ROS_Workspaces/ros2_ws_finalproject/build/squirtlebot_interfaces': CMAKE_PREFIX_PATH=${CMAKE_PREFIX_PATH}:/home/ben-may/ROS_Workspaces/ros2_ws_1/install/actions_py:/home/ben-may/ROS_Workspaces/ros2_ws_1/install/executors_py:/home/ben-may/ROS_Workspaces/ros2_ws_1/install/components_py:/home/ben-may/ROS_Workspaces/ros2_ws_moverobot/install/move_robot_py:/opt/ros/jazzy DEBUGINFOD_URLS=https://debuginfod.ubuntu.com /usr/bin/cmake --install /home/ben-may/ROS_Workspaces/ros2_ws_finalproject/build/squirtlebot_interfaces
[4.921s] Level 1:colcon.colcon_core.environment:create_environment_scripts_only(squirtlebot_interfaces)
[4.921s] DEBUG:colcon.colcon_core.event_handler.log_command:Invoked command in '/home/ben-may/ROS_Workspaces/ros2_ws_finalproject/build/squirtlebot_interfaces' returned '0': CMAKE_PREFIX_PATH=${CMAKE_PREFIX_PATH}:/home/ben-may/ROS_Workspaces/ros2_ws_1/install/actions_py:/home/ben-may/ROS_Workspaces/ros2_ws_1/install/executors_py:/home/ben-may/ROS_Workspaces/ros2_ws_1/install/components_py:/home/ben-may/ROS_Workspaces/ros2_ws_moverobot/install/move_robot_py:/opt/ros/jazzy DEBUGINFOD_URLS=https://debuginfod.ubuntu.com /usr/bin/cmake --install /home/ben-may/ROS_Workspaces/ros2_ws_finalproject/build/squirtlebot_interfaces
[4.923s] Level 1:colcon.colcon_core.environment:checking '/home/ben-may/ROS_Workspaces/ros2_ws_finalproject/install/squirtlebot_interfaces' for CMake module files
[4.924s] Level 1:colcon.colcon_core.environment:checking '/home/ben-may/ROS_Workspaces/ros2_ws_finalproject/install/squirtlebot_interfaces' for CMake config files
[4.924s] Level 1:colcon.colcon_core.shell:create_environment_hook('squirtlebot_interfaces', 'cmake_prefix_path')
[4.924s] INFO:colcon.colcon_core.shell:Creating environment hook '/home/ben-may/ROS_Workspaces/ros2_ws_finalproject/install/squirtlebot_interfaces/share/squirtlebot_interfaces/hook/cmake_prefix_path.ps1'
[4.925s] INFO:colcon.colcon_core.shell:Creating environment descriptor '/home/ben-may/ROS_Workspaces/ros2_ws_finalproject/install/squirtlebot_interfaces/share/squirtlebot_interfaces/hook/cmake_prefix_path.dsv'
[4.926s] INFO:colcon.colcon_core.shell:Creating environment hook '/home/ben-may/ROS_Workspaces/ros2_ws_finalproject/install/squirtlebot_interfaces/share/squirtlebot_interfaces/hook/cmake_prefix_path.sh'
[4.926s] Level 1:colcon.colcon_core.environment:checking '/home/ben-may/ROS_Workspaces/ros2_ws_finalproject/install/squirtlebot_interfaces/lib'
[4.926s] Level 1:colcon.colcon_core.shell:create_environment_hook('squirtlebot_interfaces', 'ld_library_path_lib')
[4.927s] INFO:colcon.colcon_core.shell:Creating environment hook '/home/ben-may/ROS_Workspaces/ros2_ws_finalproject/install/squirtlebot_interfaces/share/squirtlebot_interfaces/hook/ld_library_path_lib.ps1'
[4.927s] INFO:colcon.colcon_core.shell:Creating environment descriptor '/home/ben-may/ROS_Workspaces/ros2_ws_finalproject/install/squirtlebot_interfaces/share/squirtlebot_interfaces/hook/ld_library_path_lib.dsv'
[4.927s] INFO:colcon.colcon_core.shell:Creating environment hook '/home/ben-may/ROS_Workspaces/ros2_ws_finalproject/install/squirtlebot_interfaces/share/squirtlebot_interfaces/hook/ld_library_path_lib.sh'
[4.927s] Level 1:colcon.colcon_core.environment:checking '/home/ben-may/ROS_Workspaces/ros2_ws_finalproject/install/squirtlebot_interfaces/bin'
[4.927s] Level 1:colcon.colcon_core.environment:checking '/home/ben-may/ROS_Workspaces/ros2_ws_finalproject/install/squirtlebot_interfaces/lib/pkgconfig/squirtlebot_interfaces.pc'
[4.928s] Level 1:colcon.colcon_core.environment:checking '/home/ben-may/ROS_Workspaces/ros2_ws_finalproject/install/squirtlebot_interfaces/lib/python3.12/site-packages'
[4.928s] Level 1:colcon.colcon_core.shell:create_environment_hook('squirtlebot_interfaces', 'pythonpath')
[4.928s] INFO:colcon.colcon_core.shell:Creating environment hook '/home/ben-may/ROS_Workspaces/ros2_ws_finalproject/install/squirtlebot_interfaces/share/squirtlebot_interfaces/hook/pythonpath.ps1'
[4.928s] INFO:colcon.colcon_core.shell:Creating environment descriptor '/home/ben-may/ROS_Workspaces/ros2_ws_finalproject/install/squirtlebot_interfaces/share/squirtlebot_interfaces/hook/pythonpath.dsv'
[4.928s] INFO:colcon.colcon_core.shell:Creating environment hook '/home/ben-may/ROS_Workspaces/ros2_ws_finalproject/install/squirtlebot_interfaces/share/squirtlebot_interfaces/hook/pythonpath.sh'
[4.929s] Level 1:colcon.colcon_core.environment:checking '/home/ben-may/ROS_Workspaces/ros2_ws_finalproject/install/squirtlebot_interfaces/bin'
[4.929s] INFO:colcon.colcon_core.shell:Creating package script '/home/ben-may/ROS_Workspaces/ros2_ws_finalproject/install/squirtlebot_interfaces/share/squirtlebot_interfaces/package.ps1'
[4.930s] INFO:colcon.colcon_core.shell:Creating package descriptor '/home/ben-may/ROS_Workspaces/ros2_ws_finalproject/install/squirtlebot_interfaces/share/squirtlebot_interfaces/package.dsv'
[4.930s] INFO:colcon.colcon_core.shell:Creating package script '/home/ben-may/ROS_Workspaces/ros2_ws_finalproject/install/squirtlebot_interfaces/share/squirtlebot_interfaces/package.sh'
[4.931s] INFO:colcon.colcon_core.shell:Creating package script '/home/ben-may/ROS_Workspaces/ros2_ws_finalproject/install/squirtlebot_interfaces/share/squirtlebot_interfaces/package.bash'
[4.931s] INFO:colcon.colcon_core.shell:Creating package script '/home/ben-may/ROS_Workspaces/ros2_ws_finalproject/install/squirtlebot_interfaces/share/squirtlebot_interfaces/package.zsh'
[4.931s] Level 1:colcon.colcon_core.environment:create_file_with_runtime_dependencies(/home/ben-may/ROS_Workspaces/ros2_ws_finalproject/install/squirtlebot_interfaces/share/colcon-core/packages/squirtlebot_interfaces)
[4.932s] Level 1:colcon.colcon_core.environment:create_environment_scripts_only(squirtlebot_interfaces)
[4.932s] Level 1:colcon.colcon_core.environment:checking '/home/ben-may/ROS_Workspaces/ros2_ws_finalproject/install/squirtlebot_interfaces' for CMake module files
[4.933s] Level 1:colcon.colcon_core.environment:checking '/home/ben-may/ROS_Workspaces/ros2_ws_finalproject/install/squirtlebot_interfaces' for CMake config files
[4.933s] Level 1:colcon.colcon_core.shell:create_environment_hook('squirtlebot_interfaces', 'cmake_prefix_path')
[4.933s] INFO:colcon.colcon_core.shell:Creating environment hook '/home/ben-may/ROS_Workspaces/ros2_ws_finalproject/install/squirtlebot_interfaces/share/squirtlebot_interfaces/hook/cmake_prefix_path.ps1'
[4.933s] INFO:colcon.colcon_core.shell:Creating environment descriptor '/home/ben-may/ROS_Workspaces/ros2_ws_finalproject/install/squirtlebot_interfaces/share/squirtlebot_interfaces/hook/cmake_prefix_path.dsv'
[4.934s] INFO:colcon.colcon_core.shell:Creating environment hook '/home/ben-may/ROS_Workspaces/ros2_ws_finalproject/install/squirtlebot_interfaces/share/squirtlebot_interfaces/hook/cmake_prefix_path.sh'
[4.934s] Level 1:colcon.colcon_core.environment:checking '/home/ben-may/ROS_Workspaces/ros2_ws_finalproject/install/squirtlebot_interfaces/lib'
[4.934s] Level 1:colcon.colcon_core.shell:create_environment_hook('squirtlebot_interfaces', 'ld_library_path_lib')
[4.934s] INFO:colcon.colcon_core.shell:Creating environment hook '/home/ben-may/ROS_Workspaces/ros2_ws_finalproject/install/squirtlebot_interfaces/share/squirtlebot_interfaces/hook/ld_library_path_lib.ps1'
[4.935s] INFO:colcon.colcon_core.shell:Creating environment descriptor '/home/ben-may/ROS_Workspaces/ros2_ws_finalproject/install/squirtlebot_interfaces/share/squirtlebot_interfaces/hook/ld_library_path_lib.dsv'
[4.935s] INFO:colcon.colcon_core.shell:Creating environment hook '/home/ben-may/ROS_Workspaces/ros2_ws_finalproject/install/squirtlebot_interfaces/share/squirtlebot_interfaces/hook/ld_library_path_lib.sh'
[4.935s] Level 1:colcon.colcon_core.environment:checking '/home/ben-may/ROS_Workspaces/ros2_ws_finalproject/install/squirtlebot_interfaces/bin'
[4.935s] Level 1:colcon.colcon_core.environment:checking '/home/ben-may/ROS_Workspaces/ros2_ws_finalproject/install/squirtlebot_interfaces/lib/pkgconfig/squirtlebot_interfaces.pc'
[4.935s] Level 1:colcon.colcon_core.environment:checking '/home/ben-may/ROS_Workspaces/ros2_ws_finalproject/install/squirtlebot_interfaces/lib/python3.12/site-packages'
[4.936s] Level 1:colcon.colcon_core.shell:create_environment_hook('squirtlebot_interfaces', 'pythonpath')
[4.936s] INFO:colcon.colcon_core.shell:Creating environment hook '/home/ben-may/ROS_Workspaces/ros2_ws_finalproject/install/squirtlebot_interfaces/share/squirtlebot_interfaces/hook/pythonpath.ps1'
[4.936s] INFO:colcon.colcon_core.shell:Creating environment descriptor '/home/ben-may/ROS_Workspaces/ros2_ws_finalproject/install/squirtlebot_interfaces/share/squirtlebot_interfaces/hook/pythonpath.dsv'
[4.936s] INFO:colcon.colcon_core.shell:Creating environment hook '/home/ben-may/ROS_Workspaces/ros2_ws_finalproject/install/squirtlebot_interfaces/share/squirtlebot_interfaces/hook/pythonpath.sh'
[4.937s] Level 1:colcon.colcon_core.environment:checking '/home/ben-may/ROS_Workspaces/ros2_ws_finalproject/install/squirtlebot_interfaces/bin'
[4.937s] INFO:colcon.colcon_core.shell:Creating package script '/home/ben-may/ROS_Workspaces/ros2_ws_finalproject/install/squirtlebot_interfaces/share/squirtlebot_interfaces/package.ps1'
[4.937s] INFO:colcon.colcon_core.shell:Creating package descriptor '/home/ben-may/ROS_Workspaces/ros2_ws_finalproject/install/squirtlebot_interfaces/share/squirtlebot_interfaces/package.dsv'
[4.938s] INFO:colcon.colcon_core.shell:Creating package script '/home/ben-may/ROS_Workspaces/ros2_ws_finalproject/install/squirtlebot_interfaces/share/squirtlebot_interfaces/package.sh'
[4.938s] INFO:colcon.colcon_core.shell:Creating package script '/home/ben-may/ROS_Workspaces/ros2_ws_finalproject/install/squirtlebot_interfaces/share/squirtlebot_interfaces/package.bash'
[4.938s] INFO:colcon.colcon_core.shell:Creating package script '/home/ben-may/ROS_Workspaces/ros2_ws_finalproject/install/squirtlebot_interfaces/share/squirtlebot_interfaces/package.zsh'
[4.939s] Level 1:colcon.colcon_core.environment:create_file_with_runtime_dependencies(/home/ben-may/ROS_Workspaces/ros2_ws_finalproject/install/squirtlebot_interfaces/share/colcon-core/packages/squirtlebot_interfaces)
[4.939s] DEBUG:colcon.colcon_parallel_executor.executor.parallel:closing loop
[4.939s] DEBUG:colcon.colcon_parallel_executor.executor.parallel:loop closed
[4.939s] DEBUG:colcon.colcon_parallel_executor.executor.parallel:run_until_complete finished with '0'
[4.939s] DEBUG:colcon.colcon_core.event_reactor:joining thread
[4.942s] INFO:colcon.colcon_core.plugin_system:Skipping extension 'colcon_notification.desktop_notification.terminal_notifier': Not used on non-Darwin systems
[4.942s] INFO:colcon.colcon_core.plugin_system:Skipping extension 'colcon_notification.desktop_notification.win32': Not used on non-Windows systems
[4.942s] INFO:colcon.colcon_notification.desktop_notification:Sending desktop notification using 'notify2'
[4.952s] DEBUG:colcon.colcon_core.event_reactor:joined thread
[4.952s] INFO:colcon.colcon_core.shell:Creating prefix script '/home/ben-may/ROS_Workspaces/ros2_ws_finalproject/install/local_setup.ps1'
[4.953s] INFO:colcon.colcon_core.shell:Creating prefix util module '/home/ben-may/ROS_Workspaces/ros2_ws_finalproject/install/_local_setup_util_ps1.py'
[4.954s] INFO:colcon.colcon_core.shell:Creating prefix chain script '/home/ben-may/ROS_Workspaces/ros2_ws_finalproject/install/setup.ps1'
[4.954s] INFO:colcon.colcon_core.shell:Creating prefix script '/home/ben-may/ROS_Workspaces/ros2_ws_finalproject/install/local_setup.sh'
[4.955s] INFO:colcon.colcon_core.shell:Creating prefix util module '/home/ben-may/ROS_Workspaces/ros2_ws_finalproject/install/_local_setup_util_sh.py'
[4.955s] INFO:colcon.colcon_core.shell:Creating prefix chain script '/home/ben-may/ROS_Workspaces/ros2_ws_finalproject/install/setup.sh'
[4.956s] INFO:colcon.colcon_core.shell:Creating prefix script '/home/ben-may/ROS_Workspaces/ros2_ws_finalproject/install/local_setup.bash'
[4.957s] INFO:colcon.colcon_core.shell:Creating prefix chain script '/home/ben-may/ROS_Workspaces/ros2_ws_finalproject/install/setup.bash'
[4.957s] INFO:colcon.colcon_core.shell:Creating prefix script '/home/ben-may/ROS_Workspaces/ros2_ws_finalproject/install/local_setup.zsh'
[4.958s] INFO:colcon.colcon_core.shell:Creating prefix chain script '/home/ben-may/ROS_Workspaces/ros2_ws_finalproject/install/setup.zsh'
