-- Found ament_cmake: 2.5.4 (/opt/ros/jazzy/share/ament_cmake/cmake)
-- Found rclcpp: 28.1.9 (/opt/ros/jazzy/share/rclcpp/cmake)
-- Found rosidl_generator_c: 4.6.5 (/opt/ros/jazzy/share/rosidl_generator_c/cmake)
-- Found rosidl_generator_cpp: 4.6.5 (/opt/ros/jazzy/share/rosidl_generator_cpp/cmake)
-- Using all available rosidl_typesupport_c: rosidl_typesupport_fastrtps_c;rosidl_typesupport_introspection_c
-- Using all available rosidl_typesupport_cpp: rosidl_typesupport_fastrtps_cpp;rosidl_typesupport_introspection_cpp
-- Found rmw_implementation_cmake: 7.3.2 (/opt/ros/jazzy/share/rmw_implementation_cmake/cmake)
-- Found rmw_fastrtps_cpp: 8.4.2 (/opt/ros/jazzy/share/rmw_fastrtps_cpp/cmake)
-- Using RMW implementation 'rmw_fastrtps_cpp' as default
-- Found turtlesim: 1.8.3 (/opt/ros/jazzy/share/turtlesim/cmake)
-- Found squirtlebot_interfaces: 0.0.0 (/home/ben-may/ROS_Workspaces/ros2_ws_finalproject/install/squirtlebot_interfaces/share/squirtlebot_interfaces/cmake)
-- Configuring done (0.4s)
-- Generating done (0.0s)
-- Build files have been written to: /home/ben-may/ROS_Workspaces/ros2_ws_finalproject/build/squirtlebot_nodes
[100%] Built target squirtle_bridge
-- Install configuration: ""
-- Installing: /home/ben-may/ROS_Workspaces/ros2_ws_finalproject/install/squirtlebot_nodes/lib/squirtlebot_nodes/squirtle_bridge
-- Set non-toolchain portion of runtime path of "/home/ben-may/ROS_Workspaces/ros2_ws_finalproject/install/squirtlebot_nodes/lib/squirtlebot_nodes/squirtle_bridge" to ""
-- Installing: /home/ben-may/ROS_Workspaces/ros2_ws_finalproject/install/squirtlebot_nodes/share/ament_index/resource_index/package_run_dependencies/squirtlebot_nodes
-- Installing: /home/ben-may/ROS_Workspaces/ros2_ws_finalproject/install/squirtlebot_nodes/share/ament_index/resource_index/parent_prefix_path/squirtlebot_nodes
-- Installing: /home/ben-may/ROS_Workspaces/ros2_ws_finalproject/install/squirtlebot_nodes/share/squirtlebot_nodes/environment/ament_prefix_path.sh
-- Installing: /home/ben-may/ROS_Workspaces/ros2_ws_finalproject/install/squirtlebot_nodes/share/squirtlebot_nodes/environment/ament_prefix_path.dsv
-- Installing: /home/ben-may/ROS_Workspaces/ros2_ws_finalproject/install/squirtlebot_nodes/share/squirtlebot_nodes/environment/path.sh
-- Installing: /home/ben-may/ROS_Workspaces/ros2_ws_finalproject/install/squirtlebot_nodes/share/squirtlebot_nodes/environment/path.dsv
-- Installing: /home/ben-may/ROS_Workspaces/ros2_ws_finalproject/install/squirtlebot_nodes/share/squirtlebot_nodes/local_setup.bash
-- Installing: /home/ben-may/ROS_Workspaces/ros2_ws_finalproject/install/squirtlebot_nodes/share/squirtlebot_nodes/local_setup.sh
-- Installing: /home/ben-may/ROS_Workspaces/ros2_ws_finalproject/install/squirtlebot_nodes/share/squirtlebot_nodes/local_setup.zsh
-- Installing: /home/ben-may/ROS_Workspaces/ros2_ws_finalproject/install/squirtlebot_nodes/share/squirtlebot_nodes/local_setup.dsv
-- Installing: /home/ben-may/ROS_Workspaces/ros2_ws_finalproject/install/squirtlebot_nodes/share/squirtlebot_nodes/package.dsv
-- Installing: /home/ben-may/ROS_Workspaces/ros2_ws_finalproject/install/squirtlebot_nodes/share/ament_index/resource_index/packages/squirtlebot_nodes
-- Installing: /home/ben-may/ROS_Workspaces/ros2_ws_finalproject/install/squirtlebot_nodes/share/squirtlebot_nodes/cmake/squirtlebot_nodesConfig.cmake
-- Installing: /home/ben-may/ROS_Workspaces/ros2_ws_finalproject/install/squirtlebot_nodes/share/squirtlebot_nodes/cmake/squirtlebot_nodesConfig-version.cmake
-- Installing: /home/ben-may/ROS_Workspaces/ros2_ws_finalproject/install/squirtlebot_nodes/share/squirtlebot_nodes/package.xml
