[0.009s] Invoking command in '/home/ben-may/ROS_Workspaces/ros2_ws_finalproject/build/squirtlebot_interfaces': CMAKE_PREFIX_PATH=${CMAKE_PREFIX_PATH}:/home/ben-may/ROS_Workspaces/ros2_ws_1/install/actions_py:/home/ben-may/ROS_Workspaces/ros2_ws_1/install/executors_py:/home/ben-may/ROS_Workspaces/ros2_ws_1/install/components_py:/home/ben-may/ROS_Workspaces/ros2_ws_moverobot/install/move_robot_py:/opt/ros/jazzy DEBUGINFOD_URLS=https://debuginfod.ubuntu.com /usr/bin/cmake --build /home/ben-may/ROS_Workspaces/ros2_ws_finalproject/build/squirtlebot_interfaces -- -j20 -l20
[0.029s] -- Found ament_cmake: 2.5.4 (/opt/ros/jazzy/share/ament_cmake/cmake)
[0.047s] -- Found Python3: /usr/bin/python3 (found version "3.12.3") found components: Interpreter 
[0.096s] -- Found rosidl_default_generators: 1.6.0 (/opt/ros/jazzy/share/rosidl_default_generators/cmake)
[0.098s] -- Using all available rosidl_typesupport_c: rosidl_typesupport_fastrtps_c;rosidl_typesupport_introspection_c
[0.119s] -- Using all available rosidl_typesupport_cpp: rosidl_typesupport_fastrtps_cpp;rosidl_typesupport_introspection_cpp
[0.134s] -- Found rosidl_adapter: 4.6.5 (/opt/ros/jazzy/share/rosidl_adapter/cmake)
[0.327s] -- Found ament_cmake_ros: 0.12.0 (/opt/ros/jazzy/share/ament_cmake_ros/cmake)
[0.390s] -- Using all available rosidl_typesupport_c: rosidl_typesupport_fastrtps_c;rosidl_typesupport_introspection_c
[0.466s] -- Using all available rosidl_typesupport_cpp: rosidl_typesupport_fastrtps_cpp;rosidl_typesupport_introspection_cpp
[0.467s] -- Found python_cmake_module: 0.11.1 (/opt/ros/jazzy/share/python_cmake_module/cmake)
[0.628s] -- Found Python3: /usr/bin/python3 (found version "3.12.3") found components: Interpreter Development NumPy Development.Module Development.Embed 
[0.638s] -- Configuring done (0.6s)
[0.662s] -- Generating done (0.0s)
[0.669s] -- Build files have been written to: /home/ben-may/ROS_Workspaces/ros2_ws_finalproject/build/squirtlebot_interfaces
[0.699s] [  1%] [34m[1mGenerating type hashes for ROS interfaces[0m
[0.705s] [  1%] Built target ament_cmake_python_copy_squirtlebot_interfaces
[0.824s] running egg_info
[0.833s] writing squirtlebot_interfaces.egg-info/PKG-INFO
[0.833s] writing dependency_links to squirtlebot_interfaces.egg-info/dependency_links.txt
[0.833s] writing top-level names to squirtlebot_interfaces.egg-info/top_level.txt
[0.860s] reading manifest file 'squirtlebot_interfaces.egg-info/SOURCES.txt'
[0.860s] writing manifest file 'squirtlebot_interfaces.egg-info/SOURCES.txt'
[0.879s] [  1%] Built target ament_cmake_python_build_squirtlebot_interfaces_egg
[0.892s] [  1%] Built target squirtlebot_interfaces__rosidl_generator_type_description
[0.901s] [  2%] [34m[1mGenerating C code for ROS interfaces[0m
[0.909s] [  3%] [34m[1mGenerating C++ code for ROS interfaces[0m
[1.312s] [  3%] Built target squirtlebot_interfaces__cpp
[1.406s] [  5%] [32mBuilding C object CMakeFiles/squirtlebot_interfaces__rosidl_generator_c.dir/rosidl_generator_c/squirtlebot_interfaces/msg/detail/cancel_squirtle_move__functions.c.o[0m
[1.406s] [  5%] [32mBuilding C object CMakeFiles/squirtlebot_interfaces__rosidl_generator_c.dir/rosidl_generator_c/squirtlebot_interfaces/msg/detail/cancel_squirtle_move__type_support.c.o[0m
[1.407s] [  7%] [32mBuilding C object CMakeFiles/squirtlebot_interfaces__rosidl_generator_c.dir/rosidl_generator_c/squirtlebot_interfaces/msg/detail/active_squirtle_stats__description.c.o[0m
[1.407s] [  8%] [32mBuilding C object CMakeFiles/squirtlebot_interfaces__rosidl_generator_c.dir/rosidl_generator_c/squirtlebot_interfaces/msg/detail/kill_spawn_squirtle__type_support.c.o[0m
[1.407s] [ 10%] [32mBuilding C object CMakeFiles/squirtlebot_interfaces__rosidl_generator_c.dir/rosidl_generator_c/squirtlebot_interfaces/action/detail/squirtle_move__functions.c.o[0m
[1.408s] [ 10%] [32mBuilding C object CMakeFiles/squirtlebot_interfaces__rosidl_generator_c.dir/rosidl_generator_c/squirtlebot_interfaces/action/detail/squirtle_move__description.c.o[0m
[1.408s] [ 13%] [32mBuilding C object CMakeFiles/squirtlebot_interfaces__rosidl_generator_c.dir/rosidl_generator_c/squirtlebot_interfaces/srv/detail/kill_squirtle__description.c.o[0m
[1.408s] [ 13%] [32mBuilding C object CMakeFiles/squirtlebot_interfaces__rosidl_generator_c.dir/rosidl_generator_c/squirtlebot_interfaces/msg/detail/kill_spawn_squirtle__description.c.o[0m
[1.409s] [ 14%] [32mBuilding C object CMakeFiles/squirtlebot_interfaces__rosidl_generator_c.dir/rosidl_generator_c/squirtlebot_interfaces/action/detail/squirtle_move__type_support.c.o[0m
[1.409s] [ 15%] [32mBuilding C object CMakeFiles/squirtlebot_interfaces__rosidl_generator_c.dir/rosidl_generator_c/squirtlebot_interfaces/msg/detail/cancel_squirtle_move__description.c.o[0m
[1.409s] [ 17%] [32mBuilding C object CMakeFiles/squirtlebot_interfaces__rosidl_generator_c.dir/rosidl_generator_c/squirtlebot_interfaces/msg/detail/active_squirtle_stats__type_support.c.o[0m
[1.409s] [ 17%] [32mBuilding C object CMakeFiles/squirtlebot_interfaces__rosidl_generator_c.dir/rosidl_generator_c/squirtlebot_interfaces/msg/detail/active_squirtle_stats__functions.c.o[0m
[1.411s] [ 19%] [32mBuilding C object CMakeFiles/squirtlebot_interfaces__rosidl_generator_c.dir/rosidl_generator_c/squirtlebot_interfaces/srv/detail/kill_squirtle__functions.c.o[0m
[1.411s] [ 20%] [32mBuilding C object CMakeFiles/squirtlebot_interfaces__rosidl_generator_c.dir/rosidl_generator_c/squirtlebot_interfaces/msg/detail/kill_spawn_squirtle__functions.c.o[0m
[1.411s] [ 21%] [32mBuilding C object CMakeFiles/squirtlebot_interfaces__rosidl_generator_c.dir/rosidl_generator_c/squirtlebot_interfaces/srv/detail/kill_squirtle__type_support.c.o[0m
[1.411s] [ 22%] [32mBuilding C object CMakeFiles/squirtlebot_interfaces__rosidl_generator_c.dir/rosidl_generator_c/squirtlebot_interfaces/srv/detail/spawn_squirtle__functions.c.o[0m
[1.414s] [ 23%] [32mBuilding C object CMakeFiles/squirtlebot_interfaces__rosidl_generator_c.dir/rosidl_generator_c/squirtlebot_interfaces/srv/detail/spawn_squirtle__description.c.o[0m
[1.414s] [ 25%] [32mBuilding C object CMakeFiles/squirtlebot_interfaces__rosidl_generator_c.dir/rosidl_generator_c/squirtlebot_interfaces/srv/detail/spawn_squirtle__type_support.c.o[0m
[1.535s] [ 26%] [32m[1mLinking C shared library libsquirtlebot_interfaces__rosidl_generator_c.so[0m
[1.565s] [ 26%] Built target squirtlebot_interfaces__rosidl_generator_c
[1.576s] [ 28%] [34m[1mGenerating C++ introspection for ROS interfaces[0m
[1.576s] [ 28%] [34m[1mGenerating C introspection for ROS interfaces[0m
[1.578s] [ 29%] [34m[1mGenerating C++ type support dispatch for ROS interfaces[0m
[1.578s] [ 32%] [34m[1mGenerating C type support for eProsima Fast-RTPS[0m
[1.578s] [ 32%] [34m[1mGenerating C type support dispatch for ROS interfaces[0m
[1.579s] [ 33%] [34m[1mGenerating C++ type support for eProsima Fast-RTPS[0m
[1.932s] [ 35%] [32mBuilding CXX object CMakeFiles/squirtlebot_interfaces__rosidl_typesupport_c.dir/rosidl_typesupport_c/squirtlebot_interfaces/msg/cancel_squirtle_move__type_support.cpp.o[0m
[1.932s] [ 35%] [32mBuilding CXX object CMakeFiles/squirtlebot_interfaces__rosidl_typesupport_c.dir/rosidl_typesupport_c/squirtlebot_interfaces/action/squirtle_move__type_support.cpp.o[0m
[1.935s] [ 38%] [32mBuilding CXX object CMakeFiles/squirtlebot_interfaces__rosidl_typesupport_c.dir/rosidl_typesupport_c/squirtlebot_interfaces/msg/active_squirtle_stats__type_support.cpp.o[0m
[1.935s] [ 38%] [32mBuilding CXX object CMakeFiles/squirtlebot_interfaces__rosidl_typesupport_c.dir/rosidl_typesupport_c/squirtlebot_interfaces/msg/kill_spawn_squirtle__type_support.cpp.o[0m
[1.935s] [ 39%] [32mBuilding CXX object CMakeFiles/squirtlebot_interfaces__rosidl_typesupport_c.dir/rosidl_typesupport_c/squirtlebot_interfaces/srv/kill_squirtle__type_support.cpp.o[0m
[1.935s] [ 40%] [32mBuilding CXX object CMakeFiles/squirtlebot_interfaces__rosidl_typesupport_c.dir/rosidl_typesupport_c/squirtlebot_interfaces/srv/spawn_squirtle__type_support.cpp.o[0m
[1.936s] [ 41%] [32mBuilding CXX object CMakeFiles/squirtlebot_interfaces__rosidl_typesupport_cpp.dir/rosidl_typesupport_cpp/squirtlebot_interfaces/msg/cancel_squirtle_move__type_support.cpp.o[0m
[1.937s] [ 42%] [32mBuilding CXX object CMakeFiles/squirtlebot_interfaces__rosidl_typesupport_cpp.dir/rosidl_typesupport_cpp/squirtlebot_interfaces/msg/kill_spawn_squirtle__type_support.cpp.o[0m
[1.937s] [ 44%] [32mBuilding CXX object CMakeFiles/squirtlebot_interfaces__rosidl_typesupport_cpp.dir/rosidl_typesupport_cpp/squirtlebot_interfaces/msg/active_squirtle_stats__type_support.cpp.o[0m
[1.938s] [ 45%] [32mBuilding CXX object CMakeFiles/squirtlebot_interfaces__rosidl_typesupport_cpp.dir/rosidl_typesupport_cpp/squirtlebot_interfaces/action/squirtle_move__type_support.cpp.o[0m
[1.938s] [ 46%] [32mBuilding CXX object CMakeFiles/squirtlebot_interfaces__rosidl_typesupport_cpp.dir/rosidl_typesupport_cpp/squirtlebot_interfaces/srv/spawn_squirtle__type_support.cpp.o[0m
[1.938s] [ 47%] [32mBuilding CXX object CMakeFiles/squirtlebot_interfaces__rosidl_typesupport_cpp.dir/rosidl_typesupport_cpp/squirtlebot_interfaces/srv/kill_squirtle__type_support.cpp.o[0m
[2.001s] [ 48%] [32m[1mLinking CXX shared library libsquirtlebot_interfaces__rosidl_typesupport_c.so[0m
[2.044s] [ 52%] [32mBuilding CXX object CMakeFiles/squirtlebot_interfaces__rosidl_typesupport_introspection_cpp.dir/rosidl_typesupport_introspection_cpp/squirtlebot_interfaces/msg/detail/kill_spawn_squirtle__type_support.cpp.o[0m
[2.044s] [ 52%] [32mBuilding CXX object CMakeFiles/squirtlebot_interfaces__rosidl_typesupport_introspection_cpp.dir/rosidl_typesupport_introspection_cpp/squirtlebot_interfaces/srv/detail/kill_squirtle__type_support.cpp.o[0m
[2.044s] [ 52%] [32mBuilding CXX object CMakeFiles/squirtlebot_interfaces__rosidl_typesupport_introspection_cpp.dir/rosidl_typesupport_introspection_cpp/squirtlebot_interfaces/msg/detail/cancel_squirtle_move__type_support.cpp.o[0m
[2.044s] [ 53%] [32mBuilding CXX object CMakeFiles/squirtlebot_interfaces__rosidl_typesupport_introspection_cpp.dir/rosidl_typesupport_introspection_cpp/squirtlebot_interfaces/action/detail/squirtle_move__type_support.cpp.o[0m
[2.044s] [ 54%] [32mBuilding CXX object CMakeFiles/squirtlebot_interfaces__rosidl_typesupport_introspection_cpp.dir/rosidl_typesupport_introspection_cpp/squirtlebot_interfaces/srv/detail/spawn_squirtle__type_support.cpp.o[0m
[2.045s] [ 55%] [32mBuilding CXX object CMakeFiles/squirtlebot_interfaces__rosidl_typesupport_introspection_cpp.dir/rosidl_typesupport_introspection_cpp/squirtlebot_interfaces/msg/detail/active_squirtle_stats__type_support.cpp.o[0m
[2.064s] [ 55%] Built target squirtlebot_interfaces__rosidl_typesupport_c
[2.141s] [ 58%] [32mBuilding C object CMakeFiles/squirtlebot_interfaces__rosidl_typesupport_introspection_c.dir/rosidl_typesupport_introspection_c/squirtlebot_interfaces/msg/detail/cancel_squirtle_move__type_support.c.o[0m
[2.141s] [ 58%] [32mBuilding C object CMakeFiles/squirtlebot_interfaces__rosidl_typesupport_introspection_c.dir/rosidl_typesupport_introspection_c/squirtlebot_interfaces/msg/detail/active_squirtle_stats__type_support.c.o[0m
[2.141s] [ 59%] [32mBuilding C object CMakeFiles/squirtlebot_interfaces__rosidl_typesupport_introspection_c.dir/rosidl_typesupport_introspection_c/squirtlebot_interfaces/msg/detail/kill_spawn_squirtle__type_support.c.o[0m
[2.142s] [ 60%] [32mBuilding C object CMakeFiles/squirtlebot_interfaces__rosidl_typesupport_introspection_c.dir/rosidl_typesupport_introspection_c/squirtlebot_interfaces/srv/detail/kill_squirtle__type_support.c.o[0m
[2.147s] [ 61%] [32mBuilding C object CMakeFiles/squirtlebot_interfaces__rosidl_typesupport_introspection_c.dir/rosidl_typesupport_introspection_c/squirtlebot_interfaces/action/detail/squirtle_move__type_support.c.o[0m
[2.155s] [ 63%] [32mBuilding C object CMakeFiles/squirtlebot_interfaces__rosidl_typesupport_introspection_c.dir/rosidl_typesupport_introspection_c/squirtlebot_interfaces/srv/detail/spawn_squirtle__type_support.c.o[0m
[2.252s] [ 64%] [32m[1mLinking C shared library libsquirtlebot_interfaces__rosidl_typesupport_introspection_c.so[0m
[2.290s] [ 64%] Built target squirtlebot_interfaces__rosidl_typesupport_introspection_c
[2.323s] [ 67%] [32mBuilding CXX object CMakeFiles/squirtlebot_interfaces__rosidl_typesupport_fastrtps_cpp.dir/rosidl_typesupport_fastrtps_cpp/squirtlebot_interfaces/msg/detail/dds_fastrtps/active_squirtle_stats__type_support.cpp.o[0m
[2.324s] [ 67%] [32mBuilding CXX object CMakeFiles/squirtlebot_interfaces__rosidl_typesupport_fastrtps_cpp.dir/rosidl_typesupport_fastrtps_cpp/squirtlebot_interfaces/msg/detail/dds_fastrtps/kill_spawn_squirtle__type_support.cpp.o[0m
[2.324s] [ 67%] [32mBuilding CXX object CMakeFiles/squirtlebot_interfaces__rosidl_typesupport_fastrtps_cpp.dir/rosidl_typesupport_fastrtps_cpp/squirtlebot_interfaces/action/detail/dds_fastrtps/squirtle_move__type_support.cpp.o[0m
[2.324s] [ 69%] [32mBuilding CXX object CMakeFiles/squirtlebot_interfaces__rosidl_typesupport_fastrtps_cpp.dir/rosidl_typesupport_fastrtps_cpp/squirtlebot_interfaces/srv/detail/dds_fastrtps/spawn_squirtle__type_support.cpp.o[0m
[2.324s] [ 70%] [32mBuilding CXX object CMakeFiles/squirtlebot_interfaces__rosidl_typesupport_fastrtps_cpp.dir/rosidl_typesupport_fastrtps_cpp/squirtlebot_interfaces/msg/detail/dds_fastrtps/cancel_squirtle_move__type_support.cpp.o[0m
[2.324s] [ 71%] [32mBuilding CXX object CMakeFiles/squirtlebot_interfaces__rosidl_typesupport_fastrtps_cpp.dir/rosidl_typesupport_fastrtps_cpp/squirtlebot_interfaces/srv/detail/dds_fastrtps/kill_squirtle__type_support.cpp.o[0m
[2.413s] [ 75%] [32mBuilding CXX object CMakeFiles/squirtlebot_interfaces__rosidl_typesupport_fastrtps_c.dir/rosidl_typesupport_fastrtps_c/squirtlebot_interfaces/msg/detail/cancel_squirtle_move__type_support_c.cpp.o[0m
[2.414s] [ 75%] [32mBuilding CXX object CMakeFiles/squirtlebot_interfaces__rosidl_typesupport_fastrtps_c.dir/rosidl_typesupport_fastrtps_c/squirtlebot_interfaces/msg/detail/kill_spawn_squirtle__type_support_c.cpp.o[0m
[2.414s] [ 76%] [32mBuilding CXX object CMakeFiles/squirtlebot_interfaces__rosidl_typesupport_fastrtps_c.dir/rosidl_typesupport_fastrtps_c/squirtlebot_interfaces/msg/detail/active_squirtle_stats__type_support_c.cpp.o[0m
[2.415s] [ 75%] [32mBuilding CXX object CMakeFiles/squirtlebot_interfaces__rosidl_typesupport_fastrtps_c.dir/rosidl_typesupport_fastrtps_c/squirtlebot_interfaces/action/detail/squirtle_move__type_support_c.cpp.o[0m
[2.421s] [ 77%] [32mBuilding CXX object CMakeFiles/squirtlebot_interfaces__rosidl_typesupport_fastrtps_c.dir/rosidl_typesupport_fastrtps_c/squirtlebot_interfaces/srv/detail/spawn_squirtle__type_support_c.cpp.o[0m
[2.421s] [ 78%] [32mBuilding CXX object CMakeFiles/squirtlebot_interfaces__rosidl_typesupport_fastrtps_c.dir/rosidl_typesupport_fastrtps_c/squirtlebot_interfaces/srv/detail/kill_squirtle__type_support_c.cpp.o[0m
[2.639s] [ 79%] [32m[1mLinking CXX shared library libsquirtlebot_interfaces__rosidl_typesupport_cpp.so[0m
[2.724s] [ 79%] Built target squirtlebot_interfaces__rosidl_typesupport_cpp
[3.077s] [ 80%] [32m[1mLinking CXX shared library libsquirtlebot_interfaces__rosidl_typesupport_introspection_cpp.so[0m
[3.087s] [ 82%] [32m[1mLinking CXX shared library libsquirtlebot_interfaces__rosidl_typesupport_fastrtps_c.so[0m
[3.135s] [ 82%] Built target squirtlebot_interfaces__rosidl_typesupport_introspection_cpp
[3.141s] [ 82%] Built target squirtlebot_interfaces__rosidl_typesupport_fastrtps_c
[3.158s] [ 83%] [32m[1mLinking CXX shared library libsquirtlebot_interfaces__rosidl_typesupport_fastrtps_cpp.so[0m
[3.209s] [ 83%] Built target squirtlebot_interfaces__rosidl_typesupport_fastrtps_cpp
[3.224s] [ 83%] Built target squirtlebot_interfaces
[3.240s] [ 84%] [34m[1mGenerating Python code for ROS interfaces[0m
[3.873s] [ 84%] Built target squirtlebot_interfaces__py
[3.896s] [ 86%] [32mBuilding C object CMakeFiles/squirtlebot_interfaces__rosidl_generator_py.dir/rosidl_generator_py/squirtlebot_interfaces/srv/_kill_squirtle_s.c.o[0m
[3.896s] [ 86%] [32mBuilding C object CMakeFiles/squirtlebot_interfaces__rosidl_generator_py.dir/rosidl_generator_py/squirtlebot_interfaces/msg/_active_squirtle_stats_s.c.o[0m
[3.897s] [ 88%] [32mBuilding C object CMakeFiles/squirtlebot_interfaces__rosidl_generator_py.dir/rosidl_generator_py/squirtlebot_interfaces/msg/_cancel_squirtle_move_s.c.o[0m
[3.898s] [ 89%] [32mBuilding C object CMakeFiles/squirtlebot_interfaces__rosidl_generator_py.dir/rosidl_generator_py/squirtlebot_interfaces/action/_squirtle_move_s.c.o[0m
[3.898s] [ 90%] [32mBuilding C object CMakeFiles/squirtlebot_interfaces__rosidl_generator_py.dir/rosidl_generator_py/squirtlebot_interfaces/srv/_spawn_squirtle_s.c.o[0m
[3.898s] [ 91%] [32mBuilding C object CMakeFiles/squirtlebot_interfaces__rosidl_generator_py.dir/rosidl_generator_py/squirtlebot_interfaces/msg/_kill_spawn_squirtle_s.c.o[0m
[4.027s] [ 92%] [32m[1mLinking C shared library libsquirtlebot_interfaces__rosidl_generator_py.so[0m
[4.058s] [ 92%] Built target squirtlebot_interfaces__rosidl_generator_py
[4.075s] [ 94%] [32mBuilding C object CMakeFiles/squirtlebot_interfaces_s__rosidl_typesupport_introspection_c.dir/rosidl_generator_py/squirtlebot_interfaces/_squirtlebot_interfaces_s.ep.rosidl_typesupport_introspection_c.c.o[0m
[4.077s] [ 95%] [32mBuilding C object CMakeFiles/squirtlebot_interfaces_s__rosidl_typesupport_fastrtps_c.dir/rosidl_generator_py/squirtlebot_interfaces/_squirtlebot_interfaces_s.ep.rosidl_typesupport_fastrtps_c.c.o[0m
[4.078s] [ 96%] [32mBuilding C object CMakeFiles/squirtlebot_interfaces_s__rosidl_typesupport_c.dir/rosidl_generator_py/squirtlebot_interfaces/_squirtlebot_interfaces_s.ep.rosidl_typesupport_c.c.o[0m
[4.166s] [ 97%] [32m[1mLinking C shared module rosidl_generator_py/squirtlebot_interfaces/squirtlebot_interfaces_s__rosidl_typesupport_introspection_c.so[0m
[4.171s] [100%] [32m[1mLinking C shared module rosidl_generator_py/squirtlebot_interfaces/squirtlebot_interfaces_s__rosidl_typesupport_c.so[0m
[4.171s] [100%] [32m[1mLinking C shared module rosidl_generator_py/squirtlebot_interfaces/squirtlebot_interfaces_s__rosidl_typesupport_fastrtps_c.so[0m
[4.194s] [100%] Built target squirtlebot_interfaces_s__rosidl_typesupport_fastrtps_c
[4.194s] [100%] Built target squirtlebot_interfaces_s__rosidl_typesupport_introspection_c
[4.195s] [100%] Built target squirtlebot_interfaces_s__rosidl_typesupport_c
[4.204s] Invoked command in '/home/ben-may/ROS_Workspaces/ros2_ws_finalproject/build/squirtlebot_interfaces' returned '0': CMAKE_PREFIX_PATH=${CMAKE_PREFIX_PATH}:/home/ben-may/ROS_Workspaces/ros2_ws_1/install/actions_py:/home/ben-may/ROS_Workspaces/ros2_ws_1/install/executors_py:/home/ben-may/ROS_Workspaces/ros2_ws_1/install/components_py:/home/ben-may/ROS_Workspaces/ros2_ws_moverobot/install/move_robot_py:/opt/ros/jazzy DEBUGINFOD_URLS=https://debuginfod.ubuntu.com /usr/bin/cmake --build /home/ben-may/ROS_Workspaces/ros2_ws_finalproject/build/squirtlebot_interfaces -- -j20 -l20
[4.211s] Invoking command in '/home/ben-may/ROS_Workspaces/ros2_ws_finalproject/build/squirtlebot_interfaces': CMAKE_PREFIX_PATH=${CMAKE_PREFIX_PATH}:/home/ben-may/ROS_Workspaces/ros2_ws_1/install/actions_py:/home/ben-may/ROS_Workspaces/ros2_ws_1/install/executors_py:/home/ben-may/ROS_Workspaces/ros2_ws_1/install/components_py:/home/ben-may/ROS_Workspaces/ros2_ws_moverobot/install/move_robot_py:/opt/ros/jazzy DEBUGINFOD_URLS=https://debuginfod.ubuntu.com /usr/bin/cmake --install /home/ben-may/ROS_Workspaces/ros2_ws_finalproject/build/squirtlebot_interfaces
[4.218s] -- Install configuration: ""
[4.218s] -- Up-to-date: /home/ben-may/ROS_Workspaces/ros2_ws_finalproject/install/squirtlebot_interfaces/share/ament_index/resource_index/rosidl_interfaces/squirtlebot_interfaces
[4.218s] -- Installing: /home/ben-may/ROS_Workspaces/ros2_ws_finalproject/install/squirtlebot_interfaces/share/squirtlebot_interfaces/action/SquirtleMove.json
[4.218s] -- Installing: /home/ben-may/ROS_Workspaces/ros2_ws_finalproject/install/squirtlebot_interfaces/share/squirtlebot_interfaces/msg/CancelSquirtleMove.json
[4.218s] -- Installing: /home/ben-may/ROS_Workspaces/ros2_ws_finalproject/install/squirtlebot_interfaces/share/squirtlebot_interfaces/msg/KillSpawnSquirtle.json
[4.218s] -- Installing: /home/ben-may/ROS_Workspaces/ros2_ws_finalproject/install/squirtlebot_interfaces/share/squirtlebot_interfaces/msg/ActiveSquirtleStats.json
[4.219s] -- Installing: /home/ben-may/ROS_Workspaces/ros2_ws_finalproject/install/squirtlebot_interfaces/share/squirtlebot_interfaces/srv/KillSquirtle.json
[4.219s] -- Installing: /home/ben-may/ROS_Workspaces/ros2_ws_finalproject/install/squirtlebot_interfaces/share/squirtlebot_interfaces/srv/SpawnSquirtle.json
[4.219s] -- Up-to-date: /home/ben-may/ROS_Workspaces/ros2_ws_finalproject/install/squirtlebot_interfaces/include/squirtlebot_interfaces/squirtlebot_interfaces
[4.219s] -- Up-to-date: /home/ben-may/ROS_Workspaces/ros2_ws_finalproject/install/squirtlebot_interfaces/include/squirtlebot_interfaces/squirtlebot_interfaces/action
[4.219s] -- Up-to-date: /home/ben-may/ROS_Workspaces/ros2_ws_finalproject/install/squirtlebot_interfaces/include/squirtlebot_interfaces/squirtlebot_interfaces/action/detail
[4.219s] -- Installing: /home/ben-may/ROS_Workspaces/ros2_ws_finalproject/install/squirtlebot_interfaces/include/squirtlebot_interfaces/squirtlebot_interfaces/action/detail/squirtle_move__functions.h
[4.219s] -- Installing: /home/ben-may/ROS_Workspaces/ros2_ws_finalproject/install/squirtlebot_interfaces/include/squirtlebot_interfaces/squirtlebot_interfaces/action/detail/squirtle_move__description.c
[4.219s] -- Installing: /home/ben-may/ROS_Workspaces/ros2_ws_finalproject/install/squirtlebot_interfaces/include/squirtlebot_interfaces/squirtlebot_interfaces/action/detail/squirtle_move__type_support.c
[4.219s] -- Installing: /home/ben-may/ROS_Workspaces/ros2_ws_finalproject/install/squirtlebot_interfaces/include/squirtlebot_interfaces/squirtlebot_interfaces/action/detail/squirtle_move__functions.c
[4.219s] -- Installing: /home/ben-may/ROS_Workspaces/ros2_ws_finalproject/install/squirtlebot_interfaces/include/squirtlebot_interfaces/squirtlebot_interfaces/action/detail/squirtle_move__type_support.h
[4.219s] -- Installing: /home/ben-may/ROS_Workspaces/ros2_ws_finalproject/install/squirtlebot_interfaces/include/squirtlebot_interfaces/squirtlebot_interfaces/action/detail/squirtle_move__struct.h
[4.219s] -- Installing: /home/ben-may/ROS_Workspaces/ros2_ws_finalproject/install/squirtlebot_interfaces/include/squirtlebot_interfaces/squirtlebot_interfaces/action/squirtle_move.h
[4.219s] -- Up-to-date: /home/ben-may/ROS_Workspaces/ros2_ws_finalproject/install/squirtlebot_interfaces/include/squirtlebot_interfaces/squirtlebot_interfaces/srv
[4.219s] -- Installing: /home/ben-may/ROS_Workspaces/ros2_ws_finalproject/install/squirtlebot_interfaces/include/squirtlebot_interfaces/squirtlebot_interfaces/srv/kill_squirtle.h
[4.219s] -- Up-to-date: /home/ben-may/ROS_Workspaces/ros2_ws_finalproject/install/squirtlebot_interfaces/include/squirtlebot_interfaces/squirtlebot_interfaces/srv/detail
[4.219s] -- Installing: /home/ben-may/ROS_Workspaces/ros2_ws_finalproject/install/squirtlebot_interfaces/include/squirtlebot_interfaces/squirtlebot_interfaces/srv/detail/kill_squirtle__struct.h
[4.219s] -- Installing: /home/ben-may/ROS_Workspaces/ros2_ws_finalproject/install/squirtlebot_interfaces/include/squirtlebot_interfaces/squirtlebot_interfaces/srv/detail/kill_squirtle__functions.c
[4.219s] -- Installing: /home/ben-may/ROS_Workspaces/ros2_ws_finalproject/install/squirtlebot_interfaces/include/squirtlebot_interfaces/squirtlebot_interfaces/srv/detail/spawn_squirtle__description.c
[4.219s] -- Installing: /home/ben-may/ROS_Workspaces/ros2_ws_finalproject/install/squirtlebot_interfaces/include/squirtlebot_interfaces/squirtlebot_interfaces/srv/detail/kill_squirtle__description.c
[4.219s] -- Installing: /home/ben-may/ROS_Workspaces/ros2_ws_finalproject/install/squirtlebot_interfaces/include/squirtlebot_interfaces/squirtlebot_interfaces/srv/detail/spawn_squirtle__type_support.c
[4.219s] -- Installing: /home/ben-may/ROS_Workspaces/ros2_ws_finalproject/install/squirtlebot_interfaces/include/squirtlebot_interfaces/squirtlebot_interfaces/srv/detail/kill_squirtle__type_support.c
[4.219s] -- Installing: /home/ben-may/ROS_Workspaces/ros2_ws_finalproject/install/squirtlebot_interfaces/include/squirtlebot_interfaces/squirtlebot_interfaces/srv/detail/spawn_squirtle__type_support.h
[4.219s] -- Installing: /home/ben-may/ROS_Workspaces/ros2_ws_finalproject/install/squirtlebot_interfaces/include/squirtlebot_interfaces/squirtlebot_interfaces/srv/detail/spawn_squirtle__functions.h
[4.220s] -- Installing: /home/ben-may/ROS_Workspaces/ros2_ws_finalproject/install/squirtlebot_interfaces/include/squirtlebot_interfaces/squirtlebot_interfaces/srv/detail/spawn_squirtle__functions.c
[4.220s] -- Installing: /home/ben-may/ROS_Workspaces/ros2_ws_finalproject/install/squirtlebot_interfaces/include/squirtlebot_interfaces/squirtlebot_interfaces/srv/detail/spawn_squirtle__struct.h
[4.220s] -- Installing: /home/ben-may/ROS_Workspaces/ros2_ws_finalproject/install/squirtlebot_interfaces/include/squirtlebot_interfaces/squirtlebot_interfaces/srv/detail/kill_squirtle__functions.h
[4.220s] -- Installing: /home/ben-may/ROS_Workspaces/ros2_ws_finalproject/install/squirtlebot_interfaces/include/squirtlebot_interfaces/squirtlebot_interfaces/srv/detail/kill_squirtle__type_support.h
[4.220s] -- Installing: /home/ben-may/ROS_Workspaces/ros2_ws_finalproject/install/squirtlebot_interfaces/include/squirtlebot_interfaces/squirtlebot_interfaces/srv/spawn_squirtle.h
[4.220s] -- Up-to-date: /home/ben-may/ROS_Workspaces/ros2_ws_finalproject/install/squirtlebot_interfaces/include/squirtlebot_interfaces/squirtlebot_interfaces/msg
[4.220s] -- Up-to-date: /home/ben-may/ROS_Workspaces/ros2_ws_finalproject/install/squirtlebot_interfaces/include/squirtlebot_interfaces/squirtlebot_interfaces/msg/detail
[4.220s] -- Installing: /home/ben-may/ROS_Workspaces/ros2_ws_finalproject/install/squirtlebot_interfaces/include/squirtlebot_interfaces/squirtlebot_interfaces/msg/detail/active_squirtle_stats__functions.c
[4.220s] -- Installing: /home/ben-may/ROS_Workspaces/ros2_ws_finalproject/install/squirtlebot_interfaces/include/squirtlebot_interfaces/squirtlebot_interfaces/msg/detail/kill_spawn_squirtle__functions.c
[4.220s] -- Installing: /home/ben-may/ROS_Workspaces/ros2_ws_finalproject/install/squirtlebot_interfaces/include/squirtlebot_interfaces/squirtlebot_interfaces/msg/detail/cancel_squirtle_move__type_support.c
[4.220s] -- Installing: /home/ben-may/ROS_Workspaces/ros2_ws_finalproject/install/squirtlebot_interfaces/include/squirtlebot_interfaces/squirtlebot_interfaces/msg/detail/kill_spawn_squirtle__type_support.h
[4.220s] -- Installing: /home/ben-may/ROS_Workspaces/ros2_ws_finalproject/install/squirtlebot_interfaces/include/squirtlebot_interfaces/squirtlebot_interfaces/msg/detail/active_squirtle_stats__description.c
[4.220s] -- Installing: /home/ben-may/ROS_Workspaces/ros2_ws_finalproject/install/squirtlebot_interfaces/include/squirtlebot_interfaces/squirtlebot_interfaces/msg/detail/cancel_squirtle_move__functions.h
[4.220s] -- Installing: /home/ben-may/ROS_Workspaces/ros2_ws_finalproject/install/squirtlebot_interfaces/include/squirtlebot_interfaces/squirtlebot_interfaces/msg/detail/active_squirtle_stats__struct.h
[4.220s] -- Installing: /home/ben-may/ROS_Workspaces/ros2_ws_finalproject/install/squirtlebot_interfaces/include/squirtlebot_interfaces/squirtlebot_interfaces/msg/detail/kill_spawn_squirtle__functions.h
[4.220s] -- Installing: /home/ben-may/ROS_Workspaces/ros2_ws_finalproject/install/squirtlebot_interfaces/include/squirtlebot_interfaces/squirtlebot_interfaces/msg/detail/cancel_squirtle_move__functions.c
[4.220s] -- Installing: /home/ben-may/ROS_Workspaces/ros2_ws_finalproject/install/squirtlebot_interfaces/include/squirtlebot_interfaces/squirtlebot_interfaces/msg/detail/cancel_squirtle_move__type_support.h
[4.220s] -- Installing: /home/ben-may/ROS_Workspaces/ros2_ws_finalproject/install/squirtlebot_interfaces/include/squirtlebot_interfaces/squirtlebot_interfaces/msg/detail/active_squirtle_stats__type_support.c
[4.220s] -- Installing: /home/ben-may/ROS_Workspaces/ros2_ws_finalproject/install/squirtlebot_interfaces/include/squirtlebot_interfaces/squirtlebot_interfaces/msg/detail/kill_spawn_squirtle__type_support.c
[4.220s] -- Installing: /home/ben-may/ROS_Workspaces/ros2_ws_finalproject/install/squirtlebot_interfaces/include/squirtlebot_interfaces/squirtlebot_interfaces/msg/detail/cancel_squirtle_move__struct.h
[4.220s] -- Installing: /home/ben-may/ROS_Workspaces/ros2_ws_finalproject/install/squirtlebot_interfaces/include/squirtlebot_interfaces/squirtlebot_interfaces/msg/detail/active_squirtle_stats__type_support.h
[4.220s] -- Installing: /home/ben-may/ROS_Workspaces/ros2_ws_finalproject/install/squirtlebot_interfaces/include/squirtlebot_interfaces/squirtlebot_interfaces/msg/detail/kill_spawn_squirtle__description.c
[4.220s] -- Installing: /home/ben-may/ROS_Workspaces/ros2_ws_finalproject/install/squirtlebot_interfaces/include/squirtlebot_interfaces/squirtlebot_interfaces/msg/detail/cancel_squirtle_move__description.c
[4.220s] -- Installing: /home/ben-may/ROS_Workspaces/ros2_ws_finalproject/install/squirtlebot_interfaces/include/squirtlebot_interfaces/squirtlebot_interfaces/msg/detail/active_squirtle_stats__functions.h
[4.220s] -- Installing: /home/ben-may/ROS_Workspaces/ros2_ws_finalproject/install/squirtlebot_interfaces/include/squirtlebot_interfaces/squirtlebot_interfaces/msg/detail/kill_spawn_squirtle__struct.h
[4.220s] -- Up-to-date: /home/ben-may/ROS_Workspaces/ros2_ws_finalproject/install/squirtlebot_interfaces/include/squirtlebot_interfaces/squirtlebot_interfaces/msg/rosidl_generator_c__visibility_control.h
[4.221s] -- Installing: /home/ben-may/ROS_Workspaces/ros2_ws_finalproject/install/squirtlebot_interfaces/include/squirtlebot_interfaces/squirtlebot_interfaces/msg/kill_spawn_squirtle.h
[4.221s] -- Installing: /home/ben-may/ROS_Workspaces/ros2_ws_finalproject/install/squirtlebot_interfaces/include/squirtlebot_interfaces/squirtlebot_interfaces/msg/cancel_squirtle_move.h
[4.221s] -- Installing: /home/ben-may/ROS_Workspaces/ros2_ws_finalproject/install/squirtlebot_interfaces/include/squirtlebot_interfaces/squirtlebot_interfaces/msg/active_squirtle_stats.h
[4.221s] -- Up-to-date: /home/ben-may/ROS_Workspaces/ros2_ws_finalproject/install/squirtlebot_interfaces/share/squirtlebot_interfaces/environment/library_path.sh
[4.221s] -- Up-to-date: /home/ben-may/ROS_Workspaces/ros2_ws_finalproject/install/squirtlebot_interfaces/share/squirtlebot_interfaces/environment/library_path.dsv
[4.221s] -- Installing: /home/ben-may/ROS_Workspaces/ros2_ws_finalproject/install/squirtlebot_interfaces/lib/libsquirtlebot_interfaces__rosidl_generator_c.so
[4.221s] -- Set non-toolchain portion of runtime path of "/home/ben-may/ROS_Workspaces/ros2_ws_finalproject/install/squirtlebot_interfaces/lib/libsquirtlebot_interfaces__rosidl_generator_c.so" to ""
[4.221s] -- Up-to-date: /home/ben-may/ROS_Workspaces/ros2_ws_finalproject/install/squirtlebot_interfaces/include/squirtlebot_interfaces/squirtlebot_interfaces
[4.221s] -- Up-to-date: /home/ben-may/ROS_Workspaces/ros2_ws_finalproject/install/squirtlebot_interfaces/include/squirtlebot_interfaces/squirtlebot_interfaces/action
[4.221s] -- Up-to-date: /home/ben-may/ROS_Workspaces/ros2_ws_finalproject/install/squirtlebot_interfaces/include/squirtlebot_interfaces/squirtlebot_interfaces/action/detail
[4.221s] -- Installing: /home/ben-may/ROS_Workspaces/ros2_ws_finalproject/install/squirtlebot_interfaces/include/squirtlebot_interfaces/squirtlebot_interfaces/action/detail/squirtle_move__rosidl_typesupport_fastrtps_c.h
[4.221s] -- Up-to-date: /home/ben-may/ROS_Workspaces/ros2_ws_finalproject/install/squirtlebot_interfaces/include/squirtlebot_interfaces/squirtlebot_interfaces/srv
[4.221s] -- Up-to-date: /home/ben-may/ROS_Workspaces/ros2_ws_finalproject/install/squirtlebot_interfaces/include/squirtlebot_interfaces/squirtlebot_interfaces/srv/detail
[4.221s] -- Installing: /home/ben-may/ROS_Workspaces/ros2_ws_finalproject/install/squirtlebot_interfaces/include/squirtlebot_interfaces/squirtlebot_interfaces/srv/detail/kill_squirtle__rosidl_typesupport_fastrtps_c.h
[4.221s] -- Installing: /home/ben-may/ROS_Workspaces/ros2_ws_finalproject/install/squirtlebot_interfaces/include/squirtlebot_interfaces/squirtlebot_interfaces/srv/detail/spawn_squirtle__rosidl_typesupport_fastrtps_c.h
[4.221s] -- Up-to-date: /home/ben-may/ROS_Workspaces/ros2_ws_finalproject/install/squirtlebot_interfaces/include/squirtlebot_interfaces/squirtlebot_interfaces/msg
[4.221s] -- Up-to-date: /home/ben-may/ROS_Workspaces/ros2_ws_finalproject/install/squirtlebot_interfaces/include/squirtlebot_interfaces/squirtlebot_interfaces/msg/rosidl_typesupport_fastrtps_c__visibility_control.h
[4.221s] -- Up-to-date: /home/ben-may/ROS_Workspaces/ros2_ws_finalproject/install/squirtlebot_interfaces/include/squirtlebot_interfaces/squirtlebot_interfaces/msg/detail
[4.221s] -- Installing: /home/ben-may/ROS_Workspaces/ros2_ws_finalproject/install/squirtlebot_interfaces/include/squirtlebot_interfaces/squirtlebot_interfaces/msg/detail/active_squirtle_stats__rosidl_typesupport_fastrtps_c.h
[4.221s] -- Installing: /home/ben-may/ROS_Workspaces/ros2_ws_finalproject/install/squirtlebot_interfaces/include/squirtlebot_interfaces/squirtlebot_interfaces/msg/detail/kill_spawn_squirtle__rosidl_typesupport_fastrtps_c.h
[4.221s] -- Installing: /home/ben-may/ROS_Workspaces/ros2_ws_finalproject/install/squirtlebot_interfaces/include/squirtlebot_interfaces/squirtlebot_interfaces/msg/detail/cancel_squirtle_move__rosidl_typesupport_fastrtps_c.h
[4.221s] -- Installing: /home/ben-may/ROS_Workspaces/ros2_ws_finalproject/install/squirtlebot_interfaces/lib/libsquirtlebot_interfaces__rosidl_typesupport_fastrtps_c.so
[4.221s] -- Set non-toolchain portion of runtime path of "/home/ben-may/ROS_Workspaces/ros2_ws_finalproject/install/squirtlebot_interfaces/lib/libsquirtlebot_interfaces__rosidl_typesupport_fastrtps_c.so" to ""
[4.221s] -- Up-to-date: /home/ben-may/ROS_Workspaces/ros2_ws_finalproject/install/squirtlebot_interfaces/include/squirtlebot_interfaces/squirtlebot_interfaces
[4.222s] -- Up-to-date: /home/ben-may/ROS_Workspaces/ros2_ws_finalproject/install/squirtlebot_interfaces/include/squirtlebot_interfaces/squirtlebot_interfaces/action
[4.222s] -- Up-to-date: /home/ben-may/ROS_Workspaces/ros2_ws_finalproject/install/squirtlebot_interfaces/include/squirtlebot_interfaces/squirtlebot_interfaces/action/detail
[4.222s] -- Installing: /home/ben-may/ROS_Workspaces/ros2_ws_finalproject/install/squirtlebot_interfaces/include/squirtlebot_interfaces/squirtlebot_interfaces/action/detail/squirtle_move__rosidl_typesupport_introspection_c.h
[4.222s] -- Installing: /home/ben-may/ROS_Workspaces/ros2_ws_finalproject/install/squirtlebot_interfaces/include/squirtlebot_interfaces/squirtlebot_interfaces/action/detail/squirtle_move__type_support.c
[4.222s] -- Up-to-date: /home/ben-may/ROS_Workspaces/ros2_ws_finalproject/install/squirtlebot_interfaces/include/squirtlebot_interfaces/squirtlebot_interfaces/srv
[4.222s] -- Up-to-date: /home/ben-may/ROS_Workspaces/ros2_ws_finalproject/install/squirtlebot_interfaces/include/squirtlebot_interfaces/squirtlebot_interfaces/srv/detail
[4.222s] -- Up-to-date: /home/ben-may/ROS_Workspaces/ros2_ws_finalproject/install/squirtlebot_interfaces/include/squirtlebot_interfaces/squirtlebot_interfaces/srv/detail/spawn_squirtle__type_support.c
[4.222s] -- Up-to-date: /home/ben-may/ROS_Workspaces/ros2_ws_finalproject/install/squirtlebot_interfaces/include/squirtlebot_interfaces/squirtlebot_interfaces/srv/detail/kill_squirtle__type_support.c
[4.222s] -- Installing: /home/ben-may/ROS_Workspaces/ros2_ws_finalproject/install/squirtlebot_interfaces/include/squirtlebot_interfaces/squirtlebot_interfaces/srv/detail/spawn_squirtle__rosidl_typesupport_introspection_c.h
[4.222s] -- Installing: /home/ben-may/ROS_Workspaces/ros2_ws_finalproject/install/squirtlebot_interfaces/include/squirtlebot_interfaces/squirtlebot_interfaces/srv/detail/kill_squirtle__rosidl_typesupport_introspection_c.h
[4.222s] -- Up-to-date: /home/ben-may/ROS_Workspaces/ros2_ws_finalproject/install/squirtlebot_interfaces/include/squirtlebot_interfaces/squirtlebot_interfaces/msg
[4.222s] -- Up-to-date: /home/ben-may/ROS_Workspaces/ros2_ws_finalproject/install/squirtlebot_interfaces/include/squirtlebot_interfaces/squirtlebot_interfaces/msg/rosidl_typesupport_introspection_c__visibility_control.h
[4.222s] -- Up-to-date: /home/ben-may/ROS_Workspaces/ros2_ws_finalproject/install/squirtlebot_interfaces/include/squirtlebot_interfaces/squirtlebot_interfaces/msg/detail
[4.222s] -- Up-to-date: /home/ben-may/ROS_Workspaces/ros2_ws_finalproject/install/squirtlebot_interfaces/include/squirtlebot_interfaces/squirtlebot_interfaces/msg/detail/cancel_squirtle_move__type_support.c
[4.222s] -- Installing: /home/ben-may/ROS_Workspaces/ros2_ws_finalproject/install/squirtlebot_interfaces/include/squirtlebot_interfaces/squirtlebot_interfaces/msg/detail/active_squirtle_stats__rosidl_typesupport_introspection_c.h
[4.222s] -- Installing: /home/ben-may/ROS_Workspaces/ros2_ws_finalproject/install/squirtlebot_interfaces/include/squirtlebot_interfaces/squirtlebot_interfaces/msg/detail/kill_spawn_squirtle__rosidl_typesupport_introspection_c.h
[4.222s] -- Installing: /home/ben-may/ROS_Workspaces/ros2_ws_finalproject/install/squirtlebot_interfaces/include/squirtlebot_interfaces/squirtlebot_interfaces/msg/detail/active_squirtle_stats__type_support.c
[4.222s] -- Up-to-date: /home/ben-may/ROS_Workspaces/ros2_ws_finalproject/install/squirtlebot_interfaces/include/squirtlebot_interfaces/squirtlebot_interfaces/msg/detail/kill_spawn_squirtle__type_support.c
[4.222s] -- Installing: /home/ben-may/ROS_Workspaces/ros2_ws_finalproject/install/squirtlebot_interfaces/include/squirtlebot_interfaces/squirtlebot_interfaces/msg/detail/cancel_squirtle_move__rosidl_typesupport_introspection_c.h
[4.222s] -- Installing: /home/ben-may/ROS_Workspaces/ros2_ws_finalproject/install/squirtlebot_interfaces/lib/libsquirtlebot_interfaces__rosidl_typesupport_introspection_c.so
[4.222s] -- Set non-toolchain portion of runtime path of "/home/ben-may/ROS_Workspaces/ros2_ws_finalproject/install/squirtlebot_interfaces/lib/libsquirtlebot_interfaces__rosidl_typesupport_introspection_c.so" to ""
[4.222s] -- Installing: /home/ben-may/ROS_Workspaces/ros2_ws_finalproject/install/squirtlebot_interfaces/lib/libsquirtlebot_interfaces__rosidl_typesupport_c.so
[4.222s] -- Set non-toolchain portion of runtime path of "/home/ben-may/ROS_Workspaces/ros2_ws_finalproject/install/squirtlebot_interfaces/lib/libsquirtlebot_interfaces__rosidl_typesupport_c.so" to ""
[4.222s] -- Up-to-date: /home/ben-may/ROS_Workspaces/ros2_ws_finalproject/install/squirtlebot_interfaces/include/squirtlebot_interfaces/squirtlebot_interfaces
[4.222s] -- Up-to-date: /home/ben-may/ROS_Workspaces/ros2_ws_finalproject/install/squirtlebot_interfaces/include/squirtlebot_interfaces/squirtlebot_interfaces/action
[4.222s] -- Up-to-date: /home/ben-may/ROS_Workspaces/ros2_ws_finalproject/install/squirtlebot_interfaces/include/squirtlebot_interfaces/squirtlebot_interfaces/action/detail
[4.223s] -- Installing: /home/ben-may/ROS_Workspaces/ros2_ws_finalproject/install/squirtlebot_interfaces/include/squirtlebot_interfaces/squirtlebot_interfaces/action/detail/squirtle_move__type_support.hpp
[4.223s] -- Installing: /home/ben-may/ROS_Workspaces/ros2_ws_finalproject/install/squirtlebot_interfaces/include/squirtlebot_interfaces/squirtlebot_interfaces/action/detail/squirtle_move__struct.hpp
[4.223s] -- Installing: /home/ben-may/ROS_Workspaces/ros2_ws_finalproject/install/squirtlebot_interfaces/include/squirtlebot_interfaces/squirtlebot_interfaces/action/detail/squirtle_move__traits.hpp
[4.223s] -- Installing: /home/ben-may/ROS_Workspaces/ros2_ws_finalproject/install/squirtlebot_interfaces/include/squirtlebot_interfaces/squirtlebot_interfaces/action/detail/squirtle_move__builder.hpp
[4.223s] -- Installing: /home/ben-may/ROS_Workspaces/ros2_ws_finalproject/install/squirtlebot_interfaces/include/squirtlebot_interfaces/squirtlebot_interfaces/action/squirtle_move.hpp
[4.223s] -- Up-to-date: /home/ben-may/ROS_Workspaces/ros2_ws_finalproject/install/squirtlebot_interfaces/include/squirtlebot_interfaces/squirtlebot_interfaces/srv
[4.223s] -- Up-to-date: /home/ben-may/ROS_Workspaces/ros2_ws_finalproject/install/squirtlebot_interfaces/include/squirtlebot_interfaces/squirtlebot_interfaces/srv/detail
[4.223s] -- Installing: /home/ben-may/ROS_Workspaces/ros2_ws_finalproject/install/squirtlebot_interfaces/include/squirtlebot_interfaces/squirtlebot_interfaces/srv/detail/spawn_squirtle__builder.hpp
[4.223s] -- Installing: /home/ben-may/ROS_Workspaces/ros2_ws_finalproject/install/squirtlebot_interfaces/include/squirtlebot_interfaces/squirtlebot_interfaces/srv/detail/spawn_squirtle__traits.hpp
[4.223s] -- Installing: /home/ben-may/ROS_Workspaces/ros2_ws_finalproject/install/squirtlebot_interfaces/include/squirtlebot_interfaces/squirtlebot_interfaces/srv/detail/kill_squirtle__builder.hpp
[4.223s] -- Installing: /home/ben-may/ROS_Workspaces/ros2_ws_finalproject/install/squirtlebot_interfaces/include/squirtlebot_interfaces/squirtlebot_interfaces/srv/detail/kill_squirtle__traits.hpp
[4.223s] -- Installing: /home/ben-may/ROS_Workspaces/ros2_ws_finalproject/install/squirtlebot_interfaces/include/squirtlebot_interfaces/squirtlebot_interfaces/srv/detail/kill_squirtle__struct.hpp
[4.223s] -- Installing: /home/ben-may/ROS_Workspaces/ros2_ws_finalproject/install/squirtlebot_interfaces/include/squirtlebot_interfaces/squirtlebot_interfaces/srv/detail/spawn_squirtle__struct.hpp
[4.223s] -- Installing: /home/ben-may/ROS_Workspaces/ros2_ws_finalproject/install/squirtlebot_interfaces/include/squirtlebot_interfaces/squirtlebot_interfaces/srv/detail/spawn_squirtle__type_support.hpp
[4.223s] -- Installing: /home/ben-may/ROS_Workspaces/ros2_ws_finalproject/install/squirtlebot_interfaces/include/squirtlebot_interfaces/squirtlebot_interfaces/srv/detail/kill_squirtle__type_support.hpp
[4.223s] -- Installing: /home/ben-may/ROS_Workspaces/ros2_ws_finalproject/install/squirtlebot_interfaces/include/squirtlebot_interfaces/squirtlebot_interfaces/srv/spawn_squirtle.hpp
[4.223s] -- Installing: /home/ben-may/ROS_Workspaces/ros2_ws_finalproject/install/squirtlebot_interfaces/include/squirtlebot_interfaces/squirtlebot_interfaces/srv/kill_squirtle.hpp
[4.223s] -- Up-to-date: /home/ben-may/ROS_Workspaces/ros2_ws_finalproject/install/squirtlebot_interfaces/include/squirtlebot_interfaces/squirtlebot_interfaces/msg
[4.223s] -- Installing: /home/ben-may/ROS_Workspaces/ros2_ws_finalproject/install/squirtlebot_interfaces/include/squirtlebot_interfaces/squirtlebot_interfaces/msg/rosidl_generator_cpp__visibility_control.hpp
[4.223s] -- Up-to-date: /home/ben-may/ROS_Workspaces/ros2_ws_finalproject/install/squirtlebot_interfaces/include/squirtlebot_interfaces/squirtlebot_interfaces/msg/detail
[4.223s] -- Installing: /home/ben-may/ROS_Workspaces/ros2_ws_finalproject/install/squirtlebot_interfaces/include/squirtlebot_interfaces/squirtlebot_interfaces/msg/detail/kill_spawn_squirtle__builder.hpp
[4.223s] -- Installing: /home/ben-may/ROS_Workspaces/ros2_ws_finalproject/install/squirtlebot_interfaces/include/squirtlebot_interfaces/squirtlebot_interfaces/msg/detail/active_squirtle_stats__type_support.hpp
[4.223s] -- Installing: /home/ben-may/ROS_Workspaces/ros2_ws_finalproject/install/squirtlebot_interfaces/include/squirtlebot_interfaces/squirtlebot_interfaces/msg/detail/active_squirtle_stats__struct.hpp
[4.223s] -- Installing: /home/ben-may/ROS_Workspaces/ros2_ws_finalproject/install/squirtlebot_interfaces/include/squirtlebot_interfaces/squirtlebot_interfaces/msg/detail/active_squirtle_stats__traits.hpp
[4.224s] -- Installing: /home/ben-may/ROS_Workspaces/ros2_ws_finalproject/install/squirtlebot_interfaces/include/squirtlebot_interfaces/squirtlebot_interfaces/msg/detail/cancel_squirtle_move__type_support.hpp
[4.224s] -- Installing: /home/ben-may/ROS_Workspaces/ros2_ws_finalproject/install/squirtlebot_interfaces/include/squirtlebot_interfaces/squirtlebot_interfaces/msg/detail/cancel_squirtle_move__builder.hpp
[4.224s] -- Installing: /home/ben-may/ROS_Workspaces/ros2_ws_finalproject/install/squirtlebot_interfaces/include/squirtlebot_interfaces/squirtlebot_interfaces/msg/detail/active_squirtle_stats__builder.hpp
[4.224s] -- Installing: /home/ben-may/ROS_Workspaces/ros2_ws_finalproject/install/squirtlebot_interfaces/include/squirtlebot_interfaces/squirtlebot_interfaces/msg/detail/cancel_squirtle_move__struct.hpp
[4.224s] -- Installing: /home/ben-may/ROS_Workspaces/ros2_ws_finalproject/install/squirtlebot_interfaces/include/squirtlebot_interfaces/squirtlebot_interfaces/msg/detail/kill_spawn_squirtle__type_support.hpp
[4.224s] -- Installing: /home/ben-may/ROS_Workspaces/ros2_ws_finalproject/install/squirtlebot_interfaces/include/squirtlebot_interfaces/squirtlebot_interfaces/msg/detail/kill_spawn_squirtle__traits.hpp
[4.224s] -- Installing: /home/ben-may/ROS_Workspaces/ros2_ws_finalproject/install/squirtlebot_interfaces/include/squirtlebot_interfaces/squirtlebot_interfaces/msg/detail/kill_spawn_squirtle__struct.hpp
[4.224s] -- Installing: /home/ben-may/ROS_Workspaces/ros2_ws_finalproject/install/squirtlebot_interfaces/include/squirtlebot_interfaces/squirtlebot_interfaces/msg/detail/cancel_squirtle_move__traits.hpp
[4.224s] -- Installing: /home/ben-may/ROS_Workspaces/ros2_ws_finalproject/install/squirtlebot_interfaces/include/squirtlebot_interfaces/squirtlebot_interfaces/msg/active_squirtle_stats.hpp
[4.224s] -- Installing: /home/ben-may/ROS_Workspaces/ros2_ws_finalproject/install/squirtlebot_interfaces/include/squirtlebot_interfaces/squirtlebot_interfaces/msg/kill_spawn_squirtle.hpp
[4.224s] -- Installing: /home/ben-may/ROS_Workspaces/ros2_ws_finalproject/install/squirtlebot_interfaces/include/squirtlebot_interfaces/squirtlebot_interfaces/msg/cancel_squirtle_move.hpp
[4.224s] -- Up-to-date: /home/ben-may/ROS_Workspaces/ros2_ws_finalproject/install/squirtlebot_interfaces/include/squirtlebot_interfaces/squirtlebot_interfaces
[4.224s] -- Up-to-date: /home/ben-may/ROS_Workspaces/ros2_ws_finalproject/install/squirtlebot_interfaces/include/squirtlebot_interfaces/squirtlebot_interfaces/action
[4.224s] -- Up-to-date: /home/ben-may/ROS_Workspaces/ros2_ws_finalproject/install/squirtlebot_interfaces/include/squirtlebot_interfaces/squirtlebot_interfaces/action/detail
[4.224s] -- Up-to-date: /home/ben-may/ROS_Workspaces/ros2_ws_finalproject/install/squirtlebot_interfaces/include/squirtlebot_interfaces/squirtlebot_interfaces/action/detail/dds_fastrtps
[4.224s] -- Installing: /home/ben-may/ROS_Workspaces/ros2_ws_finalproject/install/squirtlebot_interfaces/include/squirtlebot_interfaces/squirtlebot_interfaces/action/detail/squirtle_move__rosidl_typesupport_fastrtps_cpp.hpp
[4.224s] -- Up-to-date: /home/ben-may/ROS_Workspaces/ros2_ws_finalproject/install/squirtlebot_interfaces/include/squirtlebot_interfaces/squirtlebot_interfaces/srv
[4.224s] -- Up-to-date: /home/ben-may/ROS_Workspaces/ros2_ws_finalproject/install/squirtlebot_interfaces/include/squirtlebot_interfaces/squirtlebot_interfaces/srv/detail
[4.224s] -- Up-to-date: /home/ben-may/ROS_Workspaces/ros2_ws_finalproject/install/squirtlebot_interfaces/include/squirtlebot_interfaces/squirtlebot_interfaces/srv/detail/dds_fastrtps
[4.224s] -- Installing: /home/ben-may/ROS_Workspaces/ros2_ws_finalproject/install/squirtlebot_interfaces/include/squirtlebot_interfaces/squirtlebot_interfaces/srv/detail/kill_squirtle__rosidl_typesupport_fastrtps_cpp.hpp
[4.224s] -- Installing: /home/ben-may/ROS_Workspaces/ros2_ws_finalproject/install/squirtlebot_interfaces/include/squirtlebot_interfaces/squirtlebot_interfaces/srv/detail/spawn_squirtle__rosidl_typesupport_fastrtps_cpp.hpp
[4.224s] -- Up-to-date: /home/ben-may/ROS_Workspaces/ros2_ws_finalproject/install/squirtlebot_interfaces/include/squirtlebot_interfaces/squirtlebot_interfaces/msg
[4.224s] -- Up-to-date: /home/ben-may/ROS_Workspaces/ros2_ws_finalproject/install/squirtlebot_interfaces/include/squirtlebot_interfaces/squirtlebot_interfaces/msg/rosidl_typesupport_fastrtps_cpp__visibility_control.h
[4.224s] -- Up-to-date: /home/ben-may/ROS_Workspaces/ros2_ws_finalproject/install/squirtlebot_interfaces/include/squirtlebot_interfaces/squirtlebot_interfaces/msg/detail
[4.224s] -- Up-to-date: /home/ben-may/ROS_Workspaces/ros2_ws_finalproject/install/squirtlebot_interfaces/include/squirtlebot_interfaces/squirtlebot_interfaces/msg/detail/dds_fastrtps
[4.225s] -- Installing: /home/ben-may/ROS_Workspaces/ros2_ws_finalproject/install/squirtlebot_interfaces/include/squirtlebot_interfaces/squirtlebot_interfaces/msg/detail/active_squirtle_stats__rosidl_typesupport_fastrtps_cpp.hpp
[4.225s] -- Installing: /home/ben-may/ROS_Workspaces/ros2_ws_finalproject/install/squirtlebot_interfaces/include/squirtlebot_interfaces/squirtlebot_interfaces/msg/detail/kill_spawn_squirtle__rosidl_typesupport_fastrtps_cpp.hpp
[4.225s] -- Installing: /home/ben-may/ROS_Workspaces/ros2_ws_finalproject/install/squirtlebot_interfaces/include/squirtlebot_interfaces/squirtlebot_interfaces/msg/detail/cancel_squirtle_move__rosidl_typesupport_fastrtps_cpp.hpp
[4.225s] -- Installing: /home/ben-may/ROS_Workspaces/ros2_ws_finalproject/install/squirtlebot_interfaces/lib/libsquirtlebot_interfaces__rosidl_typesupport_fastrtps_cpp.so
[4.225s] -- Set non-toolchain portion of runtime path of "/home/ben-may/ROS_Workspaces/ros2_ws_finalproject/install/squirtlebot_interfaces/lib/libsquirtlebot_interfaces__rosidl_typesupport_fastrtps_cpp.so" to ""
[4.225s] -- Up-to-date: /home/ben-may/ROS_Workspaces/ros2_ws_finalproject/install/squirtlebot_interfaces/include/squirtlebot_interfaces/squirtlebot_interfaces
[4.225s] -- Up-to-date: /home/ben-may/ROS_Workspaces/ros2_ws_finalproject/install/squirtlebot_interfaces/include/squirtlebot_interfaces/squirtlebot_interfaces/action
[4.225s] -- Up-to-date: /home/ben-may/ROS_Workspaces/ros2_ws_finalproject/install/squirtlebot_interfaces/include/squirtlebot_interfaces/squirtlebot_interfaces/action/detail
[4.225s] -- Installing: /home/ben-may/ROS_Workspaces/ros2_ws_finalproject/install/squirtlebot_interfaces/include/squirtlebot_interfaces/squirtlebot_interfaces/action/detail/squirtle_move__rosidl_typesupport_introspection_cpp.hpp
[4.225s] -- Installing: /home/ben-may/ROS_Workspaces/ros2_ws_finalproject/install/squirtlebot_interfaces/include/squirtlebot_interfaces/squirtlebot_interfaces/action/detail/squirtle_move__type_support.cpp
[4.225s] -- Up-to-date: /home/ben-may/ROS_Workspaces/ros2_ws_finalproject/install/squirtlebot_interfaces/include/squirtlebot_interfaces/squirtlebot_interfaces/srv
[4.225s] -- Up-to-date: /home/ben-may/ROS_Workspaces/ros2_ws_finalproject/install/squirtlebot_interfaces/include/squirtlebot_interfaces/squirtlebot_interfaces/srv/detail
[4.225s] -- Installing: /home/ben-may/ROS_Workspaces/ros2_ws_finalproject/install/squirtlebot_interfaces/include/squirtlebot_interfaces/squirtlebot_interfaces/srv/detail/spawn_squirtle__type_support.cpp
[4.225s] -- Installing: /home/ben-may/ROS_Workspaces/ros2_ws_finalproject/install/squirtlebot_interfaces/include/squirtlebot_interfaces/squirtlebot_interfaces/srv/detail/kill_squirtle__rosidl_typesupport_introspection_cpp.hpp
[4.225s] -- Installing: /home/ben-may/ROS_Workspaces/ros2_ws_finalproject/install/squirtlebot_interfaces/include/squirtlebot_interfaces/squirtlebot_interfaces/srv/detail/kill_squirtle__type_support.cpp
[4.225s] -- Installing: /home/ben-may/ROS_Workspaces/ros2_ws_finalproject/install/squirtlebot_interfaces/include/squirtlebot_interfaces/squirtlebot_interfaces/srv/detail/spawn_squirtle__rosidl_typesupport_introspection_cpp.hpp
[4.225s] -- Up-to-date: /home/ben-may/ROS_Workspaces/ros2_ws_finalproject/install/squirtlebot_interfaces/include/squirtlebot_interfaces/squirtlebot_interfaces/msg
[4.225s] -- Up-to-date: /home/ben-may/ROS_Workspaces/ros2_ws_finalproject/install/squirtlebot_interfaces/include/squirtlebot_interfaces/squirtlebot_interfaces/msg/detail
[4.225s] -- Installing: /home/ben-may/ROS_Workspaces/ros2_ws_finalproject/install/squirtlebot_interfaces/include/squirtlebot_interfaces/squirtlebot_interfaces/msg/detail/cancel_squirtle_move__rosidl_typesupport_introspection_cpp.hpp
[4.225s] -- Installing: /home/ben-may/ROS_Workspaces/ros2_ws_finalproject/install/squirtlebot_interfaces/include/squirtlebot_interfaces/squirtlebot_interfaces/msg/detail/kill_spawn_squirtle__type_support.cpp
[4.225s] -- Installing: /home/ben-may/ROS_Workspaces/ros2_ws_finalproject/install/squirtlebot_interfaces/include/squirtlebot_interfaces/squirtlebot_interfaces/msg/detail/kill_spawn_squirtle__rosidl_typesupport_introspection_cpp.hpp
[4.225s] -- Installing: /home/ben-may/ROS_Workspaces/ros2_ws_finalproject/install/squirtlebot_interfaces/include/squirtlebot_interfaces/squirtlebot_interfaces/msg/detail/active_squirtle_stats__rosidl_typesupport_introspection_cpp.hpp
[4.225s] -- Installing: /home/ben-may/ROS_Workspaces/ros2_ws_finalproject/install/squirtlebot_interfaces/include/squirtlebot_interfaces/squirtlebot_interfaces/msg/detail/active_squirtle_stats__type_support.cpp
[4.225s] -- Installing: /home/ben-may/ROS_Workspaces/ros2_ws_finalproject/install/squirtlebot_interfaces/include/squirtlebot_interfaces/squirtlebot_interfaces/msg/detail/cancel_squirtle_move__type_support.cpp
[4.225s] -- Installing: /home/ben-may/ROS_Workspaces/ros2_ws_finalproject/install/squirtlebot_interfaces/lib/libsquirtlebot_interfaces__rosidl_typesupport_introspection_cpp.so
[4.226s] -- Set non-toolchain portion of runtime path of "/home/ben-may/ROS_Workspaces/ros2_ws_finalproject/install/squirtlebot_interfaces/lib/libsquirtlebot_interfaces__rosidl_typesupport_introspection_cpp.so" to ""
[4.226s] -- Installing: /home/ben-may/ROS_Workspaces/ros2_ws_finalproject/install/squirtlebot_interfaces/lib/libsquirtlebot_interfaces__rosidl_typesupport_cpp.so
[4.226s] -- Set non-toolchain portion of runtime path of "/home/ben-may/ROS_Workspaces/ros2_ws_finalproject/install/squirtlebot_interfaces/lib/libsquirtlebot_interfaces__rosidl_typesupport_cpp.so" to ""
[4.226s] -- Up-to-date: /home/ben-may/ROS_Workspaces/ros2_ws_finalproject/install/squirtlebot_interfaces/share/squirtlebot_interfaces/environment/pythonpath.sh
[4.226s] -- Up-to-date: /home/ben-may/ROS_Workspaces/ros2_ws_finalproject/install/squirtlebot_interfaces/share/squirtlebot_interfaces/environment/pythonpath.dsv
[4.226s] -- Up-to-date: /home/ben-may/ROS_Workspaces/ros2_ws_finalproject/install/squirtlebot_interfaces/lib/python3.12/site-packages/squirtlebot_interfaces-0.0.0-py3.12.egg-info
[4.226s] -- Installing: /home/ben-may/ROS_Workspaces/ros2_ws_finalproject/install/squirtlebot_interfaces/lib/python3.12/site-packages/squirtlebot_interfaces-0.0.0-py3.12.egg-info/dependency_links.txt
[4.226s] -- Installing: /home/ben-may/ROS_Workspaces/ros2_ws_finalproject/install/squirtlebot_interfaces/lib/python3.12/site-packages/squirtlebot_interfaces-0.0.0-py3.12.egg-info/SOURCES.txt
[4.226s] -- Installing: /home/ben-may/ROS_Workspaces/ros2_ws_finalproject/install/squirtlebot_interfaces/lib/python3.12/site-packages/squirtlebot_interfaces-0.0.0-py3.12.egg-info/PKG-INFO
[4.226s] -- Installing: /home/ben-may/ROS_Workspaces/ros2_ws_finalproject/install/squirtlebot_interfaces/lib/python3.12/site-packages/squirtlebot_interfaces-0.0.0-py3.12.egg-info/top_level.txt
[4.226s] -- Up-to-date: /home/ben-may/ROS_Workspaces/ros2_ws_finalproject/install/squirtlebot_interfaces/lib/python3.12/site-packages/squirtlebot_interfaces
[4.226s] -- Installing: /home/ben-may/ROS_Workspaces/ros2_ws_finalproject/install/squirtlebot_interfaces/lib/python3.12/site-packages/squirtlebot_interfaces/__init__.py
[4.226s] -- Up-to-date: /home/ben-may/ROS_Workspaces/ros2_ws_finalproject/install/squirtlebot_interfaces/lib/python3.12/site-packages/squirtlebot_interfaces/action
[4.226s] -- Installing: /home/ben-may/ROS_Workspaces/ros2_ws_finalproject/install/squirtlebot_interfaces/lib/python3.12/site-packages/squirtlebot_interfaces/action/__init__.py
[4.226s] -- Installing: /home/ben-may/ROS_Workspaces/ros2_ws_finalproject/install/squirtlebot_interfaces/lib/python3.12/site-packages/squirtlebot_interfaces/action/_squirtle_move_s.c
[4.227s] -- Installing: /home/ben-may/ROS_Workspaces/ros2_ws_finalproject/install/squirtlebot_interfaces/lib/python3.12/site-packages/squirtlebot_interfaces/action/_squirtle_move.py
[4.227s] -- Installing: /home/ben-may/ROS_Workspaces/ros2_ws_finalproject/install/squirtlebot_interfaces/lib/python3.12/site-packages/squirtlebot_interfaces/_squirtlebot_interfaces_s.ep.rosidl_typesupport_fastrtps_c.c
[4.227s] -- Installing: /home/ben-may/ROS_Workspaces/ros2_ws_finalproject/install/squirtlebot_interfaces/lib/python3.12/site-packages/squirtlebot_interfaces/squirtlebot_interfaces_s__rosidl_typesupport_introspection_c.so
[4.227s] -- Installing: /home/ben-may/ROS_Workspaces/ros2_ws_finalproject/install/squirtlebot_interfaces/lib/python3.12/site-packages/squirtlebot_interfaces/_squirtlebot_interfaces_s.ep.rosidl_typesupport_c.c
[4.227s] -- Up-to-date: /home/ben-may/ROS_Workspaces/ros2_ws_finalproject/install/squirtlebot_interfaces/lib/python3.12/site-packages/squirtlebot_interfaces/srv
[4.227s] -- Installing: /home/ben-may/ROS_Workspaces/ros2_ws_finalproject/install/squirtlebot_interfaces/lib/python3.12/site-packages/squirtlebot_interfaces/srv/__init__.py
[4.227s] -- Installing: /home/ben-may/ROS_Workspaces/ros2_ws_finalproject/install/squirtlebot_interfaces/lib/python3.12/site-packages/squirtlebot_interfaces/srv/_spawn_squirtle.py
[4.227s] -- Installing: /home/ben-may/ROS_Workspaces/ros2_ws_finalproject/install/squirtlebot_interfaces/lib/python3.12/site-packages/squirtlebot_interfaces/srv/_kill_squirtle_s.c
[4.227s] -- Installing: /home/ben-may/ROS_Workspaces/ros2_ws_finalproject/install/squirtlebot_interfaces/lib/python3.12/site-packages/squirtlebot_interfaces/srv/_kill_squirtle.py
[4.227s] -- Installing: /home/ben-may/ROS_Workspaces/ros2_ws_finalproject/install/squirtlebot_interfaces/lib/python3.12/site-packages/squirtlebot_interfaces/srv/_spawn_squirtle_s.c
[4.227s] -- Up-to-date: /home/ben-may/ROS_Workspaces/ros2_ws_finalproject/install/squirtlebot_interfaces/lib/python3.12/site-packages/squirtlebot_interfaces/msg
[4.227s] -- Installing: /home/ben-may/ROS_Workspaces/ros2_ws_finalproject/install/squirtlebot_interfaces/lib/python3.12/site-packages/squirtlebot_interfaces/msg/__init__.py
[4.227s] -- Installing: /home/ben-may/ROS_Workspaces/ros2_ws_finalproject/install/squirtlebot_interfaces/lib/python3.12/site-packages/squirtlebot_interfaces/msg/_active_squirtle_stats_s.c
[4.227s] -- Installing: /home/ben-may/ROS_Workspaces/ros2_ws_finalproject/install/squirtlebot_interfaces/lib/python3.12/site-packages/squirtlebot_interfaces/msg/_cancel_squirtle_move.py
[4.227s] -- Installing: /home/ben-may/ROS_Workspaces/ros2_ws_finalproject/install/squirtlebot_interfaces/lib/python3.12/site-packages/squirtlebot_interfaces/msg/_active_squirtle_stats.py
[4.227s] -- Installing: /home/ben-may/ROS_Workspaces/ros2_ws_finalproject/install/squirtlebot_interfaces/lib/python3.12/site-packages/squirtlebot_interfaces/msg/_cancel_squirtle_move_s.c
[4.227s] -- Installing: /home/ben-may/ROS_Workspaces/ros2_ws_finalproject/install/squirtlebot_interfaces/lib/python3.12/site-packages/squirtlebot_interfaces/msg/_kill_spawn_squirtle.py
[4.228s] -- Installing: /home/ben-may/ROS_Workspaces/ros2_ws_finalproject/install/squirtlebot_interfaces/lib/python3.12/site-packages/squirtlebot_interfaces/msg/_kill_spawn_squirtle_s.c
[4.228s] -- Installing: /home/ben-may/ROS_Workspaces/ros2_ws_finalproject/install/squirtlebot_interfaces/lib/python3.12/site-packages/squirtlebot_interfaces/squirtlebot_interfaces_s__rosidl_typesupport_fastrtps_c.so
[4.228s] -- Installing: /home/ben-may/ROS_Workspaces/ros2_ws_finalproject/install/squirtlebot_interfaces/lib/python3.12/site-packages/squirtlebot_interfaces/_squirtlebot_interfaces_s.ep.rosidl_typesupport_introspection_c.c
[4.228s] -- Installing: /home/ben-may/ROS_Workspaces/ros2_ws_finalproject/install/squirtlebot_interfaces/lib/python3.12/site-packages/squirtlebot_interfaces/squirtlebot_interfaces_s__rosidl_typesupport_c.so
[4.266s] Listing '/home/ben-may/ROS_Workspaces/ros2_ws_finalproject/install/squirtlebot_interfaces/lib/python3.12/site-packages/squirtlebot_interfaces'...
[4.266s] Compiling '/home/ben-may/ROS_Workspaces/ros2_ws_finalproject/install/squirtlebot_interfaces/lib/python3.12/site-packages/squirtlebot_interfaces/__init__.py'...
[4.266s] Listing '/home/ben-may/ROS_Workspaces/ros2_ws_finalproject/install/squirtlebot_interfaces/lib/python3.12/site-packages/squirtlebot_interfaces/action'...
[4.266s] Compiling '/home/ben-may/ROS_Workspaces/ros2_ws_finalproject/install/squirtlebot_interfaces/lib/python3.12/site-packages/squirtlebot_interfaces/action/__init__.py'...
[4.266s] Compiling '/home/ben-may/ROS_Workspaces/ros2_ws_finalproject/install/squirtlebot_interfaces/lib/python3.12/site-packages/squirtlebot_interfaces/action/_squirtle_move.py'...
[4.266s] Listing '/home/ben-may/ROS_Workspaces/ros2_ws_finalproject/install/squirtlebot_interfaces/lib/python3.12/site-packages/squirtlebot_interfaces/msg'...
[4.266s] Compiling '/home/ben-may/ROS_Workspaces/ros2_ws_finalproject/install/squirtlebot_interfaces/lib/python3.12/site-packages/squirtlebot_interfaces/msg/__init__.py'...
[4.266s] Compiling '/home/ben-may/ROS_Workspaces/ros2_ws_finalproject/install/squirtlebot_interfaces/lib/python3.12/site-packages/squirtlebot_interfaces/msg/_active_squirtle_stats.py'...
[4.266s] Compiling '/home/ben-may/ROS_Workspaces/ros2_ws_finalproject/install/squirtlebot_interfaces/lib/python3.12/site-packages/squirtlebot_interfaces/msg/_cancel_squirtle_move.py'...
[4.266s] Compiling '/home/ben-may/ROS_Workspaces/ros2_ws_finalproject/install/squirtlebot_interfaces/lib/python3.12/site-packages/squirtlebot_interfaces/msg/_kill_spawn_squirtle.py'...
[4.266s] Listing '/home/ben-may/ROS_Workspaces/ros2_ws_finalproject/install/squirtlebot_interfaces/lib/python3.12/site-packages/squirtlebot_interfaces/srv'...
[4.266s] Compiling '/home/ben-may/ROS_Workspaces/ros2_ws_finalproject/install/squirtlebot_interfaces/lib/python3.12/site-packages/squirtlebot_interfaces/srv/__init__.py'...
[4.266s] Compiling '/home/ben-may/ROS_Workspaces/ros2_ws_finalproject/install/squirtlebot_interfaces/lib/python3.12/site-packages/squirtlebot_interfaces/srv/_kill_squirtle.py'...
[4.266s] Compiling '/home/ben-may/ROS_Workspaces/ros2_ws_finalproject/install/squirtlebot_interfaces/lib/python3.12/site-packages/squirtlebot_interfaces/srv/_spawn_squirtle.py'...
[4.269s] -- Installing: /home/ben-may/ROS_Workspaces/ros2_ws_finalproject/install/squirtlebot_interfaces/lib/python3.12/site-packages/squirtlebot_interfaces/squirtlebot_interfaces_s__rosidl_typesupport_fastrtps_c.so
[4.269s] -- Set non-toolchain portion of runtime path of "/home/ben-may/ROS_Workspaces/ros2_ws_finalproject/install/squirtlebot_interfaces/lib/python3.12/site-packages/squirtlebot_interfaces/squirtlebot_interfaces_s__rosidl_typesupport_fastrtps_c.so" to ""
[4.269s] -- Installing: /home/ben-may/ROS_Workspaces/ros2_ws_finalproject/install/squirtlebot_interfaces/lib/python3.12/site-packages/squirtlebot_interfaces/squirtlebot_interfaces_s__rosidl_typesupport_introspection_c.so
[4.269s] -- Set non-toolchain portion of runtime path of "/home/ben-may/ROS_Workspaces/ros2_ws_finalproject/install/squirtlebot_interfaces/lib/python3.12/site-packages/squirtlebot_interfaces/squirtlebot_interfaces_s__rosidl_typesupport_introspection_c.so" to ""
[4.270s] -- Installing: /home/ben-may/ROS_Workspaces/ros2_ws_finalproject/install/squirtlebot_interfaces/lib/python3.12/site-packages/squirtlebot_interfaces/squirtlebot_interfaces_s__rosidl_typesupport_c.so
[4.270s] -- Set non-toolchain portion of runtime path of "/home/ben-may/ROS_Workspaces/ros2_ws_finalproject/install/squirtlebot_interfaces/lib/python3.12/site-packages/squirtlebot_interfaces/squirtlebot_interfaces_s__rosidl_typesupport_c.so" to ""
[4.270s] -- Installing: /home/ben-may/ROS_Workspaces/ros2_ws_finalproject/install/squirtlebot_interfaces/lib/libsquirtlebot_interfaces__rosidl_generator_py.so
[4.270s] -- Set non-toolchain portion of runtime path of "/home/ben-may/ROS_Workspaces/ros2_ws_finalproject/install/squirtlebot_interfaces/lib/libsquirtlebot_interfaces__rosidl_generator_py.so" to ""
[4.270s] -- Up-to-date: /home/ben-may/ROS_Workspaces/ros2_ws_finalproject/install/squirtlebot_interfaces/share/squirtlebot_interfaces/action/SquirtleMove.idl
[4.270s] -- Up-to-date: /home/ben-may/ROS_Workspaces/ros2_ws_finalproject/install/squirtlebot_interfaces/share/squirtlebot_interfaces/msg/CancelSquirtleMove.idl
[4.270s] -- Up-to-date: /home/ben-may/ROS_Workspaces/ros2_ws_finalproject/install/squirtlebot_interfaces/share/squirtlebot_interfaces/msg/KillSpawnSquirtle.idl
[4.270s] -- Up-to-date: /home/ben-may/ROS_Workspaces/ros2_ws_finalproject/install/squirtlebot_interfaces/share/squirtlebot_interfaces/msg/ActiveSquirtleStats.idl
[4.270s] -- Up-to-date: /home/ben-may/ROS_Workspaces/ros2_ws_finalproject/install/squirtlebot_interfaces/share/squirtlebot_interfaces/srv/KillSquirtle.idl
[4.270s] -- Installing: /home/ben-may/ROS_Workspaces/ros2_ws_finalproject/install/squirtlebot_interfaces/share/squirtlebot_interfaces/srv/SpawnSquirtle.idl
[4.270s] -- Up-to-date: /home/ben-may/ROS_Workspaces/ros2_ws_finalproject/install/squirtlebot_interfaces/share/squirtlebot_interfaces/action/SquirtleMove.action
[4.270s] -- Up-to-date: /home/ben-may/ROS_Workspaces/ros2_ws_finalproject/install/squirtlebot_interfaces/share/squirtlebot_interfaces/msg/CancelSquirtleMove.msg
[4.270s] -- Up-to-date: /home/ben-may/ROS_Workspaces/ros2_ws_finalproject/install/squirtlebot_interfaces/share/squirtlebot_interfaces/msg/KillSpawnSquirtle.msg
[4.271s] -- Up-to-date: /home/ben-may/ROS_Workspaces/ros2_ws_finalproject/install/squirtlebot_interfaces/share/squirtlebot_interfaces/msg/ActiveSquirtleStats.msg
[4.271s] -- Up-to-date: /home/ben-may/ROS_Workspaces/ros2_ws_finalproject/install/squirtlebot_interfaces/share/squirtlebot_interfaces/srv/KillSquirtle.srv
[4.271s] -- Installing: /home/ben-may/ROS_Workspaces/ros2_ws_finalproject/install/squirtlebot_interfaces/share/squirtlebot_interfaces/srv/SpawnSquirtle.srv
[4.271s] -- Up-to-date: /home/ben-may/ROS_Workspaces/ros2_ws_finalproject/install/squirtlebot_interfaces/share/ament_index/resource_index/package_run_dependencies/squirtlebot_interfaces
[4.271s] -- Up-to-date: /home/ben-may/ROS_Workspaces/ros2_ws_finalproject/install/squirtlebot_interfaces/share/ament_index/resource_index/parent_prefix_path/squirtlebot_interfaces
[4.271s] -- Up-to-date: /home/ben-may/ROS_Workspaces/ros2_ws_finalproject/install/squirtlebot_interfaces/share/squirtlebot_interfaces/environment/ament_prefix_path.sh
[4.271s] -- Up-to-date: /home/ben-may/ROS_Workspaces/ros2_ws_finalproject/install/squirtlebot_interfaces/share/squirtlebot_interfaces/environment/ament_prefix_path.dsv
[4.271s] -- Up-to-date: /home/ben-may/ROS_Workspaces/ros2_ws_finalproject/install/squirtlebot_interfaces/share/squirtlebot_interfaces/environment/path.sh
[4.271s] -- Up-to-date: /home/ben-may/ROS_Workspaces/ros2_ws_finalproject/install/squirtlebot_interfaces/share/squirtlebot_interfaces/environment/path.dsv
[4.271s] -- Up-to-date: /home/ben-may/ROS_Workspaces/ros2_ws_finalproject/install/squirtlebot_interfaces/share/squirtlebot_interfaces/local_setup.bash
[4.271s] -- Up-to-date: /home/ben-may/ROS_Workspaces/ros2_ws_finalproject/install/squirtlebot_interfaces/share/squirtlebot_interfaces/local_setup.sh
[4.271s] -- Up-to-date: /home/ben-may/ROS_Workspaces/ros2_ws_finalproject/install/squirtlebot_interfaces/share/squirtlebot_interfaces/local_setup.zsh
[4.271s] -- Up-to-date: /home/ben-may/ROS_Workspaces/ros2_ws_finalproject/install/squirtlebot_interfaces/share/squirtlebot_interfaces/local_setup.dsv
[4.271s] -- Installing: /home/ben-may/ROS_Workspaces/ros2_ws_finalproject/install/squirtlebot_interfaces/share/squirtlebot_interfaces/package.dsv
[4.271s] -- Up-to-date: /home/ben-may/ROS_Workspaces/ros2_ws_finalproject/install/squirtlebot_interfaces/share/ament_index/resource_index/packages/squirtlebot_interfaces
[4.271s] -- Up-to-date: /home/ben-may/ROS_Workspaces/ros2_ws_finalproject/install/squirtlebot_interfaces/share/squirtlebot_interfaces/cmake/export_squirtlebot_interfaces__rosidl_generator_cExport.cmake
[4.271s] -- Up-to-date: /home/ben-may/ROS_Workspaces/ros2_ws_finalproject/install/squirtlebot_interfaces/share/squirtlebot_interfaces/cmake/export_squirtlebot_interfaces__rosidl_generator_cExport-noconfig.cmake
[4.271s] -- Up-to-date: /home/ben-may/ROS_Workspaces/ros2_ws_finalproject/install/squirtlebot_interfaces/share/squirtlebot_interfaces/cmake/export_squirtlebot_interfaces__rosidl_typesupport_fastrtps_cExport.cmake
[4.271s] -- Up-to-date: /home/ben-may/ROS_Workspaces/ros2_ws_finalproject/install/squirtlebot_interfaces/share/squirtlebot_interfaces/cmake/export_squirtlebot_interfaces__rosidl_typesupport_fastrtps_cExport-noconfig.cmake
[4.271s] -- Up-to-date: /home/ben-may/ROS_Workspaces/ros2_ws_finalproject/install/squirtlebot_interfaces/share/squirtlebot_interfaces/cmake/squirtlebot_interfaces__rosidl_typesupport_introspection_cExport.cmake
[4.271s] -- Up-to-date: /home/ben-may/ROS_Workspaces/ros2_ws_finalproject/install/squirtlebot_interfaces/share/squirtlebot_interfaces/cmake/squirtlebot_interfaces__rosidl_typesupport_introspection_cExport-noconfig.cmake
[4.271s] -- Up-to-date: /home/ben-may/ROS_Workspaces/ros2_ws_finalproject/install/squirtlebot_interfaces/share/squirtlebot_interfaces/cmake/squirtlebot_interfaces__rosidl_typesupport_cExport.cmake
[4.272s] -- Up-to-date: /home/ben-may/ROS_Workspaces/ros2_ws_finalproject/install/squirtlebot_interfaces/share/squirtlebot_interfaces/cmake/squirtlebot_interfaces__rosidl_typesupport_cExport-noconfig.cmake
[4.272s] -- Up-to-date: /home/ben-may/ROS_Workspaces/ros2_ws_finalproject/install/squirtlebot_interfaces/share/squirtlebot_interfaces/cmake/export_squirtlebot_interfaces__rosidl_generator_cppExport.cmake
[4.272s] -- Up-to-date: /home/ben-may/ROS_Workspaces/ros2_ws_finalproject/install/squirtlebot_interfaces/share/squirtlebot_interfaces/cmake/export_squirtlebot_interfaces__rosidl_typesupport_fastrtps_cppExport.cmake
[4.272s] -- Up-to-date: /home/ben-may/ROS_Workspaces/ros2_ws_finalproject/install/squirtlebot_interfaces/share/squirtlebot_interfaces/cmake/export_squirtlebot_interfaces__rosidl_typesupport_fastrtps_cppExport-noconfig.cmake
[4.272s] -- Up-to-date: /home/ben-may/ROS_Workspaces/ros2_ws_finalproject/install/squirtlebot_interfaces/share/squirtlebot_interfaces/cmake/squirtlebot_interfaces__rosidl_typesupport_introspection_cppExport.cmake
[4.272s] -- Up-to-date: /home/ben-may/ROS_Workspaces/ros2_ws_finalproject/install/squirtlebot_interfaces/share/squirtlebot_interfaces/cmake/squirtlebot_interfaces__rosidl_typesupport_introspection_cppExport-noconfig.cmake
[4.272s] -- Up-to-date: /home/ben-may/ROS_Workspaces/ros2_ws_finalproject/install/squirtlebot_interfaces/share/squirtlebot_interfaces/cmake/squirtlebot_interfaces__rosidl_typesupport_cppExport.cmake
[4.272s] -- Up-to-date: /home/ben-may/ROS_Workspaces/ros2_ws_finalproject/install/squirtlebot_interfaces/share/squirtlebot_interfaces/cmake/squirtlebot_interfaces__rosidl_typesupport_cppExport-noconfig.cmake
[4.272s] -- Up-to-date: /home/ben-may/ROS_Workspaces/ros2_ws_finalproject/install/squirtlebot_interfaces/share/squirtlebot_interfaces/cmake/export_squirtlebot_interfaces__rosidl_generator_pyExport.cmake
[4.272s] -- Up-to-date: /home/ben-may/ROS_Workspaces/ros2_ws_finalproject/install/squirtlebot_interfaces/share/squirtlebot_interfaces/cmake/export_squirtlebot_interfaces__rosidl_generator_pyExport-noconfig.cmake
[4.272s] -- Up-to-date: /home/ben-may/ROS_Workspaces/ros2_ws_finalproject/install/squirtlebot_interfaces/share/squirtlebot_interfaces/cmake/rosidl_cmake-extras.cmake
[4.272s] -- Up-to-date: /home/ben-may/ROS_Workspaces/ros2_ws_finalproject/install/squirtlebot_interfaces/share/squirtlebot_interfaces/cmake/ament_cmake_export_dependencies-extras.cmake
[4.272s] -- Up-to-date: /home/ben-may/ROS_Workspaces/ros2_ws_finalproject/install/squirtlebot_interfaces/share/squirtlebot_interfaces/cmake/ament_cmake_export_include_directories-extras.cmake
[4.272s] -- Up-to-date: /home/ben-may/ROS_Workspaces/ros2_ws_finalproject/install/squirtlebot_interfaces/share/squirtlebot_interfaces/cmake/ament_cmake_export_libraries-extras.cmake
[4.272s] -- Up-to-date: /home/ben-may/ROS_Workspaces/ros2_ws_finalproject/install/squirtlebot_interfaces/share/squirtlebot_interfaces/cmake/ament_cmake_export_targets-extras.cmake
[4.272s] -- Up-to-date: /home/ben-may/ROS_Workspaces/ros2_ws_finalproject/install/squirtlebot_interfaces/share/squirtlebot_interfaces/cmake/rosidl_cmake_export_typesupport_targets-extras.cmake
[4.272s] -- Up-to-date: /home/ben-may/ROS_Workspaces/ros2_ws_finalproject/install/squirtlebot_interfaces/share/squirtlebot_interfaces/cmake/rosidl_cmake_export_typesupport_libraries-extras.cmake
[4.272s] -- Up-to-date: /home/ben-may/ROS_Workspaces/ros2_ws_finalproject/install/squirtlebot_interfaces/share/squirtlebot_interfaces/cmake/squirtlebot_interfacesConfig.cmake
[4.272s] -- Up-to-date: /home/ben-may/ROS_Workspaces/ros2_ws_finalproject/install/squirtlebot_interfaces/share/squirtlebot_interfaces/cmake/squirtlebot_interfacesConfig-version.cmake
[4.272s] -- Up-to-date: /home/ben-may/ROS_Workspaces/ros2_ws_finalproject/install/squirtlebot_interfaces/share/squirtlebot_interfaces/package.xml
[4.273s] Invoked command in '/home/ben-may/ROS_Workspaces/ros2_ws_finalproject/build/squirtlebot_interfaces' returned '0': CMAKE_PREFIX_PATH=${CMAKE_PREFIX_PATH}:/home/ben-may/ROS_Workspaces/ros2_ws_1/install/actions_py:/home/ben-may/ROS_Workspaces/ros2_ws_1/install/executors_py:/home/ben-may/ROS_Workspaces/ros2_ws_1/install/components_py:/home/ben-may/ROS_Workspaces/ros2_ws_moverobot/install/move_robot_py:/opt/ros/jazzy DEBUGINFOD_URLS=https://debuginfod.ubuntu.com /usr/bin/cmake --install /home/ben-may/ROS_Workspaces/ros2_ws_finalproject/build/squirtlebot_interfaces
