[0.011s] Invoking command in '/home/ben-may/ROS_Workspaces/ros2_ws_finalproject/build/squirtlebot_bringup': CMAKE_PREFIX_PATH=${CMAKE_PREFIX_PATH}:/home/ben-may/ROS_Workspaces/ros2_ws_1/install/actions_py:/home/ben-may/ROS_Workspaces/ros2_ws_1/install/executors_py:/home/ben-may/ROS_Workspaces/ros2_ws_1/install/components_py:/home/ben-may/ROS_Workspaces/ros2_ws_moverobot/install/move_robot_py:/opt/ros/jazzy DEBUGINFOD_URLS=https://debuginfod.ubuntu.com /usr/bin/cmake --build /home/ben-may/ROS_Workspaces/ros2_ws_finalproject/build/squirtlebot_bringup -- -j20 -l20
[0.046s] Invoked command in '/home/ben-may/ROS_Workspaces/ros2_ws_finalproject/build/squirtlebot_bringup' returned '0': CMAKE_PREFIX_PATH=${CMAKE_PREFIX_PATH}:/home/ben-may/ROS_Workspaces/ros2_ws_1/install/actions_py:/home/ben-may/ROS_Workspaces/ros2_ws_1/install/executors_py:/home/ben-may/ROS_Workspaces/ros2_ws_1/install/components_py:/home/ben-may/ROS_Workspaces/ros2_ws_moverobot/install/move_robot_py:/opt/ros/jazzy DEBUGINFOD_URLS=https://debuginfod.ubuntu.com /usr/bin/cmake --build /home/ben-may/ROS_Workspaces/ros2_ws_finalproject/build/squirtlebot_bringup -- -j20 -l20
[0.057s] Invoking command in '/home/ben-may/ROS_Workspaces/ros2_ws_finalproject/build/squirtlebot_bringup': CMAKE_PREFIX_PATH=${CMAKE_PREFIX_PATH}:/home/ben-may/ROS_Workspaces/ros2_ws_1/install/actions_py:/home/ben-may/ROS_Workspaces/ros2_ws_1/install/executors_py:/home/ben-may/ROS_Workspaces/ros2_ws_1/install/components_py:/home/ben-may/ROS_Workspaces/ros2_ws_moverobot/install/move_robot_py:/opt/ros/jazzy DEBUGINFOD_URLS=https://debuginfod.ubuntu.com /usr/bin/cmake --install /home/ben-may/ROS_Workspaces/ros2_ws_finalproject/build/squirtlebot_bringup
[0.064s] -- Install configuration: ""
[0.064s] -- Up-to-date: /home/ben-may/ROS_Workspaces/ros2_ws_finalproject/install/squirtlebot_bringup/share/squirtlebot_bringup//launch
[0.064s] -- Up-to-date: /home/ben-may/ROS_Workspaces/ros2_ws_finalproject/install/squirtlebot_bringup/share/squirtlebot_bringup//launch/squirtlegazebo.launch.xml
[0.064s] -- Installing: /home/ben-may/ROS_Workspaces/ros2_ws_finalproject/install/squirtlebot_bringup/share/squirtlebot_bringup//launch/squirtlesim.launch.xml
[0.064s] -- Up-to-date: /home/ben-may/ROS_Workspaces/ros2_ws_finalproject/install/squirtlebot_bringup/share/ament_index/resource_index/package_run_dependencies/squirtlebot_bringup
[0.064s] -- Up-to-date: /home/ben-may/ROS_Workspaces/ros2_ws_finalproject/install/squirtlebot_bringup/share/ament_index/resource_index/parent_prefix_path/squirtlebot_bringup
[0.064s] -- Up-to-date: /home/ben-may/ROS_Workspaces/ros2_ws_finalproject/install/squirtlebot_bringup/share/squirtlebot_bringup/environment/ament_prefix_path.sh
[0.064s] -- Up-to-date: /home/ben-may/ROS_Workspaces/ros2_ws_finalproject/install/squirtlebot_bringup/share/squirtlebot_bringup/environment/ament_prefix_path.dsv
[0.064s] -- Up-to-date: /home/ben-may/ROS_Workspaces/ros2_ws_finalproject/install/squirtlebot_bringup/share/squirtlebot_bringup/environment/path.sh
[0.064s] -- Up-to-date: /home/ben-may/ROS_Workspaces/ros2_ws_finalproject/install/squirtlebot_bringup/share/squirtlebot_bringup/environment/path.dsv
[0.064s] -- Up-to-date: /home/ben-may/ROS_Workspaces/ros2_ws_finalproject/install/squirtlebot_bringup/share/squirtlebot_bringup/local_setup.bash
[0.064s] -- Up-to-date: /home/ben-may/ROS_Workspaces/ros2_ws_finalproject/install/squirtlebot_bringup/share/squirtlebot_bringup/local_setup.sh
[0.064s] -- Up-to-date: /home/ben-may/ROS_Workspaces/ros2_ws_finalproject/install/squirtlebot_bringup/share/squirtlebot_bringup/local_setup.zsh
[0.064s] -- Up-to-date: /home/ben-may/ROS_Workspaces/ros2_ws_finalproject/install/squirtlebot_bringup/share/squirtlebot_bringup/local_setup.dsv
[0.064s] -- Installing: /home/ben-may/ROS_Workspaces/ros2_ws_finalproject/install/squirtlebot_bringup/share/squirtlebot_bringup/package.dsv
[0.064s] -- Up-to-date: /home/ben-may/ROS_Workspaces/ros2_ws_finalproject/install/squirtlebot_bringup/share/ament_index/resource_index/packages/squirtlebot_bringup
[0.065s] -- Up-to-date: /home/ben-may/ROS_Workspaces/ros2_ws_finalproject/install/squirtlebot_bringup/share/squirtlebot_bringup/cmake/squirtlebot_bringupConfig.cmake
[0.065s] -- Up-to-date: /home/ben-may/ROS_Workspaces/ros2_ws_finalproject/install/squirtlebot_bringup/share/squirtlebot_bringup/cmake/squirtlebot_bringupConfig-version.cmake
[0.065s] -- Up-to-date: /home/ben-may/ROS_Workspaces/ros2_ws_finalproject/install/squirtlebot_bringup/share/squirtlebot_bringup/package.xml
[0.066s] Invoked command in '/home/ben-may/ROS_Workspaces/ros2_ws_finalproject/build/squirtlebot_bringup' returned '0': CMAKE_PREFIX_PATH=${CMAKE_PREFIX_PATH}:/home/ben-may/ROS_Workspaces/ros2_ws_1/install/actions_py:/home/ben-may/ROS_Workspaces/ros2_ws_1/install/executors_py:/home/ben-may/ROS_Workspaces/ros2_ws_1/install/components_py:/home/ben-may/ROS_Workspaces/ros2_ws_moverobot/install/move_robot_py:/opt/ros/jazzy DEBUGINFOD_URLS=https://debuginfod.ubuntu.com /usr/bin/cmake --install /home/ben-may/ROS_Workspaces/ros2_ws_finalproject/build/squirtlebot_bringup
