-- Found ament_cmake: 2.5.4 (/opt/ros/jazzy/share/ament_cmake/cmake)
-- Override CMake install command with custom implementation using symlinks instead of copying resources
-- Found rclcpp: 28.1.9 (/opt/ros/jazzy/share/rclcpp/cmake)
-- Found rosidl_generator_c: 4.6.5 (/opt/ros/jazzy/share/rosidl_generator_c/cmake)
-- Found rosidl_generator_cpp: 4.6.5 (/opt/ros/jazzy/share/rosidl_generator_cpp/cmake)
-- Using all available rosidl_typesupport_c: rosidl_typesupport_fastrtps_c;rosidl_typesupport_introspection_c
-- Using all available rosidl_typesupport_cpp: rosidl_typesupport_fastrtps_cpp;rosidl_typesupport_introspection_cpp
-- Found rmw_implementation_cmake: 7.3.2 (/opt/ros/jazzy/share/rmw_implementation_cmake/cmake)
-- Found rmw_fastrtps_cpp: 8.4.2 (/opt/ros/jazzy/share/rmw_fastrtps_cpp/cmake)
-- Using RMW implementation 'rmw_fastrtps_cpp' as default
-- Found rclcpp_lifecycle: 28.1.9 (/opt/ros/jazzy/share/rclcpp_lifecycle/cmake)
-- Found rclcpp_action: 28.1.9 (/opt/ros/jazzy/share/rclcpp_action/cmake)
-- Found turtlesim: 1.8.3 (/opt/ros/jazzy/share/turtlesim/cmake)
-- Found squirtlebot_interfaces: 0.0.0 (/home/ben-may/ROS_Workspaces/ros2_ws_finalproject/install/squirtlebot_interfaces/share/squirtlebot_interfaces/cmake)
-- Found geometry_msgs: 5.3.6 (/opt/ros/jazzy/share/geometry_msgs/cmake)
-- Found nav_msgs: 5.3.6 (/opt/ros/jazzy/share/nav_msgs/cmake)
-- Configuring done (0.7s)
-- Generating done (0.0s)
-- Build files have been written to: /home/ben-may/ROS_Workspaces/ros2_ws_finalproject/build/squirtlebot_nodes
[ 25%] [32mBuilding CXX object CMakeFiles/turtlebot3_controller.dir/src/turtlebot3_controller.cpp.o[0m
[ 75%] Built target squirtle_controller
[100%] [32m[1mLinking CXX executable turtlebot3_controller[0m
[100%] Built target turtlebot3_controller
-- Install configuration: ""
-- Execute custom install script
-- Up-to-date symlink: /home/ben-may/ROS_Workspaces/ros2_ws_finalproject/install/squirtlebot_nodes/lib/squirtlebot_nodes//turtlebot3_controller
-- Up-to-date symlink: /home/ben-may/ROS_Workspaces/ros2_ws_finalproject/install/squirtlebot_nodes/lib/squirtlebot_nodes//squirtle_controller
-- Up-to-date symlink: /home/ben-may/ROS_Workspaces/ros2_ws_finalproject/install/squirtlebot_nodes/share/ament_index/resource_index/package_run_dependencies/squirtlebot_nodes
-- Up-to-date symlink: /home/ben-may/ROS_Workspaces/ros2_ws_finalproject/install/squirtlebot_nodes/share/ament_index/resource_index/parent_prefix_path/squirtlebot_nodes
-- Up-to-date symlink: /home/ben-may/ROS_Workspaces/ros2_ws_finalproject/install/squirtlebot_nodes/share/squirtlebot_nodes/environment/ament_prefix_path.sh
-- Up-to-date symlink: /home/ben-may/ROS_Workspaces/ros2_ws_finalproject/install/squirtlebot_nodes/share/squirtlebot_nodes/environment/ament_prefix_path.dsv
-- Up-to-date symlink: /home/ben-may/ROS_Workspaces/ros2_ws_finalproject/install/squirtlebot_nodes/share/squirtlebot_nodes/environment/path.sh
-- Up-to-date symlink: /home/ben-may/ROS_Workspaces/ros2_ws_finalproject/install/squirtlebot_nodes/share/squirtlebot_nodes/environment/path.dsv
-- Up-to-date symlink: /home/ben-may/ROS_Workspaces/ros2_ws_finalproject/install/squirtlebot_nodes/share/squirtlebot_nodes/local_setup.bash
-- Up-to-date symlink: /home/ben-may/ROS_Workspaces/ros2_ws_finalproject/install/squirtlebot_nodes/share/squirtlebot_nodes/local_setup.sh
-- Up-to-date symlink: /home/ben-may/ROS_Workspaces/ros2_ws_finalproject/install/squirtlebot_nodes/share/squirtlebot_nodes/local_setup.zsh
-- Up-to-date symlink: /home/ben-may/ROS_Workspaces/ros2_ws_finalproject/install/squirtlebot_nodes/share/squirtlebot_nodes/local_setup.dsv
-- Symlinking: /home/ben-may/ROS_Workspaces/ros2_ws_finalproject/install/squirtlebot_nodes/share/squirtlebot_nodes/package.dsv
-- Up-to-date symlink: /home/ben-may/ROS_Workspaces/ros2_ws_finalproject/install/squirtlebot_nodes/share/ament_index/resource_index/packages/squirtlebot_nodes
-- Up-to-date symlink: /home/ben-may/ROS_Workspaces/ros2_ws_finalproject/install/squirtlebot_nodes/share/squirtlebot_nodes/cmake/squirtlebot_nodesConfig.cmake
-- Up-to-date symlink: /home/ben-may/ROS_Workspaces/ros2_ws_finalproject/install/squirtlebot_nodes/share/squirtlebot_nodes/cmake/squirtlebot_nodesConfig-version.cmake
-- Up-to-date symlink: /home/ben-may/ROS_Workspaces/ros2_ws_finalproject/install/squirtlebot_nodes/share/squirtlebot_nodes/package.xml
