[0.012s] Invoking command in '/home/ben-may/ROS_Workspaces/ros2_ws_finalproject/build/squirtlebot_bringup': AMENT_PREFIX_PATH=/home/ben-may/ROS_Workspaces/ros2_ws_finalproject/install/squirtlebot_py:${AMENT_PREFIX_PATH} CMAKE_PREFIX_PATH=${CMAKE_PREFIX_PATH}:/home/ben-may/ROS_Workspaces/ros2_ws_1/install/actions_py:/home/ben-may/ROS_Workspaces/ros2_ws_1/install/executors_py:/home/ben-may/ROS_Workspaces/ros2_ws_1/install/components_py:/home/ben-may/ROS_Workspaces/ros2_ws_moverobot/install/move_robot_py:/opt/ros/jazzy DEBUGINFOD_URLS=https://debuginfod.ubuntu.com PYTHONPATH=/home/ben-may/ROS_Workspaces/ros2_ws_finalproject/install/squirtlebot_py/lib/python3.12/site-packages:${PYTHONPATH} /usr/bin/cmake --build /home/ben-may/ROS_Workspaces/ros2_ws_finalproject/build/squirtlebot_bringup -- -j20 -l20
[0.029s] -- Found ament_cmake: 2.5.4 (/opt/ros/jazzy/share/ament_cmake/cmake)
[0.239s] -- Configuring done (0.2s)
[0.240s] -- Generating done (0.0s)
[0.241s] -- Build files have been written to: /home/ben-may/ROS_Workspaces/ros2_ws_finalproject/build/squirtlebot_bringup
[0.255s] Invoked command in '/home/ben-may/ROS_Workspaces/ros2_ws_finalproject/build/squirtlebot_bringup' returned '0': AMENT_PREFIX_PATH=/home/ben-may/ROS_Workspaces/ros2_ws_finalproject/install/squirtlebot_py:${AMENT_PREFIX_PATH} CMAKE_PREFIX_PATH=${CMAKE_PREFIX_PATH}:/home/ben-may/ROS_Workspaces/ros2_ws_1/install/actions_py:/home/ben-may/ROS_Workspaces/ros2_ws_1/install/executors_py:/home/ben-may/ROS_Workspaces/ros2_ws_1/install/components_py:/home/ben-may/ROS_Workspaces/ros2_ws_moverobot/install/move_robot_py:/opt/ros/jazzy DEBUGINFOD_URLS=https://debuginfod.ubuntu.com PYTHONPATH=/home/ben-may/ROS_Workspaces/ros2_ws_finalproject/install/squirtlebot_py/lib/python3.12/site-packages:${PYTHONPATH} /usr/bin/cmake --build /home/ben-may/ROS_Workspaces/ros2_ws_finalproject/build/squirtlebot_bringup -- -j20 -l20
[0.263s] Invoking command in '/home/ben-may/ROS_Workspaces/ros2_ws_finalproject/build/squirtlebot_bringup': AMENT_PREFIX_PATH=/home/ben-may/ROS_Workspaces/ros2_ws_finalproject/install/squirtlebot_py:${AMENT_PREFIX_PATH} CMAKE_PREFIX_PATH=${CMAKE_PREFIX_PATH}:/home/ben-may/ROS_Workspaces/ros2_ws_1/install/actions_py:/home/ben-may/ROS_Workspaces/ros2_ws_1/install/executors_py:/home/ben-may/ROS_Workspaces/ros2_ws_1/install/components_py:/home/ben-may/ROS_Workspaces/ros2_ws_moverobot/install/move_robot_py:/opt/ros/jazzy DEBUGINFOD_URLS=https://debuginfod.ubuntu.com PYTHONPATH=/home/ben-may/ROS_Workspaces/ros2_ws_finalproject/install/squirtlebot_py/lib/python3.12/site-packages:${PYTHONPATH} /usr/bin/cmake --install /home/ben-may/ROS_Workspaces/ros2_ws_finalproject/build/squirtlebot_bringup
[0.270s] -- Install configuration: ""
[0.270s] -- Up-to-date: /home/ben-may/ROS_Workspaces/ros2_ws_finalproject/install/squirtlebot_bringup/share/squirtlebot_bringup//launch
[0.270s] -- Up-to-date: /home/ben-may/ROS_Workspaces/ros2_ws_finalproject/install/squirtlebot_bringup/share/squirtlebot_bringup//launch/squirtlegazebo.launch.xml
[0.270s] -- Installing: /home/ben-may/ROS_Workspaces/ros2_ws_finalproject/install/squirtlebot_bringup/share/squirtlebot_bringup//launch/squirtlesim.launch.xml
[0.271s] -- Installing: /home/ben-may/ROS_Workspaces/ros2_ws_finalproject/install/squirtlebot_bringup/share/ament_index/resource_index/package_run_dependencies/squirtlebot_bringup
[0.271s] -- Installing: /home/ben-may/ROS_Workspaces/ros2_ws_finalproject/install/squirtlebot_bringup/share/ament_index/resource_index/parent_prefix_path/squirtlebot_bringup
[0.271s] -- Up-to-date: /home/ben-may/ROS_Workspaces/ros2_ws_finalproject/install/squirtlebot_bringup/share/squirtlebot_bringup/environment/ament_prefix_path.sh
[0.271s] -- Up-to-date: /home/ben-may/ROS_Workspaces/ros2_ws_finalproject/install/squirtlebot_bringup/share/squirtlebot_bringup/environment/ament_prefix_path.dsv
[0.271s] -- Up-to-date: /home/ben-may/ROS_Workspaces/ros2_ws_finalproject/install/squirtlebot_bringup/share/squirtlebot_bringup/environment/path.sh
[0.271s] -- Up-to-date: /home/ben-may/ROS_Workspaces/ros2_ws_finalproject/install/squirtlebot_bringup/share/squirtlebot_bringup/environment/path.dsv
[0.271s] -- Up-to-date: /home/ben-may/ROS_Workspaces/ros2_ws_finalproject/install/squirtlebot_bringup/share/squirtlebot_bringup/local_setup.bash
[0.271s] -- Up-to-date: /home/ben-may/ROS_Workspaces/ros2_ws_finalproject/install/squirtlebot_bringup/share/squirtlebot_bringup/local_setup.sh
[0.271s] -- Up-to-date: /home/ben-may/ROS_Workspaces/ros2_ws_finalproject/install/squirtlebot_bringup/share/squirtlebot_bringup/local_setup.zsh
[0.271s] -- Up-to-date: /home/ben-may/ROS_Workspaces/ros2_ws_finalproject/install/squirtlebot_bringup/share/squirtlebot_bringup/local_setup.dsv
[0.271s] -- Installing: /home/ben-may/ROS_Workspaces/ros2_ws_finalproject/install/squirtlebot_bringup/share/squirtlebot_bringup/package.dsv
[0.271s] -- Up-to-date: /home/ben-may/ROS_Workspaces/ros2_ws_finalproject/install/squirtlebot_bringup/share/ament_index/resource_index/packages/squirtlebot_bringup
[0.271s] -- Up-to-date: /home/ben-may/ROS_Workspaces/ros2_ws_finalproject/install/squirtlebot_bringup/share/squirtlebot_bringup/cmake/squirtlebot_bringupConfig.cmake
[0.271s] -- Up-to-date: /home/ben-may/ROS_Workspaces/ros2_ws_finalproject/install/squirtlebot_bringup/share/squirtlebot_bringup/cmake/squirtlebot_bringupConfig-version.cmake
[0.271s] -- Installing: /home/ben-may/ROS_Workspaces/ros2_ws_finalproject/install/squirtlebot_bringup/share/squirtlebot_bringup/package.xml
[0.272s] Invoked command in '/home/ben-may/ROS_Workspaces/ros2_ws_finalproject/build/squirtlebot_bringup' returned '0': AMENT_PREFIX_PATH=/home/ben-may/ROS_Workspaces/ros2_ws_finalproject/install/squirtlebot_py:${AMENT_PREFIX_PATH} CMAKE_PREFIX_PATH=${CMAKE_PREFIX_PATH}:/home/ben-may/ROS_Workspaces/ros2_ws_1/install/actions_py:/home/ben-may/ROS_Workspaces/ros2_ws_1/install/executors_py:/home/ben-may/ROS_Workspaces/ros2_ws_1/install/components_py:/home/ben-may/ROS_Workspaces/ros2_ws_moverobot/install/move_robot_py:/opt/ros/jazzy DEBUGINFOD_URLS=https://debuginfod.ubuntu.com PYTHONPATH=/home/ben-may/ROS_Workspaces/ros2_ws_finalproject/install/squirtlebot_py/lib/python3.12/site-packages:${PYTHONPATH} /usr/bin/cmake --install /home/ben-may/ROS_Workspaces/ros2_ws_finalproject/build/squirtlebot_bringup
