running egg_info
creating ../../build/squirtlebot_py/squirtlebot_py.egg-info
writing ../../build/squirtlebot_py/squirtlebot_py.egg-info/PKG-INFO
writing dependency_links to ../../build/squirtlebot_py/squirtlebot_py.egg-info/dependency_links.txt
writing entry points to ../../build/squirtlebot_py/squirtlebot_py.egg-info/entry_points.txt
writing requirements to ../../build/squirtlebot_py/squirtlebot_py.egg-info/requires.txt
writing top-level names to ../../build/squirtlebot_py/squirtlebot_py.egg-info/top_level.txt
writing manifest file '../../build/squirtlebot_py/squirtlebot_py.egg-info/SOURCES.txt'
reading manifest file '../../build/squirtlebot_py/squirtlebot_py.egg-info/SOURCES.txt'
writing manifest file '../../build/squirtlebot_py/squirtlebot_py.egg-info/SOURCES.txt'
running build
running build_py
creating /home/ben-may/ROS_Workspaces/ros2_ws_finalproject/build/squirtlebot_py/build
creating /home/ben-may/ROS_Workspaces/ros2_ws_finalproject/build/squirtlebot_py/build/lib
creating /home/ben-may/ROS_Workspaces/ros2_ws_finalproject/build/squirtlebot_py/build/lib/squirtlebot_py
copying squirtlebot_py/__init__.py -> /home/ben-may/ROS_Workspaces/ros2_ws_finalproject/build/squirtlebot_py/build/lib/squirtlebot_py
copying squirtlebot_py/squirtle_controller_lifecycle_manager.py -> /home/ben-may/ROS_Workspaces/ros2_ws_finalproject/build/squirtlebot_py/build/lib/squirtlebot_py
running install
running install_lib
creating /home/ben-may/ROS_Workspaces/ros2_ws_finalproject/install/squirtlebot_py/lib/python3.12/site-packages/squirtlebot_py
copying /home/ben-may/ROS_Workspaces/ros2_ws_finalproject/build/squirtlebot_py/build/lib/squirtlebot_py/__init__.py -> /home/ben-may/ROS_Workspaces/ros2_ws_finalproject/install/squirtlebot_py/lib/python3.12/site-packages/squirtlebot_py
copying /home/ben-may/ROS_Workspaces/ros2_ws_finalproject/build/squirtlebot_py/build/lib/squirtlebot_py/squirtle_controller_lifecycle_manager.py -> /home/ben-may/ROS_Workspaces/ros2_ws_finalproject/install/squirtlebot_py/lib/python3.12/site-packages/squirtlebot_py
byte-compiling /home/ben-may/ROS_Workspaces/ros2_ws_finalproject/install/squirtlebot_py/lib/python3.12/site-packages/squirtlebot_py/__init__.py to __init__.cpython-312.pyc
byte-compiling /home/ben-may/ROS_Workspaces/ros2_ws_finalproject/install/squirtlebot_py/lib/python3.12/site-packages/squirtlebot_py/squirtle_controller_lifecycle_manager.py to squirtle_controller_lifecycle_manager.cpython-312.pyc
running install_data
creating /home/ben-may/ROS_Workspaces/ros2_ws_finalproject/install/squirtlebot_py/share/ament_index
creating /home/ben-may/ROS_Workspaces/ros2_ws_finalproject/install/squirtlebot_py/share/ament_index/resource_index
creating /home/ben-may/ROS_Workspaces/ros2_ws_finalproject/install/squirtlebot_py/share/ament_index/resource_index/packages
copying resource/squirtlebot_py -> /home/ben-may/ROS_Workspaces/ros2_ws_finalproject/install/squirtlebot_py/share/ament_index/resource_index/packages
copying package.xml -> /home/ben-may/ROS_Workspaces/ros2_ws_finalproject/install/squirtlebot_py/share/squirtlebot_py
running install_egg_info
Copying ../../build/squirtlebot_py/squirtlebot_py.egg-info to /home/ben-may/ROS_Workspaces/ros2_ws_finalproject/install/squirtlebot_py/lib/python3.12/site-packages/squirtlebot_py-0.0.0-py3.12.egg-info
running install_scripts
Installing squirtle_controller_lifecycle_manager script to /home/ben-may/ROS_Workspaces/ros2_ws_finalproject/install/squirtlebot_py/lib/squirtlebot_py
writing list of installed files to '/home/ben-may/ROS_Workspaces/ros2_ws_finalproject/build/squirtlebot_py/install.log'
