[0.398s] Invoking command in '/home/ben-may/ROS_Workspaces/ros2_ws_finalproject/src/squirtlebot_py': CMAKE_PREFIX_PATH=/home/ben-may/ROS_Workspaces/ros2_ws_finalproject/install/squirtlebot_interfaces:/home/ben-may/ROS_Workspaces/ros2_ws_finalproject/install/squirtlebot_nodes:/home/ben-may/ROS_Workspaces/ros2_ws_finalproject/install/squirtlebot_bringup:/home/ben-may/ROS_Workspaces/ros2_ws_1/install/actions_cpp:/home/ben-may/ROS_Workspaces/ros2_ws_1/install/my_robot_interfaces:/home/ben-may/ROS_Workspaces/ros2_ws_1/install/executors_cpp:/home/ben-may/ROS_Workspaces/ros2_ws_1/install/components_cpp:/home/ben-may/ROS_Workspaces/ros2_ws_1/install/component_containers_launch_files:/home/ben-may/ROS_Workspaces/ros2_ws_1/install/component_containers_cpp:/home/ben-may/ROS_Workspaces/ros2_ws_moverobot/install/move_robot_bringup:/home/ben-may/ROS_Workspaces/ros2_ws_moverobot/install/move_robot_cpp:/home/ben-may/ROS_Workspaces/ros2_ws_moverobot/install/move_robot_interfaces:/opt/ros/jazzy/opt/gz_sim_vendor:/opt/ros/jazzy/opt/gz_sensors_vendor:/opt/ros/jazzy/opt/gz_physics_vendor:/opt/ros/jazzy/opt/sdformat_vendor:/opt/ros/jazzy/opt/gz_gui_vendor:/opt/ros/jazzy/opt/gz_transport_vendor:/opt/ros/jazzy/opt/gz_rendering_vendor:/opt/ros/jazzy/opt/gz_plugin_vendor:/opt/ros/jazzy/opt/gz_fuel_tools_vendor:/opt/ros/jazzy/opt/gz_msgs_vendor:/opt/ros/jazzy/opt/gz_common_vendor:/opt/ros/jazzy/opt/gz_math_vendor:/opt/ros/jazzy/opt/gz_utils_vendor:/opt/ros/jazzy/opt/gz_tools_vendor:/opt/ros/jazzy/opt/gz_ogre_next_vendor:/opt/ros/jazzy/opt/gz_dartsim_vendor:/opt/ros/jazzy/opt/gz_cmake_vendor DEBUGINFOD_URLS=https://debuginfod.ubuntu.com PYTHONPATH=/home/ben-may/ROS_Workspaces/ros2_ws_finalproject/build/squirtlebot_py/prefix_override:/usr/lib/python3/dist-packages/colcon_core/task/python/colcon_distutils_commands:/home/ben-may/ROS_Workspaces/ros2_ws_finalproject/install/squirtlebot_py/lib/python3.12/site-packages:${PYTHONPATH} /usr/bin/python3 -W ignore:setup.py install is deprecated -W ignore:easy_install command is deprecated setup.py egg_info --egg-base ../../build/squirtlebot_py build --build-base /home/ben-may/ROS_Workspaces/ros2_ws_finalproject/build/squirtlebot_py/build install --record /home/ben-may/ROS_Workspaces/ros2_ws_finalproject/build/squirtlebot_py/install.log --single-version-externally-managed install_data
[0.530s] running egg_info
[0.538s] writing ../../build/squirtlebot_py/squirtlebot_py.egg-info/PKG-INFO
[0.538s] writing dependency_links to ../../build/squirtlebot_py/squirtlebot_py.egg-info/dependency_links.txt
[0.538s] writing entry points to ../../build/squirtlebot_py/squirtlebot_py.egg-info/entry_points.txt
[0.538s] writing requirements to ../../build/squirtlebot_py/squirtlebot_py.egg-info/requires.txt
[0.538s] writing top-level names to ../../build/squirtlebot_py/squirtlebot_py.egg-info/top_level.txt
[0.554s] reading manifest file '../../build/squirtlebot_py/squirtlebot_py.egg-info/SOURCES.txt'
[0.555s] writing manifest file '../../build/squirtlebot_py/squirtlebot_py.egg-info/SOURCES.txt'
[0.555s] running build
[0.555s] running build_py
[0.555s] running install
[0.558s] running install_lib
[0.566s] running install_data
[0.567s] running install_egg_info
[0.575s] removing '/home/ben-may/ROS_Workspaces/ros2_ws_finalproject/install/squirtlebot_py/lib/python3.12/site-packages/squirtlebot_py-0.0.0-py3.12.egg-info' (and everything under it)
[0.575s] Copying ../../build/squirtlebot_py/squirtlebot_py.egg-info to /home/ben-may/ROS_Workspaces/ros2_ws_finalproject/install/squirtlebot_py/lib/python3.12/site-packages/squirtlebot_py-0.0.0-py3.12.egg-info
[0.576s] running install_scripts
[0.636s] Installing squirtle_controller_lifecycle_manager script to /home/ben-may/ROS_Workspaces/ros2_ws_finalproject/install/squirtlebot_py/lib/squirtlebot_py
[0.636s] writing list of installed files to '/home/ben-may/ROS_Workspaces/ros2_ws_finalproject/build/squirtlebot_py/install.log'
[0.650s] Invoked command in '/home/ben-may/ROS_Workspaces/ros2_ws_finalproject/src/squirtlebot_py' returned '0': CMAKE_PREFIX_PATH=/home/ben-may/ROS_Workspaces/ros2_ws_finalproject/install/squirtlebot_interfaces:/home/ben-may/ROS_Workspaces/ros2_ws_finalproject/install/squirtlebot_nodes:/home/ben-may/ROS_Workspaces/ros2_ws_finalproject/install/squirtlebot_bringup:/home/ben-may/ROS_Workspaces/ros2_ws_1/install/actions_cpp:/home/ben-may/ROS_Workspaces/ros2_ws_1/install/my_robot_interfaces:/home/ben-may/ROS_Workspaces/ros2_ws_1/install/executors_cpp:/home/ben-may/ROS_Workspaces/ros2_ws_1/install/components_cpp:/home/ben-may/ROS_Workspaces/ros2_ws_1/install/component_containers_launch_files:/home/ben-may/ROS_Workspaces/ros2_ws_1/install/component_containers_cpp:/home/ben-may/ROS_Workspaces/ros2_ws_moverobot/install/move_robot_bringup:/home/ben-may/ROS_Workspaces/ros2_ws_moverobot/install/move_robot_cpp:/home/ben-may/ROS_Workspaces/ros2_ws_moverobot/install/move_robot_interfaces:/opt/ros/jazzy/opt/gz_sim_vendor:/opt/ros/jazzy/opt/gz_sensors_vendor:/opt/ros/jazzy/opt/gz_physics_vendor:/opt/ros/jazzy/opt/sdformat_vendor:/opt/ros/jazzy/opt/gz_gui_vendor:/opt/ros/jazzy/opt/gz_transport_vendor:/opt/ros/jazzy/opt/gz_rendering_vendor:/opt/ros/jazzy/opt/gz_plugin_vendor:/opt/ros/jazzy/opt/gz_fuel_tools_vendor:/opt/ros/jazzy/opt/gz_msgs_vendor:/opt/ros/jazzy/opt/gz_common_vendor:/opt/ros/jazzy/opt/gz_math_vendor:/opt/ros/jazzy/opt/gz_utils_vendor:/opt/ros/jazzy/opt/gz_tools_vendor:/opt/ros/jazzy/opt/gz_ogre_next_vendor:/opt/ros/jazzy/opt/gz_dartsim_vendor:/opt/ros/jazzy/opt/gz_cmake_vendor DEBUGINFOD_URLS=https://debuginfod.ubuntu.com PYTHONPATH=/home/ben-may/ROS_Workspaces/ros2_ws_finalproject/build/squirtlebot_py/prefix_override:/usr/lib/python3/dist-packages/colcon_core/task/python/colcon_distutils_commands:/home/ben-may/ROS_Workspaces/ros2_ws_finalproject/install/squirtlebot_py/lib/python3.12/site-packages:${PYTHONPATH} /usr/bin/python3 -W ignore:setup.py install is deprecated -W ignore:easy_install command is deprecated setup.py egg_info --egg-base ../../build/squirtlebot_py build --build-base /home/ben-may/ROS_Workspaces/ros2_ws_finalproject/build/squirtlebot_py/build install --record /home/ben-may/ROS_Workspaces/ros2_ws_finalproject/build/squirtlebot_py/install.log --single-version-externally-managed install_data
