[0.011s] Invoking command in '/home/ben-may/ROS_Workspaces/ros2_ws_finalproject/build/squirtlebot_nodes': CMAKE_PREFIX_PATH=/home/ben-may/ROS_Workspaces/ros2_ws_finalproject/install/squirtlebot_interfaces:/home/ben-may/ROS_Workspaces/ros2_ws_finalproject/install/squirtlebot_nodes:/home/ben-may/ROS_Workspaces/ros2_ws_finalproject/install/squirtlebot_bringup:/home/ben-may/ROS_Workspaces/ros2_ws_1/install/actions_cpp:/home/ben-may/ROS_Workspaces/ros2_ws_1/install/my_robot_interfaces:/home/ben-may/ROS_Workspaces/ros2_ws_1/install/executors_cpp:/home/ben-may/ROS_Workspaces/ros2_ws_1/install/components_cpp:/home/ben-may/ROS_Workspaces/ros2_ws_1/install/component_containers_launch_files:/home/ben-may/ROS_Workspaces/ros2_ws_1/install/component_containers_cpp:/home/ben-may/ROS_Workspaces/ros2_ws_moverobot/install/move_robot_bringup:/home/ben-may/ROS_Workspaces/ros2_ws_moverobot/install/move_robot_cpp:/home/ben-may/ROS_Workspaces/ros2_ws_moverobot/install/move_robot_interfaces:/opt/ros/jazzy/opt/gz_sim_vendor:/opt/ros/jazzy/opt/gz_sensors_vendor:/opt/ros/jazzy/opt/gz_physics_vendor:/opt/ros/jazzy/opt/sdformat_vendor:/opt/ros/jazzy/opt/gz_gui_vendor:/opt/ros/jazzy/opt/gz_transport_vendor:/opt/ros/jazzy/opt/gz_rendering_vendor:/opt/ros/jazzy/opt/gz_plugin_vendor:/opt/ros/jazzy/opt/gz_fuel_tools_vendor:/opt/ros/jazzy/opt/gz_msgs_vendor:/opt/ros/jazzy/opt/gz_common_vendor:/opt/ros/jazzy/opt/gz_math_vendor:/opt/ros/jazzy/opt/gz_utils_vendor:/opt/ros/jazzy/opt/gz_tools_vendor:/opt/ros/jazzy/opt/gz_ogre_next_vendor:/opt/ros/jazzy/opt/gz_dartsim_vendor:/opt/ros/jazzy/opt/gz_cmake_vendor:/home/ben-may/ROS_Workspaces/ros2_ws_1/install/actions_py:/home/ben-may/ROS_Workspaces/ros2_ws_1/install/executors_py:/home/ben-may/ROS_Workspaces/ros2_ws_1/install/components_py:/home/ben-may/ROS_Workspaces/ros2_ws_moverobot/install/move_robot_py:/opt/ros/jazzy DEBUGINFOD_URLS=https://debuginfod.ubuntu.com /usr/bin/cmake --build /home/ben-may/ROS_Workspaces/ros2_ws_finalproject/build/squirtlebot_nodes -- -j20 -l20
[0.030s] -- Found ament_cmake: 2.5.4 (/opt/ros/jazzy/share/ament_cmake/cmake)
[0.180s] -- Override CMake install command with custom implementation using symlinks instead of copying resources
[0.185s] -- Found rclcpp: 28.1.9 (/opt/ros/jazzy/share/rclcpp/cmake)
[0.200s] -- Found rosidl_generator_c: 4.6.5 (/opt/ros/jazzy/share/rosidl_generator_c/cmake)
[0.205s] -- Found rosidl_generator_cpp: 4.6.5 (/opt/ros/jazzy/share/rosidl_generator_cpp/cmake)
[0.211s] -- Using all available rosidl_typesupport_c: rosidl_typesupport_fastrtps_c;rosidl_typesupport_introspection_c
[0.219s] -- Using all available rosidl_typesupport_cpp: rosidl_typesupport_fastrtps_cpp;rosidl_typesupport_introspection_cpp
[0.262s] -- Found rmw_implementation_cmake: 7.3.2 (/opt/ros/jazzy/share/rmw_implementation_cmake/cmake)
[0.264s] -- Found rmw_fastrtps_cpp: 8.4.2 (/opt/ros/jazzy/share/rmw_fastrtps_cpp/cmake)
[0.330s] -- Using RMW implementation 'rmw_fastrtps_cpp' as default
[0.384s] -- Found turtlesim: 1.8.3 (/opt/ros/jazzy/share/turtlesim/cmake)
[0.416s] -- Found squirtlebot_interfaces: 0.0.0 (/home/ben-may/ROS_Workspaces/ros2_ws_finalproject/install/squirtlebot_interfaces/share/squirtlebot_interfaces/cmake)
[0.485s] -- Configuring done (0.5s)
[0.495s] -- Generating done (0.0s)
[0.497s] -- Build files have been written to: /home/ben-may/ROS_Workspaces/ros2_ws_finalproject/build/squirtlebot_nodes
[0.528s] [ 25%] [32mBuilding CXX object CMakeFiles/turtlesim_bridge.dir/src/turtlesim_bridge.cpp.o[0m
[0.528s] [ 50%] [32mBuilding CXX object CMakeFiles/squirtle_controller.dir/src/squirtle_controller.cpp.o[0m
[0.640s] [01m[K/home/ben-may/ROS_Workspaces/ros2_ws_finalproject/src/squirtlebot_nodes/src/squirtle_controller.cpp:4:10:[m[K [01;31m[Kfatal error: [m[Krclcpp_lifecycle/lifecycle_node.hpp: No such file or directory
[0.640s]     4 | #include [01;31m[K"rclcpp_lifecycle/lifecycle_node.hpp"[m[K
[0.640s]       |          [01;31m[K^~~~~~~~~~~~~~~~~~~~~~~~~~~~~~~~~~~~~[m[K
[0.640s] compilation terminated.
[0.643s] gmake[2]: *** [CMakeFiles/squirtle_controller.dir/build.make:76: CMakeFiles/squirtle_controller.dir/src/squirtle_controller.cpp.o] Error 1
[0.643s] gmake[1]: *** [CMakeFiles/Makefile2:165: CMakeFiles/squirtle_controller.dir/all] Error 2
[0.643s] gmake[1]: *** Waiting for unfinished jobs....
[1.663s] [01m[K/home/ben-may/ROS_Workspaces/ros2_ws_finalproject/src/squirtlebot_nodes/src/turtlesim_bridge.cpp:[m[K In member function ‘[01m[Kvoid TurtlesimBridgeNode::[01;32m[Kcallback_squirtle_controller_subscriber_[m[K(squirtlebot_interfaces::msg::KillSpawnSquirtle_<std::allocator<void> >::SharedPtr)[m[K’:
[1.663s] [01m[K/home/ben-may/ROS_Workspaces/ros2_ws_finalproject/src/squirtlebot_nodes/src/turtlesim_bridge.cpp:84:115:[m[K [01;35m[Kwarning: [m[Kunused parameter ‘[01m[Kmsg[m[K’ [[01;35m[K]8;;https://gcc.gnu.org/onlinedocs/gcc/Warning-Options.html#index-Wunused-parameter-Wunused-parameter]8;;[m[K]
[1.663s]    84 | ller_subscriber_([01;35m[Kconst squirtlebot_interfaces::msg::KillSpawnSquirtle::SharedPtr msg[m[K)
[1.663s]       |                  [01;35m[K~~~~~~~~~~~~~~~~~~~~~~~~~~~~~~~~~~~~~~~~~~~~~~~~~~~~~~~~~~~~~~~~^~~[m[K
[1.663s] 
[7.207s] [ 75%] [32m[1mLinking CXX executable turtlesim_bridge[0m
[7.466s] [ 75%] Built target turtlesim_bridge
[7.467s] gmake: *** [Makefile:146: all] Error 2
[7.468s] Invoked command in '/home/ben-may/ROS_Workspaces/ros2_ws_finalproject/build/squirtlebot_nodes' returned '2': CMAKE_PREFIX_PATH=/home/ben-may/ROS_Workspaces/ros2_ws_finalproject/install/squirtlebot_interfaces:/home/ben-may/ROS_Workspaces/ros2_ws_finalproject/install/squirtlebot_nodes:/home/ben-may/ROS_Workspaces/ros2_ws_finalproject/install/squirtlebot_bringup:/home/ben-may/ROS_Workspaces/ros2_ws_1/install/actions_cpp:/home/ben-may/ROS_Workspaces/ros2_ws_1/install/my_robot_interfaces:/home/ben-may/ROS_Workspaces/ros2_ws_1/install/executors_cpp:/home/ben-may/ROS_Workspaces/ros2_ws_1/install/components_cpp:/home/ben-may/ROS_Workspaces/ros2_ws_1/install/component_containers_launch_files:/home/ben-may/ROS_Workspaces/ros2_ws_1/install/component_containers_cpp:/home/ben-may/ROS_Workspaces/ros2_ws_moverobot/install/move_robot_bringup:/home/ben-may/ROS_Workspaces/ros2_ws_moverobot/install/move_robot_cpp:/home/ben-may/ROS_Workspaces/ros2_ws_moverobot/install/move_robot_interfaces:/opt/ros/jazzy/opt/gz_sim_vendor:/opt/ros/jazzy/opt/gz_sensors_vendor:/opt/ros/jazzy/opt/gz_physics_vendor:/opt/ros/jazzy/opt/sdformat_vendor:/opt/ros/jazzy/opt/gz_gui_vendor:/opt/ros/jazzy/opt/gz_transport_vendor:/opt/ros/jazzy/opt/gz_rendering_vendor:/opt/ros/jazzy/opt/gz_plugin_vendor:/opt/ros/jazzy/opt/gz_fuel_tools_vendor:/opt/ros/jazzy/opt/gz_msgs_vendor:/opt/ros/jazzy/opt/gz_common_vendor:/opt/ros/jazzy/opt/gz_math_vendor:/opt/ros/jazzy/opt/gz_utils_vendor:/opt/ros/jazzy/opt/gz_tools_vendor:/opt/ros/jazzy/opt/gz_ogre_next_vendor:/opt/ros/jazzy/opt/gz_dartsim_vendor:/opt/ros/jazzy/opt/gz_cmake_vendor:/home/ben-may/ROS_Workspaces/ros2_ws_1/install/actions_py:/home/ben-may/ROS_Workspaces/ros2_ws_1/install/executors_py:/home/ben-may/ROS_Workspaces/ros2_ws_1/install/components_py:/home/ben-may/ROS_Workspaces/ros2_ws_moverobot/install/move_robot_py:/opt/ros/jazzy DEBUGINFOD_URLS=https://debuginfod.ubuntu.com /usr/bin/cmake --build /home/ben-may/ROS_Workspaces/ros2_ws_finalproject/build/squirtlebot_nodes -- -j20 -l20
