[0.007s] Invoking command in '/home/ben-may/ROS_Workspaces/ros2_ws_finalproject/build/squirtlebot_interfaces': CMAKE_PREFIX_PATH=${CMAKE_PREFIX_PATH}:/home/ben-may/ROS_Workspaces/ros2_ws_1/install/actions_py:/home/ben-may/ROS_Workspaces/ros2_ws_1/install/executors_py:/home/ben-may/ROS_Workspaces/ros2_ws_1/install/components_py:/home/ben-may/ROS_Workspaces/ros2_ws_moverobot/install/move_robot_py:/opt/ros/jazzy DEBUGINFOD_URLS=https://debuginfod.ubuntu.com /usr/bin/cmake /home/ben-may/ROS_Workspaces/ros2_ws_finalproject/src/squirtlebot_interfaces -DCMAKE_INSTALL_PREFIX=/home/ben-may/ROS_Workspaces/ros2_ws_finalproject/install/squirtlebot_interfaces
[0.049s] -- The C compiler identification is GNU 13.3.0
[0.085s] -- The CXX compiler identification is GNU 13.3.0
[0.098s] -- Detecting C compiler ABI info
[0.192s] -- Detecting C compiler ABI info - done
[0.197s] -- Check for working C compiler: /usr/bin/cc - skipped
[0.197s] -- Detecting C compile features
[0.197s] -- Detecting C compile features - done
[0.205s] -- Detecting CXX compiler ABI info
[0.281s] -- Detecting CXX compiler ABI info - done
[0.286s] -- Check for working CXX compiler: /usr/bin/c++ - skipped
[0.286s] -- Detecting CXX compile features
[0.286s] -- Detecting CXX compile features - done
[0.288s] -- Found ament_cmake: 2.5.4 (/opt/ros/jazzy/share/ament_cmake/cmake)
[0.390s] -- Found Python3: /usr/bin/python3 (found version "3.12.3") found components: Interpreter 
[0.464s] -- Found rosidl_default_generators: 1.6.0 (/opt/ros/jazzy/share/rosidl_default_generators/cmake)
[0.470s] -- Using all available rosidl_typesupport_c: rosidl_typesupport_fastrtps_c;rosidl_typesupport_introspection_c
[0.506s] -- Using all available rosidl_typesupport_cpp: rosidl_typesupport_fastrtps_cpp;rosidl_typesupport_introspection_cpp
[0.541s] -- Found rosidl_adapter: 4.6.5 (/opt/ros/jazzy/share/rosidl_adapter/cmake)
[0.976s] -- Found ament_cmake_ros: 0.12.0 (/opt/ros/jazzy/share/ament_cmake_ros/cmake)
[1.269s] -- Using all available rosidl_typesupport_c: rosidl_typesupport_fastrtps_c;rosidl_typesupport_introspection_c
[1.652s] -- Using all available rosidl_typesupport_cpp: rosidl_typesupport_fastrtps_cpp;rosidl_typesupport_introspection_cpp
[1.655s] -- Found python_cmake_module: 0.11.1 (/opt/ros/jazzy/share/python_cmake_module/cmake)
[1.745s] -- Found PythonExtra: /usr/bin/python3  
[2.025s] -- Found Python3: /usr/bin/python3 (found version "3.12.3") found components: Interpreter Development NumPy Development.Module Development.Embed 
[2.057s] -- Configuring done (2.0s)
[2.077s] -- Generating done (0.0s)
[2.083s] -- Build files have been written to: /home/ben-may/ROS_Workspaces/ros2_ws_finalproject/build/squirtlebot_interfaces
[2.089s] Invoked command in '/home/ben-may/ROS_Workspaces/ros2_ws_finalproject/build/squirtlebot_interfaces' returned '0': CMAKE_PREFIX_PATH=${CMAKE_PREFIX_PATH}:/home/ben-may/ROS_Workspaces/ros2_ws_1/install/actions_py:/home/ben-may/ROS_Workspaces/ros2_ws_1/install/executors_py:/home/ben-may/ROS_Workspaces/ros2_ws_1/install/components_py:/home/ben-may/ROS_Workspaces/ros2_ws_moverobot/install/move_robot_py:/opt/ros/jazzy DEBUGINFOD_URLS=https://debuginfod.ubuntu.com /usr/bin/cmake /home/ben-may/ROS_Workspaces/ros2_ws_finalproject/src/squirtlebot_interfaces -DCMAKE_INSTALL_PREFIX=/home/ben-may/ROS_Workspaces/ros2_ws_finalproject/install/squirtlebot_interfaces
[2.090s] Invoking command in '/home/ben-may/ROS_Workspaces/ros2_ws_finalproject/build/squirtlebot_interfaces': CMAKE_PREFIX_PATH=${CMAKE_PREFIX_PATH}:/home/ben-may/ROS_Workspaces/ros2_ws_1/install/actions_py:/home/ben-may/ROS_Workspaces/ros2_ws_1/install/executors_py:/home/ben-may/ROS_Workspaces/ros2_ws_1/install/components_py:/home/ben-may/ROS_Workspaces/ros2_ws_moverobot/install/move_robot_py:/opt/ros/jazzy DEBUGINFOD_URLS=https://debuginfod.ubuntu.com /usr/bin/cmake --build /home/ben-may/ROS_Workspaces/ros2_ws_finalproject/build/squirtlebot_interfaces -- -j20 -l20
[2.131s] [  1%] [34m[1mGenerating type hashes for ROS interfaces[0m
[2.136s] [  1%] Built target ament_cmake_python_copy_squirtlebot_interfaces
[2.253s] running egg_info
[2.254s] creating squirtlebot_interfaces.egg-info
[2.262s] writing squirtlebot_interfaces.egg-info/PKG-INFO
[2.262s] writing dependency_links to squirtlebot_interfaces.egg-info/dependency_links.txt
[2.262s] writing top-level names to squirtlebot_interfaces.egg-info/top_level.txt
[2.262s] writing manifest file 'squirtlebot_interfaces.egg-info/SOURCES.txt'
[2.289s] [  1%] Built target squirtlebot_interfaces__rosidl_generator_type_description
[2.289s] reading manifest file 'squirtlebot_interfaces.egg-info/SOURCES.txt'
[2.289s] writing manifest file 'squirtlebot_interfaces.egg-info/SOURCES.txt'
[2.296s] [  3%] [34m[1mGenerating C code for ROS interfaces[0m
[2.306s] [  5%] [34m[1mGenerating C++ code for ROS interfaces[0m
[2.309s] [  5%] Built target ament_cmake_python_build_squirtlebot_interfaces_egg
[2.594s] [  5%] Built target squirtlebot_interfaces__cpp
[2.635s] [  7%] [32mBuilding C object CMakeFiles/squirtlebot_interfaces__rosidl_generator_c.dir/rosidl_generator_c/squirtlebot_interfaces/msg/detail/cancel_squirtle_move__functions.c.o[0m
[2.636s] [  9%] [32mBuilding C object CMakeFiles/squirtlebot_interfaces__rosidl_generator_c.dir/rosidl_generator_c/squirtlebot_interfaces/msg/detail/cancel_squirtle_move__description.c.o[0m
[2.636s] [ 11%] [32mBuilding C object CMakeFiles/squirtlebot_interfaces__rosidl_generator_c.dir/rosidl_generator_c/squirtlebot_interfaces/msg/detail/kill_spawn_squirtle__description.c.o[0m
[2.636s] [ 12%] [32mBuilding C object CMakeFiles/squirtlebot_interfaces__rosidl_generator_c.dir/rosidl_generator_c/squirtlebot_interfaces/msg/detail/kill_spawn_squirtle__functions.c.o[0m
[2.637s] [ 14%] [32mBuilding C object CMakeFiles/squirtlebot_interfaces__rosidl_generator_c.dir/rosidl_generator_c/squirtlebot_interfaces/msg/detail/kill_spawn_squirtle__type_support.c.o[0m
[2.638s] [ 16%] [32mBuilding C object CMakeFiles/squirtlebot_interfaces__rosidl_generator_c.dir/rosidl_generator_c/squirtlebot_interfaces/msg/detail/cancel_squirtle_move__type_support.c.o[0m
[2.639s] [ 20%] [32mBuilding C object CMakeFiles/squirtlebot_interfaces__rosidl_generator_c.dir/rosidl_generator_c/squirtlebot_interfaces/action/detail/squirtle_move__description.c.o[0m
[2.640s] [ 20%] [32mBuilding C object CMakeFiles/squirtlebot_interfaces__rosidl_generator_c.dir/rosidl_generator_c/squirtlebot_interfaces/action/detail/squirtle_move__functions.c.o[0m
[2.640s] [ 22%] [32mBuilding C object CMakeFiles/squirtlebot_interfaces__rosidl_generator_c.dir/rosidl_generator_c/squirtlebot_interfaces/action/detail/squirtle_move__type_support.c.o[0m
[2.745s] [ 24%] [32m[1mLinking C shared library libsquirtlebot_interfaces__rosidl_generator_c.so[0m
[2.772s] [ 24%] Built target squirtlebot_interfaces__rosidl_generator_c
[2.780s] [ 25%] [34m[1mGenerating C++ type support dispatch for ROS interfaces[0m
[2.781s] [ 27%] [34m[1mGenerating C++ introspection for ROS interfaces[0m
[2.782s] [ 29%] [34m[1mGenerating C introspection for ROS interfaces[0m
[2.784s] [ 31%] [34m[1mGenerating C type support for eProsima Fast-RTPS[0m
[2.784s] [ 33%] [34m[1mGenerating C type support dispatch for ROS interfaces[0m
[2.785s] [ 35%] [34m[1mGenerating C++ type support for eProsima Fast-RTPS[0m
[3.052s] [ 37%] [32mBuilding CXX object CMakeFiles/squirtlebot_interfaces__rosidl_typesupport_cpp.dir/rosidl_typesupport_cpp/squirtlebot_interfaces/action/squirtle_move__type_support.cpp.o[0m
[3.053s] [ 40%] [32mBuilding CXX object CMakeFiles/squirtlebot_interfaces__rosidl_typesupport_cpp.dir/rosidl_typesupport_cpp/squirtlebot_interfaces/msg/cancel_squirtle_move__type_support.cpp.o[0m
[3.053s] [ 40%] [32mBuilding CXX object CMakeFiles/squirtlebot_interfaces__rosidl_typesupport_cpp.dir/rosidl_typesupport_cpp/squirtlebot_interfaces/msg/kill_spawn_squirtle__type_support.cpp.o[0m
[3.055s] [ 42%] [32mBuilding CXX object CMakeFiles/squirtlebot_interfaces__rosidl_typesupport_c.dir/rosidl_typesupport_c/squirtlebot_interfaces/msg/kill_spawn_squirtle__type_support.cpp.o[0m
[3.058s] [ 46%] [32mBuilding CXX object CMakeFiles/squirtlebot_interfaces__rosidl_typesupport_c.dir/rosidl_typesupport_c/squirtlebot_interfaces/action/squirtle_move__type_support.cpp.o[0m
[3.059s] [ 46%] [32mBuilding CXX object CMakeFiles/squirtlebot_interfaces__rosidl_typesupport_c.dir/rosidl_typesupport_c/squirtlebot_interfaces/msg/cancel_squirtle_move__type_support.cpp.o[0m
[3.089s] [ 48%] [32mBuilding CXX object CMakeFiles/squirtlebot_interfaces__rosidl_typesupport_introspection_cpp.dir/rosidl_typesupport_introspection_cpp/squirtlebot_interfaces/msg/detail/cancel_squirtle_move__type_support.cpp.o[0m
[3.089s] [ 50%] [32mBuilding CXX object CMakeFiles/squirtlebot_interfaces__rosidl_typesupport_introspection_cpp.dir/rosidl_typesupport_introspection_cpp/squirtlebot_interfaces/msg/detail/kill_spawn_squirtle__type_support.cpp.o[0m
[3.091s] [ 51%] [32mBuilding CXX object CMakeFiles/squirtlebot_interfaces__rosidl_typesupport_introspection_cpp.dir/rosidl_typesupport_introspection_cpp/squirtlebot_interfaces/action/detail/squirtle_move__type_support.cpp.o[0m
[3.104s] [ 53%] [32mBuilding C object CMakeFiles/squirtlebot_interfaces__rosidl_typesupport_introspection_c.dir/rosidl_typesupport_introspection_c/squirtlebot_interfaces/msg/detail/cancel_squirtle_move__type_support.c.o[0m
[3.107s] [ 55%] [32mBuilding C object CMakeFiles/squirtlebot_interfaces__rosidl_typesupport_introspection_c.dir/rosidl_typesupport_introspection_c/squirtlebot_interfaces/msg/detail/kill_spawn_squirtle__type_support.c.o[0m
[3.107s] [ 57%] [32mBuilding C object CMakeFiles/squirtlebot_interfaces__rosidl_typesupport_introspection_c.dir/rosidl_typesupport_introspection_c/squirtlebot_interfaces/action/detail/squirtle_move__type_support.c.o[0m
[3.122s] [ 59%] [32m[1mLinking CXX shared library libsquirtlebot_interfaces__rosidl_typesupport_c.so[0m
[3.164s] [ 59%] Built target squirtlebot_interfaces__rosidl_typesupport_c
[3.184s] [ 61%] [32m[1mLinking C shared library libsquirtlebot_interfaces__rosidl_typesupport_introspection_c.so[0m
[3.222s] [ 62%] [32mBuilding CXX object CMakeFiles/squirtlebot_interfaces__rosidl_typesupport_fastrtps_cpp.dir/rosidl_typesupport_fastrtps_cpp/squirtlebot_interfaces/msg/detail/dds_fastrtps/kill_spawn_squirtle__type_support.cpp.o[0m
[3.225s] [ 66%] [32mBuilding CXX object CMakeFiles/squirtlebot_interfaces__rosidl_typesupport_fastrtps_cpp.dir/rosidl_typesupport_fastrtps_cpp/squirtlebot_interfaces/action/detail/dds_fastrtps/squirtle_move__type_support.cpp.o[0m
[3.225s] [ 66%] [32mBuilding CXX object CMakeFiles/squirtlebot_interfaces__rosidl_typesupport_fastrtps_cpp.dir/rosidl_typesupport_fastrtps_cpp/squirtlebot_interfaces/msg/detail/dds_fastrtps/cancel_squirtle_move__type_support.cpp.o[0m
[3.226s] [ 66%] Built target squirtlebot_interfaces__rosidl_typesupport_introspection_c
[3.267s] [ 68%] [32mBuilding CXX object CMakeFiles/squirtlebot_interfaces__rosidl_typesupport_fastrtps_c.dir/rosidl_typesupport_fastrtps_c/squirtlebot_interfaces/msg/detail/kill_spawn_squirtle__type_support_c.cpp.o[0m
[3.272s] [ 72%] [32mBuilding CXX object CMakeFiles/squirtlebot_interfaces__rosidl_typesupport_fastrtps_c.dir/rosidl_typesupport_fastrtps_c/squirtlebot_interfaces/msg/detail/cancel_squirtle_move__type_support_c.cpp.o[0m
[3.272s] [ 72%] [32mBuilding CXX object CMakeFiles/squirtlebot_interfaces__rosidl_typesupport_fastrtps_c.dir/rosidl_typesupport_fastrtps_c/squirtlebot_interfaces/action/detail/squirtle_move__type_support_c.cpp.o[0m
[3.649s] [ 74%] [32m[1mLinking CXX shared library libsquirtlebot_interfaces__rosidl_typesupport_introspection_cpp.so[0m
[3.708s] [ 74%] Built target squirtlebot_interfaces__rosidl_typesupport_introspection_cpp
[3.715s] [ 75%] [32m[1mLinking CXX shared library libsquirtlebot_interfaces__rosidl_typesupport_fastrtps_c.so[0m
[3.767s] [ 75%] Built target squirtlebot_interfaces__rosidl_typesupport_fastrtps_c
[3.769s] [ 77%] [32m[1mLinking CXX shared library libsquirtlebot_interfaces__rosidl_typesupport_cpp.so[0m
[3.816s] [ 77%] Built target squirtlebot_interfaces__rosidl_typesupport_cpp
[3.893s] [ 79%] [32m[1mLinking CXX shared library libsquirtlebot_interfaces__rosidl_typesupport_fastrtps_cpp.so[0m
[3.945s] [ 79%] Built target squirtlebot_interfaces__rosidl_typesupport_fastrtps_cpp
[3.961s] [ 79%] Built target squirtlebot_interfaces
[3.979s] [ 81%] [34m[1mGenerating Python code for ROS interfaces[0m
[4.412s] [ 81%] Built target squirtlebot_interfaces__py
[4.428s] [ 85%] [32mBuilding C object CMakeFiles/squirtlebot_interfaces__rosidl_generator_py.dir/rosidl_generator_py/squirtlebot_interfaces/action/_squirtle_move_s.c.o[0m
[4.428s] [ 85%] [32mBuilding C object CMakeFiles/squirtlebot_interfaces__rosidl_generator_py.dir/rosidl_generator_py/squirtlebot_interfaces/msg/_kill_spawn_squirtle_s.c.o[0m
[4.428s] [ 87%] [32mBuilding C object CMakeFiles/squirtlebot_interfaces__rosidl_generator_py.dir/rosidl_generator_py/squirtlebot_interfaces/msg/_cancel_squirtle_move_s.c.o[0m
[4.564s] [ 88%] [32m[1mLinking C shared library libsquirtlebot_interfaces__rosidl_generator_py.so[0m
[4.603s] [ 88%] Built target squirtlebot_interfaces__rosidl_generator_py
[4.620s] [ 92%] [32mBuilding C object CMakeFiles/squirtlebot_interfaces_s__rosidl_typesupport_c.dir/rosidl_generator_py/squirtlebot_interfaces/_squirtlebot_interfaces_s.ep.rosidl_typesupport_c.c.o[0m
[4.620s] [ 92%] [32mBuilding C object CMakeFiles/squirtlebot_interfaces_s__rosidl_typesupport_fastrtps_c.dir/rosidl_generator_py/squirtlebot_interfaces/_squirtlebot_interfaces_s.ep.rosidl_typesupport_fastrtps_c.c.o[0m
[4.620s] [ 94%] [32mBuilding C object CMakeFiles/squirtlebot_interfaces_s__rosidl_typesupport_introspection_c.dir/rosidl_generator_py/squirtlebot_interfaces/_squirtlebot_interfaces_s.ep.rosidl_typesupport_introspection_c.c.o[0m
[4.701s] [ 96%] [32m[1mLinking C shared module rosidl_generator_py/squirtlebot_interfaces/squirtlebot_interfaces_s__rosidl_typesupport_c.so[0m
[4.701s] [ 98%] [32m[1mLinking C shared module rosidl_generator_py/squirtlebot_interfaces/squirtlebot_interfaces_s__rosidl_typesupport_introspection_c.so[0m
[4.703s] [100%] [32m[1mLinking C shared module rosidl_generator_py/squirtlebot_interfaces/squirtlebot_interfaces_s__rosidl_typesupport_fastrtps_c.so[0m
[4.725s] [100%] Built target squirtlebot_interfaces_s__rosidl_typesupport_fastrtps_c
[4.725s] [100%] Built target squirtlebot_interfaces_s__rosidl_typesupport_introspection_c
[4.726s] [100%] Built target squirtlebot_interfaces_s__rosidl_typesupport_c
[4.734s] Invoked command in '/home/ben-may/ROS_Workspaces/ros2_ws_finalproject/build/squirtlebot_interfaces' returned '0': CMAKE_PREFIX_PATH=${CMAKE_PREFIX_PATH}:/home/ben-may/ROS_Workspaces/ros2_ws_1/install/actions_py:/home/ben-may/ROS_Workspaces/ros2_ws_1/install/executors_py:/home/ben-may/ROS_Workspaces/ros2_ws_1/install/components_py:/home/ben-may/ROS_Workspaces/ros2_ws_moverobot/install/move_robot_py:/opt/ros/jazzy DEBUGINFOD_URLS=https://debuginfod.ubuntu.com /usr/bin/cmake --build /home/ben-may/ROS_Workspaces/ros2_ws_finalproject/build/squirtlebot_interfaces -- -j20 -l20
[4.743s] Invoking command in '/home/ben-may/ROS_Workspaces/ros2_ws_finalproject/build/squirtlebot_interfaces': CMAKE_PREFIX_PATH=${CMAKE_PREFIX_PATH}:/home/ben-may/ROS_Workspaces/ros2_ws_1/install/actions_py:/home/ben-may/ROS_Workspaces/ros2_ws_1/install/executors_py:/home/ben-may/ROS_Workspaces/ros2_ws_1/install/components_py:/home/ben-may/ROS_Workspaces/ros2_ws_moverobot/install/move_robot_py:/opt/ros/jazzy DEBUGINFOD_URLS=https://debuginfod.ubuntu.com /usr/bin/cmake --install /home/ben-may/ROS_Workspaces/ros2_ws_finalproject/build/squirtlebot_interfaces
[4.751s] -- Install configuration: ""
[4.751s] -- Installing: /home/ben-may/ROS_Workspaces/ros2_ws_finalproject/install/squirtlebot_interfaces/share/ament_index/resource_index/rosidl_interfaces/squirtlebot_interfaces
[4.751s] -- Installing: /home/ben-may/ROS_Workspaces/ros2_ws_finalproject/install/squirtlebot_interfaces/share/squirtlebot_interfaces/action/SquirtleMove.json
[4.751s] -- Installing: /home/ben-may/ROS_Workspaces/ros2_ws_finalproject/install/squirtlebot_interfaces/share/squirtlebot_interfaces/msg/CancelSquirtleMove.json
[4.751s] -- Installing: /home/ben-may/ROS_Workspaces/ros2_ws_finalproject/install/squirtlebot_interfaces/share/squirtlebot_interfaces/msg/KillSpawnSquirtle.json
[4.751s] -- Installing: /home/ben-may/ROS_Workspaces/ros2_ws_finalproject/install/squirtlebot_interfaces/include/squirtlebot_interfaces/squirtlebot_interfaces
[4.751s] -- Installing: /home/ben-may/ROS_Workspaces/ros2_ws_finalproject/install/squirtlebot_interfaces/include/squirtlebot_interfaces/squirtlebot_interfaces/action
[4.751s] -- Installing: /home/ben-may/ROS_Workspaces/ros2_ws_finalproject/install/squirtlebot_interfaces/include/squirtlebot_interfaces/squirtlebot_interfaces/action/detail
[4.751s] -- Installing: /home/ben-may/ROS_Workspaces/ros2_ws_finalproject/install/squirtlebot_interfaces/include/squirtlebot_interfaces/squirtlebot_interfaces/action/detail/squirtle_move__functions.h
[4.751s] -- Installing: /home/ben-may/ROS_Workspaces/ros2_ws_finalproject/install/squirtlebot_interfaces/include/squirtlebot_interfaces/squirtlebot_interfaces/action/detail/squirtle_move__description.c
[4.751s] -- Installing: /home/ben-may/ROS_Workspaces/ros2_ws_finalproject/install/squirtlebot_interfaces/include/squirtlebot_interfaces/squirtlebot_interfaces/action/detail/squirtle_move__type_support.c
[4.751s] -- Installing: /home/ben-may/ROS_Workspaces/ros2_ws_finalproject/install/squirtlebot_interfaces/include/squirtlebot_interfaces/squirtlebot_interfaces/action/detail/squirtle_move__functions.c
[4.752s] -- Installing: /home/ben-may/ROS_Workspaces/ros2_ws_finalproject/install/squirtlebot_interfaces/include/squirtlebot_interfaces/squirtlebot_interfaces/action/detail/squirtle_move__type_support.h
[4.752s] -- Installing: /home/ben-may/ROS_Workspaces/ros2_ws_finalproject/install/squirtlebot_interfaces/include/squirtlebot_interfaces/squirtlebot_interfaces/action/detail/squirtle_move__struct.h
[4.752s] -- Installing: /home/ben-may/ROS_Workspaces/ros2_ws_finalproject/install/squirtlebot_interfaces/include/squirtlebot_interfaces/squirtlebot_interfaces/action/squirtle_move.h
[4.752s] -- Installing: /home/ben-may/ROS_Workspaces/ros2_ws_finalproject/install/squirtlebot_interfaces/include/squirtlebot_interfaces/squirtlebot_interfaces/msg
[4.752s] -- Installing: /home/ben-may/ROS_Workspaces/ros2_ws_finalproject/install/squirtlebot_interfaces/include/squirtlebot_interfaces/squirtlebot_interfaces/msg/detail
[4.752s] -- Installing: /home/ben-may/ROS_Workspaces/ros2_ws_finalproject/install/squirtlebot_interfaces/include/squirtlebot_interfaces/squirtlebot_interfaces/msg/detail/kill_spawn_squirtle__functions.c
[4.752s] -- Installing: /home/ben-may/ROS_Workspaces/ros2_ws_finalproject/install/squirtlebot_interfaces/include/squirtlebot_interfaces/squirtlebot_interfaces/msg/detail/cancel_squirtle_move__type_support.c
[4.752s] -- Installing: /home/ben-may/ROS_Workspaces/ros2_ws_finalproject/install/squirtlebot_interfaces/include/squirtlebot_interfaces/squirtlebot_interfaces/msg/detail/kill_spawn_squirtle__type_support.h
[4.752s] -- Installing: /home/ben-may/ROS_Workspaces/ros2_ws_finalproject/install/squirtlebot_interfaces/include/squirtlebot_interfaces/squirtlebot_interfaces/msg/detail/cancel_squirtle_move__functions.h
[4.752s] -- Installing: /home/ben-may/ROS_Workspaces/ros2_ws_finalproject/install/squirtlebot_interfaces/include/squirtlebot_interfaces/squirtlebot_interfaces/msg/detail/kill_spawn_squirtle__functions.h
[4.752s] -- Installing: /home/ben-may/ROS_Workspaces/ros2_ws_finalproject/install/squirtlebot_interfaces/include/squirtlebot_interfaces/squirtlebot_interfaces/msg/detail/cancel_squirtle_move__functions.c
[4.752s] -- Installing: /home/ben-may/ROS_Workspaces/ros2_ws_finalproject/install/squirtlebot_interfaces/include/squirtlebot_interfaces/squirtlebot_interfaces/msg/detail/cancel_squirtle_move__type_support.h
[4.752s] -- Installing: /home/ben-may/ROS_Workspaces/ros2_ws_finalproject/install/squirtlebot_interfaces/include/squirtlebot_interfaces/squirtlebot_interfaces/msg/detail/kill_spawn_squirtle__type_support.c
[4.752s] -- Installing: /home/ben-may/ROS_Workspaces/ros2_ws_finalproject/install/squirtlebot_interfaces/include/squirtlebot_interfaces/squirtlebot_interfaces/msg/detail/cancel_squirtle_move__struct.h
[4.752s] -- Installing: /home/ben-may/ROS_Workspaces/ros2_ws_finalproject/install/squirtlebot_interfaces/include/squirtlebot_interfaces/squirtlebot_interfaces/msg/detail/kill_spawn_squirtle__description.c
[4.752s] -- Installing: /home/ben-may/ROS_Workspaces/ros2_ws_finalproject/install/squirtlebot_interfaces/include/squirtlebot_interfaces/squirtlebot_interfaces/msg/detail/cancel_squirtle_move__description.c
[4.752s] -- Installing: /home/ben-may/ROS_Workspaces/ros2_ws_finalproject/install/squirtlebot_interfaces/include/squirtlebot_interfaces/squirtlebot_interfaces/msg/detail/kill_spawn_squirtle__struct.h
[4.752s] -- Installing: /home/ben-may/ROS_Workspaces/ros2_ws_finalproject/install/squirtlebot_interfaces/include/squirtlebot_interfaces/squirtlebot_interfaces/msg/rosidl_generator_c__visibility_control.h
[4.752s] -- Installing: /home/ben-may/ROS_Workspaces/ros2_ws_finalproject/install/squirtlebot_interfaces/include/squirtlebot_interfaces/squirtlebot_interfaces/msg/kill_spawn_squirtle.h
[4.752s] -- Installing: /home/ben-may/ROS_Workspaces/ros2_ws_finalproject/install/squirtlebot_interfaces/include/squirtlebot_interfaces/squirtlebot_interfaces/msg/cancel_squirtle_move.h
[4.752s] -- Installing: /home/ben-may/ROS_Workspaces/ros2_ws_finalproject/install/squirtlebot_interfaces/share/squirtlebot_interfaces/environment/library_path.sh
[4.752s] -- Installing: /home/ben-may/ROS_Workspaces/ros2_ws_finalproject/install/squirtlebot_interfaces/share/squirtlebot_interfaces/environment/library_path.dsv
[4.753s] -- Installing: /home/ben-may/ROS_Workspaces/ros2_ws_finalproject/install/squirtlebot_interfaces/lib/libsquirtlebot_interfaces__rosidl_generator_c.so
[4.753s] -- Set non-toolchain portion of runtime path of "/home/ben-may/ROS_Workspaces/ros2_ws_finalproject/install/squirtlebot_interfaces/lib/libsquirtlebot_interfaces__rosidl_generator_c.so" to ""
[4.753s] -- Up-to-date: /home/ben-may/ROS_Workspaces/ros2_ws_finalproject/install/squirtlebot_interfaces/include/squirtlebot_interfaces/squirtlebot_interfaces
[4.753s] -- Up-to-date: /home/ben-may/ROS_Workspaces/ros2_ws_finalproject/install/squirtlebot_interfaces/include/squirtlebot_interfaces/squirtlebot_interfaces/action
[4.753s] -- Up-to-date: /home/ben-may/ROS_Workspaces/ros2_ws_finalproject/install/squirtlebot_interfaces/include/squirtlebot_interfaces/squirtlebot_interfaces/action/detail
[4.753s] -- Installing: /home/ben-may/ROS_Workspaces/ros2_ws_finalproject/install/squirtlebot_interfaces/include/squirtlebot_interfaces/squirtlebot_interfaces/action/detail/squirtle_move__rosidl_typesupport_fastrtps_c.h
[4.753s] -- Up-to-date: /home/ben-may/ROS_Workspaces/ros2_ws_finalproject/install/squirtlebot_interfaces/include/squirtlebot_interfaces/squirtlebot_interfaces/msg
[4.753s] -- Installing: /home/ben-may/ROS_Workspaces/ros2_ws_finalproject/install/squirtlebot_interfaces/include/squirtlebot_interfaces/squirtlebot_interfaces/msg/rosidl_typesupport_fastrtps_c__visibility_control.h
[4.753s] -- Up-to-date: /home/ben-may/ROS_Workspaces/ros2_ws_finalproject/install/squirtlebot_interfaces/include/squirtlebot_interfaces/squirtlebot_interfaces/msg/detail
[4.753s] -- Installing: /home/ben-may/ROS_Workspaces/ros2_ws_finalproject/install/squirtlebot_interfaces/include/squirtlebot_interfaces/squirtlebot_interfaces/msg/detail/kill_spawn_squirtle__rosidl_typesupport_fastrtps_c.h
[4.753s] -- Installing: /home/ben-may/ROS_Workspaces/ros2_ws_finalproject/install/squirtlebot_interfaces/include/squirtlebot_interfaces/squirtlebot_interfaces/msg/detail/cancel_squirtle_move__rosidl_typesupport_fastrtps_c.h
[4.753s] -- Installing: /home/ben-may/ROS_Workspaces/ros2_ws_finalproject/install/squirtlebot_interfaces/lib/libsquirtlebot_interfaces__rosidl_typesupport_fastrtps_c.so
[4.753s] -- Set non-toolchain portion of runtime path of "/home/ben-may/ROS_Workspaces/ros2_ws_finalproject/install/squirtlebot_interfaces/lib/libsquirtlebot_interfaces__rosidl_typesupport_fastrtps_c.so" to ""
[4.753s] -- Up-to-date: /home/ben-may/ROS_Workspaces/ros2_ws_finalproject/install/squirtlebot_interfaces/include/squirtlebot_interfaces/squirtlebot_interfaces
[4.753s] -- Up-to-date: /home/ben-may/ROS_Workspaces/ros2_ws_finalproject/install/squirtlebot_interfaces/include/squirtlebot_interfaces/squirtlebot_interfaces/action
[4.753s] -- Up-to-date: /home/ben-may/ROS_Workspaces/ros2_ws_finalproject/install/squirtlebot_interfaces/include/squirtlebot_interfaces/squirtlebot_interfaces/action/detail
[4.753s] -- Installing: /home/ben-may/ROS_Workspaces/ros2_ws_finalproject/install/squirtlebot_interfaces/include/squirtlebot_interfaces/squirtlebot_interfaces/action/detail/squirtle_move__rosidl_typesupport_introspection_c.h
[4.753s] -- Installing: /home/ben-may/ROS_Workspaces/ros2_ws_finalproject/install/squirtlebot_interfaces/include/squirtlebot_interfaces/squirtlebot_interfaces/action/detail/squirtle_move__type_support.c
[4.753s] -- Up-to-date: /home/ben-may/ROS_Workspaces/ros2_ws_finalproject/install/squirtlebot_interfaces/include/squirtlebot_interfaces/squirtlebot_interfaces/msg
[4.753s] -- Installing: /home/ben-may/ROS_Workspaces/ros2_ws_finalproject/install/squirtlebot_interfaces/include/squirtlebot_interfaces/squirtlebot_interfaces/msg/rosidl_typesupport_introspection_c__visibility_control.h
[4.753s] -- Up-to-date: /home/ben-may/ROS_Workspaces/ros2_ws_finalproject/install/squirtlebot_interfaces/include/squirtlebot_interfaces/squirtlebot_interfaces/msg/detail
[4.753s] -- Installing: /home/ben-may/ROS_Workspaces/ros2_ws_finalproject/install/squirtlebot_interfaces/include/squirtlebot_interfaces/squirtlebot_interfaces/msg/detail/cancel_squirtle_move__type_support.c
[4.753s] -- Installing: /home/ben-may/ROS_Workspaces/ros2_ws_finalproject/install/squirtlebot_interfaces/include/squirtlebot_interfaces/squirtlebot_interfaces/msg/detail/kill_spawn_squirtle__rosidl_typesupport_introspection_c.h
[4.754s] -- Installing: /home/ben-may/ROS_Workspaces/ros2_ws_finalproject/install/squirtlebot_interfaces/include/squirtlebot_interfaces/squirtlebot_interfaces/msg/detail/kill_spawn_squirtle__type_support.c
[4.754s] -- Installing: /home/ben-may/ROS_Workspaces/ros2_ws_finalproject/install/squirtlebot_interfaces/include/squirtlebot_interfaces/squirtlebot_interfaces/msg/detail/cancel_squirtle_move__rosidl_typesupport_introspection_c.h
[4.754s] -- Installing: /home/ben-may/ROS_Workspaces/ros2_ws_finalproject/install/squirtlebot_interfaces/lib/libsquirtlebot_interfaces__rosidl_typesupport_introspection_c.so
[4.754s] -- Set non-toolchain portion of runtime path of "/home/ben-may/ROS_Workspaces/ros2_ws_finalproject/install/squirtlebot_interfaces/lib/libsquirtlebot_interfaces__rosidl_typesupport_introspection_c.so" to ""
[4.754s] -- Installing: /home/ben-may/ROS_Workspaces/ros2_ws_finalproject/install/squirtlebot_interfaces/lib/libsquirtlebot_interfaces__rosidl_typesupport_c.so
[4.754s] -- Set non-toolchain portion of runtime path of "/home/ben-may/ROS_Workspaces/ros2_ws_finalproject/install/squirtlebot_interfaces/lib/libsquirtlebot_interfaces__rosidl_typesupport_c.so" to ""
[4.754s] -- Up-to-date: /home/ben-may/ROS_Workspaces/ros2_ws_finalproject/install/squirtlebot_interfaces/include/squirtlebot_interfaces/squirtlebot_interfaces
[4.754s] -- Up-to-date: /home/ben-may/ROS_Workspaces/ros2_ws_finalproject/install/squirtlebot_interfaces/include/squirtlebot_interfaces/squirtlebot_interfaces/action
[4.754s] -- Up-to-date: /home/ben-may/ROS_Workspaces/ros2_ws_finalproject/install/squirtlebot_interfaces/include/squirtlebot_interfaces/squirtlebot_interfaces/action/detail
[4.754s] -- Installing: /home/ben-may/ROS_Workspaces/ros2_ws_finalproject/install/squirtlebot_interfaces/include/squirtlebot_interfaces/squirtlebot_interfaces/action/detail/squirtle_move__type_support.hpp
[4.754s] -- Installing: /home/ben-may/ROS_Workspaces/ros2_ws_finalproject/install/squirtlebot_interfaces/include/squirtlebot_interfaces/squirtlebot_interfaces/action/detail/squirtle_move__struct.hpp
[4.754s] -- Installing: /home/ben-may/ROS_Workspaces/ros2_ws_finalproject/install/squirtlebot_interfaces/include/squirtlebot_interfaces/squirtlebot_interfaces/action/detail/squirtle_move__traits.hpp
[4.754s] -- Installing: /home/ben-may/ROS_Workspaces/ros2_ws_finalproject/install/squirtlebot_interfaces/include/squirtlebot_interfaces/squirtlebot_interfaces/action/detail/squirtle_move__builder.hpp
[4.754s] -- Installing: /home/ben-may/ROS_Workspaces/ros2_ws_finalproject/install/squirtlebot_interfaces/include/squirtlebot_interfaces/squirtlebot_interfaces/action/squirtle_move.hpp
[4.754s] -- Up-to-date: /home/ben-may/ROS_Workspaces/ros2_ws_finalproject/install/squirtlebot_interfaces/include/squirtlebot_interfaces/squirtlebot_interfaces/msg
[4.754s] -- Installing: /home/ben-may/ROS_Workspaces/ros2_ws_finalproject/install/squirtlebot_interfaces/include/squirtlebot_interfaces/squirtlebot_interfaces/msg/rosidl_generator_cpp__visibility_control.hpp
[4.754s] -- Up-to-date: /home/ben-may/ROS_Workspaces/ros2_ws_finalproject/install/squirtlebot_interfaces/include/squirtlebot_interfaces/squirtlebot_interfaces/msg/detail
[4.754s] -- Installing: /home/ben-may/ROS_Workspaces/ros2_ws_finalproject/install/squirtlebot_interfaces/include/squirtlebot_interfaces/squirtlebot_interfaces/msg/detail/kill_spawn_squirtle__builder.hpp
[4.754s] -- Installing: /home/ben-may/ROS_Workspaces/ros2_ws_finalproject/install/squirtlebot_interfaces/include/squirtlebot_interfaces/squirtlebot_interfaces/msg/detail/cancel_squirtle_move__type_support.hpp
[4.754s] -- Installing: /home/ben-may/ROS_Workspaces/ros2_ws_finalproject/install/squirtlebot_interfaces/include/squirtlebot_interfaces/squirtlebot_interfaces/msg/detail/cancel_squirtle_move__builder.hpp
[4.754s] -- Installing: /home/ben-may/ROS_Workspaces/ros2_ws_finalproject/install/squirtlebot_interfaces/include/squirtlebot_interfaces/squirtlebot_interfaces/msg/detail/cancel_squirtle_move__struct.hpp
[4.755s] -- Installing: /home/ben-may/ROS_Workspaces/ros2_ws_finalproject/install/squirtlebot_interfaces/include/squirtlebot_interfaces/squirtlebot_interfaces/msg/detail/kill_spawn_squirtle__type_support.hpp
[4.755s] -- Installing: /home/ben-may/ROS_Workspaces/ros2_ws_finalproject/install/squirtlebot_interfaces/include/squirtlebot_interfaces/squirtlebot_interfaces/msg/detail/kill_spawn_squirtle__traits.hpp
[4.755s] -- Installing: /home/ben-may/ROS_Workspaces/ros2_ws_finalproject/install/squirtlebot_interfaces/include/squirtlebot_interfaces/squirtlebot_interfaces/msg/detail/kill_spawn_squirtle__struct.hpp
[4.755s] -- Installing: /home/ben-may/ROS_Workspaces/ros2_ws_finalproject/install/squirtlebot_interfaces/include/squirtlebot_interfaces/squirtlebot_interfaces/msg/detail/cancel_squirtle_move__traits.hpp
[4.755s] -- Installing: /home/ben-may/ROS_Workspaces/ros2_ws_finalproject/install/squirtlebot_interfaces/include/squirtlebot_interfaces/squirtlebot_interfaces/msg/kill_spawn_squirtle.hpp
[4.755s] -- Installing: /home/ben-may/ROS_Workspaces/ros2_ws_finalproject/install/squirtlebot_interfaces/include/squirtlebot_interfaces/squirtlebot_interfaces/msg/cancel_squirtle_move.hpp
[4.755s] -- Up-to-date: /home/ben-may/ROS_Workspaces/ros2_ws_finalproject/install/squirtlebot_interfaces/include/squirtlebot_interfaces/squirtlebot_interfaces
[4.755s] -- Up-to-date: /home/ben-may/ROS_Workspaces/ros2_ws_finalproject/install/squirtlebot_interfaces/include/squirtlebot_interfaces/squirtlebot_interfaces/action
[4.755s] -- Up-to-date: /home/ben-may/ROS_Workspaces/ros2_ws_finalproject/install/squirtlebot_interfaces/include/squirtlebot_interfaces/squirtlebot_interfaces/action/detail
[4.755s] -- Installing: /home/ben-may/ROS_Workspaces/ros2_ws_finalproject/install/squirtlebot_interfaces/include/squirtlebot_interfaces/squirtlebot_interfaces/action/detail/dds_fastrtps
[4.755s] -- Installing: /home/ben-may/ROS_Workspaces/ros2_ws_finalproject/install/squirtlebot_interfaces/include/squirtlebot_interfaces/squirtlebot_interfaces/action/detail/squirtle_move__rosidl_typesupport_fastrtps_cpp.hpp
[4.755s] -- Up-to-date: /home/ben-may/ROS_Workspaces/ros2_ws_finalproject/install/squirtlebot_interfaces/include/squirtlebot_interfaces/squirtlebot_interfaces/msg
[4.755s] -- Installing: /home/ben-may/ROS_Workspaces/ros2_ws_finalproject/install/squirtlebot_interfaces/include/squirtlebot_interfaces/squirtlebot_interfaces/msg/rosidl_typesupport_fastrtps_cpp__visibility_control.h
[4.755s] -- Up-to-date: /home/ben-may/ROS_Workspaces/ros2_ws_finalproject/install/squirtlebot_interfaces/include/squirtlebot_interfaces/squirtlebot_interfaces/msg/detail
[4.755s] -- Installing: /home/ben-may/ROS_Workspaces/ros2_ws_finalproject/install/squirtlebot_interfaces/include/squirtlebot_interfaces/squirtlebot_interfaces/msg/detail/dds_fastrtps
[4.755s] -- Installing: /home/ben-may/ROS_Workspaces/ros2_ws_finalproject/install/squirtlebot_interfaces/include/squirtlebot_interfaces/squirtlebot_interfaces/msg/detail/kill_spawn_squirtle__rosidl_typesupport_fastrtps_cpp.hpp
[4.755s] -- Installing: /home/ben-may/ROS_Workspaces/ros2_ws_finalproject/install/squirtlebot_interfaces/include/squirtlebot_interfaces/squirtlebot_interfaces/msg/detail/cancel_squirtle_move__rosidl_typesupport_fastrtps_cpp.hpp
[4.755s] -- Installing: /home/ben-may/ROS_Workspaces/ros2_ws_finalproject/install/squirtlebot_interfaces/lib/libsquirtlebot_interfaces__rosidl_typesupport_fastrtps_cpp.so
[4.755s] -- Set non-toolchain portion of runtime path of "/home/ben-may/ROS_Workspaces/ros2_ws_finalproject/install/squirtlebot_interfaces/lib/libsquirtlebot_interfaces__rosidl_typesupport_fastrtps_cpp.so" to ""
[4.755s] -- Up-to-date: /home/ben-may/ROS_Workspaces/ros2_ws_finalproject/install/squirtlebot_interfaces/include/squirtlebot_interfaces/squirtlebot_interfaces
[4.755s] -- Up-to-date: /home/ben-may/ROS_Workspaces/ros2_ws_finalproject/install/squirtlebot_interfaces/include/squirtlebot_interfaces/squirtlebot_interfaces/action
[4.755s] -- Up-to-date: /home/ben-may/ROS_Workspaces/ros2_ws_finalproject/install/squirtlebot_interfaces/include/squirtlebot_interfaces/squirtlebot_interfaces/action/detail
[4.755s] -- Installing: /home/ben-may/ROS_Workspaces/ros2_ws_finalproject/install/squirtlebot_interfaces/include/squirtlebot_interfaces/squirtlebot_interfaces/action/detail/squirtle_move__rosidl_typesupport_introspection_cpp.hpp
[4.755s] -- Installing: /home/ben-may/ROS_Workspaces/ros2_ws_finalproject/install/squirtlebot_interfaces/include/squirtlebot_interfaces/squirtlebot_interfaces/action/detail/squirtle_move__type_support.cpp
[4.755s] -- Up-to-date: /home/ben-may/ROS_Workspaces/ros2_ws_finalproject/install/squirtlebot_interfaces/include/squirtlebot_interfaces/squirtlebot_interfaces/msg
[4.755s] -- Up-to-date: /home/ben-may/ROS_Workspaces/ros2_ws_finalproject/install/squirtlebot_interfaces/include/squirtlebot_interfaces/squirtlebot_interfaces/msg/detail
[4.756s] -- Installing: /home/ben-may/ROS_Workspaces/ros2_ws_finalproject/install/squirtlebot_interfaces/include/squirtlebot_interfaces/squirtlebot_interfaces/msg/detail/cancel_squirtle_move__rosidl_typesupport_introspection_cpp.hpp
[4.756s] -- Installing: /home/ben-may/ROS_Workspaces/ros2_ws_finalproject/install/squirtlebot_interfaces/include/squirtlebot_interfaces/squirtlebot_interfaces/msg/detail/kill_spawn_squirtle__type_support.cpp
[4.756s] -- Installing: /home/ben-may/ROS_Workspaces/ros2_ws_finalproject/install/squirtlebot_interfaces/include/squirtlebot_interfaces/squirtlebot_interfaces/msg/detail/kill_spawn_squirtle__rosidl_typesupport_introspection_cpp.hpp
[4.756s] -- Installing: /home/ben-may/ROS_Workspaces/ros2_ws_finalproject/install/squirtlebot_interfaces/include/squirtlebot_interfaces/squirtlebot_interfaces/msg/detail/cancel_squirtle_move__type_support.cpp
[4.756s] -- Installing: /home/ben-may/ROS_Workspaces/ros2_ws_finalproject/install/squirtlebot_interfaces/lib/libsquirtlebot_interfaces__rosidl_typesupport_introspection_cpp.so
[4.756s] -- Set non-toolchain portion of runtime path of "/home/ben-may/ROS_Workspaces/ros2_ws_finalproject/install/squirtlebot_interfaces/lib/libsquirtlebot_interfaces__rosidl_typesupport_introspection_cpp.so" to ""
[4.756s] -- Installing: /home/ben-may/ROS_Workspaces/ros2_ws_finalproject/install/squirtlebot_interfaces/lib/libsquirtlebot_interfaces__rosidl_typesupport_cpp.so
[4.756s] -- Set non-toolchain portion of runtime path of "/home/ben-may/ROS_Workspaces/ros2_ws_finalproject/install/squirtlebot_interfaces/lib/libsquirtlebot_interfaces__rosidl_typesupport_cpp.so" to ""
[4.756s] -- Installing: /home/ben-may/ROS_Workspaces/ros2_ws_finalproject/install/squirtlebot_interfaces/share/squirtlebot_interfaces/environment/pythonpath.sh
[4.756s] -- Installing: /home/ben-may/ROS_Workspaces/ros2_ws_finalproject/install/squirtlebot_interfaces/share/squirtlebot_interfaces/environment/pythonpath.dsv
[4.756s] -- Installing: /home/ben-may/ROS_Workspaces/ros2_ws_finalproject/install/squirtlebot_interfaces/lib/python3.12/site-packages/squirtlebot_interfaces-0.0.0-py3.12.egg-info
[4.756s] -- Installing: /home/ben-may/ROS_Workspaces/ros2_ws_finalproject/install/squirtlebot_interfaces/lib/python3.12/site-packages/squirtlebot_interfaces-0.0.0-py3.12.egg-info/dependency_links.txt
[4.756s] -- Installing: /home/ben-may/ROS_Workspaces/ros2_ws_finalproject/install/squirtlebot_interfaces/lib/python3.12/site-packages/squirtlebot_interfaces-0.0.0-py3.12.egg-info/SOURCES.txt
[4.756s] -- Installing: /home/ben-may/ROS_Workspaces/ros2_ws_finalproject/install/squirtlebot_interfaces/lib/python3.12/site-packages/squirtlebot_interfaces-0.0.0-py3.12.egg-info/PKG-INFO
[4.756s] -- Installing: /home/ben-may/ROS_Workspaces/ros2_ws_finalproject/install/squirtlebot_interfaces/lib/python3.12/site-packages/squirtlebot_interfaces-0.0.0-py3.12.egg-info/top_level.txt
[4.756s] -- Installing: /home/ben-may/ROS_Workspaces/ros2_ws_finalproject/install/squirtlebot_interfaces/lib/python3.12/site-packages/squirtlebot_interfaces
[4.756s] -- Installing: /home/ben-may/ROS_Workspaces/ros2_ws_finalproject/install/squirtlebot_interfaces/lib/python3.12/site-packages/squirtlebot_interfaces/__init__.py
[4.756s] -- Installing: /home/ben-may/ROS_Workspaces/ros2_ws_finalproject/install/squirtlebot_interfaces/lib/python3.12/site-packages/squirtlebot_interfaces/action
[4.756s] -- Installing: /home/ben-may/ROS_Workspaces/ros2_ws_finalproject/install/squirtlebot_interfaces/lib/python3.12/site-packages/squirtlebot_interfaces/action/__init__.py
[4.757s] -- Installing: /home/ben-may/ROS_Workspaces/ros2_ws_finalproject/install/squirtlebot_interfaces/lib/python3.12/site-packages/squirtlebot_interfaces/action/_squirtle_move_s.c
[4.757s] -- Installing: /home/ben-may/ROS_Workspaces/ros2_ws_finalproject/install/squirtlebot_interfaces/lib/python3.12/site-packages/squirtlebot_interfaces/action/_squirtle_move.py
[4.757s] -- Installing: /home/ben-may/ROS_Workspaces/ros2_ws_finalproject/install/squirtlebot_interfaces/lib/python3.12/site-packages/squirtlebot_interfaces/_squirtlebot_interfaces_s.ep.rosidl_typesupport_fastrtps_c.c
[4.757s] -- Installing: /home/ben-may/ROS_Workspaces/ros2_ws_finalproject/install/squirtlebot_interfaces/lib/python3.12/site-packages/squirtlebot_interfaces/squirtlebot_interfaces_s__rosidl_typesupport_introspection_c.so
[4.757s] -- Installing: /home/ben-may/ROS_Workspaces/ros2_ws_finalproject/install/squirtlebot_interfaces/lib/python3.12/site-packages/squirtlebot_interfaces/_squirtlebot_interfaces_s.ep.rosidl_typesupport_c.c
[4.757s] -- Installing: /home/ben-may/ROS_Workspaces/ros2_ws_finalproject/install/squirtlebot_interfaces/lib/python3.12/site-packages/squirtlebot_interfaces/msg
[4.757s] -- Installing: /home/ben-may/ROS_Workspaces/ros2_ws_finalproject/install/squirtlebot_interfaces/lib/python3.12/site-packages/squirtlebot_interfaces/msg/__init__.py
[4.757s] -- Installing: /home/ben-may/ROS_Workspaces/ros2_ws_finalproject/install/squirtlebot_interfaces/lib/python3.12/site-packages/squirtlebot_interfaces/msg/_cancel_squirtle_move.py
[4.757s] -- Installing: /home/ben-may/ROS_Workspaces/ros2_ws_finalproject/install/squirtlebot_interfaces/lib/python3.12/site-packages/squirtlebot_interfaces/msg/_cancel_squirtle_move_s.c
[4.757s] -- Installing: /home/ben-may/ROS_Workspaces/ros2_ws_finalproject/install/squirtlebot_interfaces/lib/python3.12/site-packages/squirtlebot_interfaces/msg/_kill_spawn_squirtle.py
[4.757s] -- Installing: /home/ben-may/ROS_Workspaces/ros2_ws_finalproject/install/squirtlebot_interfaces/lib/python3.12/site-packages/squirtlebot_interfaces/msg/_kill_spawn_squirtle_s.c
[4.757s] -- Installing: /home/ben-may/ROS_Workspaces/ros2_ws_finalproject/install/squirtlebot_interfaces/lib/python3.12/site-packages/squirtlebot_interfaces/squirtlebot_interfaces_s__rosidl_typesupport_fastrtps_c.so
[4.757s] -- Installing: /home/ben-may/ROS_Workspaces/ros2_ws_finalproject/install/squirtlebot_interfaces/lib/python3.12/site-packages/squirtlebot_interfaces/_squirtlebot_interfaces_s.ep.rosidl_typesupport_introspection_c.c
[4.757s] -- Installing: /home/ben-may/ROS_Workspaces/ros2_ws_finalproject/install/squirtlebot_interfaces/lib/python3.12/site-packages/squirtlebot_interfaces/squirtlebot_interfaces_s__rosidl_typesupport_c.so
[4.791s] Listing '/home/ben-may/ROS_Workspaces/ros2_ws_finalproject/install/squirtlebot_interfaces/lib/python3.12/site-packages/squirtlebot_interfaces'...
[4.792s] Compiling '/home/ben-may/ROS_Workspaces/ros2_ws_finalproject/install/squirtlebot_interfaces/lib/python3.12/site-packages/squirtlebot_interfaces/__init__.py'...
[4.792s] Listing '/home/ben-may/ROS_Workspaces/ros2_ws_finalproject/install/squirtlebot_interfaces/lib/python3.12/site-packages/squirtlebot_interfaces/action'...
[4.792s] Compiling '/home/ben-may/ROS_Workspaces/ros2_ws_finalproject/install/squirtlebot_interfaces/lib/python3.12/site-packages/squirtlebot_interfaces/action/__init__.py'...
[4.792s] Compiling '/home/ben-may/ROS_Workspaces/ros2_ws_finalproject/install/squirtlebot_interfaces/lib/python3.12/site-packages/squirtlebot_interfaces/action/_squirtle_move.py'...
[4.792s] Listing '/home/ben-may/ROS_Workspaces/ros2_ws_finalproject/install/squirtlebot_interfaces/lib/python3.12/site-packages/squirtlebot_interfaces/msg'...
[4.792s] Compiling '/home/ben-may/ROS_Workspaces/ros2_ws_finalproject/install/squirtlebot_interfaces/lib/python3.12/site-packages/squirtlebot_interfaces/msg/__init__.py'...
[4.792s] Compiling '/home/ben-may/ROS_Workspaces/ros2_ws_finalproject/install/squirtlebot_interfaces/lib/python3.12/site-packages/squirtlebot_interfaces/msg/_cancel_squirtle_move.py'...
[4.792s] Compiling '/home/ben-may/ROS_Workspaces/ros2_ws_finalproject/install/squirtlebot_interfaces/lib/python3.12/site-packages/squirtlebot_interfaces/msg/_kill_spawn_squirtle.py'...
[4.795s] -- Installing: /home/ben-may/ROS_Workspaces/ros2_ws_finalproject/install/squirtlebot_interfaces/lib/python3.12/site-packages/squirtlebot_interfaces/squirtlebot_interfaces_s__rosidl_typesupport_fastrtps_c.so
[4.795s] -- Set non-toolchain portion of runtime path of "/home/ben-may/ROS_Workspaces/ros2_ws_finalproject/install/squirtlebot_interfaces/lib/python3.12/site-packages/squirtlebot_interfaces/squirtlebot_interfaces_s__rosidl_typesupport_fastrtps_c.so" to ""
[4.795s] -- Installing: /home/ben-may/ROS_Workspaces/ros2_ws_finalproject/install/squirtlebot_interfaces/lib/python3.12/site-packages/squirtlebot_interfaces/squirtlebot_interfaces_s__rosidl_typesupport_introspection_c.so
[4.795s] -- Set non-toolchain portion of runtime path of "/home/ben-may/ROS_Workspaces/ros2_ws_finalproject/install/squirtlebot_interfaces/lib/python3.12/site-packages/squirtlebot_interfaces/squirtlebot_interfaces_s__rosidl_typesupport_introspection_c.so" to ""
[4.795s] -- Installing: /home/ben-may/ROS_Workspaces/ros2_ws_finalproject/install/squirtlebot_interfaces/lib/python3.12/site-packages/squirtlebot_interfaces/squirtlebot_interfaces_s__rosidl_typesupport_c.so
[4.795s] -- Set non-toolchain portion of runtime path of "/home/ben-may/ROS_Workspaces/ros2_ws_finalproject/install/squirtlebot_interfaces/lib/python3.12/site-packages/squirtlebot_interfaces/squirtlebot_interfaces_s__rosidl_typesupport_c.so" to ""
[4.795s] -- Installing: /home/ben-may/ROS_Workspaces/ros2_ws_finalproject/install/squirtlebot_interfaces/lib/libsquirtlebot_interfaces__rosidl_generator_py.so
[4.795s] -- Set non-toolchain portion of runtime path of "/home/ben-may/ROS_Workspaces/ros2_ws_finalproject/install/squirtlebot_interfaces/lib/libsquirtlebot_interfaces__rosidl_generator_py.so" to ""
[4.795s] -- Installing: /home/ben-may/ROS_Workspaces/ros2_ws_finalproject/install/squirtlebot_interfaces/share/squirtlebot_interfaces/action/SquirtleMove.idl
[4.796s] -- Installing: /home/ben-may/ROS_Workspaces/ros2_ws_finalproject/install/squirtlebot_interfaces/share/squirtlebot_interfaces/msg/CancelSquirtleMove.idl
[4.796s] -- Installing: /home/ben-may/ROS_Workspaces/ros2_ws_finalproject/install/squirtlebot_interfaces/share/squirtlebot_interfaces/msg/KillSpawnSquirtle.idl
[4.796s] -- Installing: /home/ben-may/ROS_Workspaces/ros2_ws_finalproject/install/squirtlebot_interfaces/share/squirtlebot_interfaces/action/SquirtleMove.action
[4.796s] -- Installing: /home/ben-may/ROS_Workspaces/ros2_ws_finalproject/install/squirtlebot_interfaces/share/squirtlebot_interfaces/msg/CancelSquirtleMove.msg
[4.796s] -- Installing: /home/ben-may/ROS_Workspaces/ros2_ws_finalproject/install/squirtlebot_interfaces/share/squirtlebot_interfaces/msg/KillSpawnSquirtle.msg
[4.796s] -- Installing: /home/ben-may/ROS_Workspaces/ros2_ws_finalproject/install/squirtlebot_interfaces/share/ament_index/resource_index/package_run_dependencies/squirtlebot_interfaces
[4.796s] -- Installing: /home/ben-may/ROS_Workspaces/ros2_ws_finalproject/install/squirtlebot_interfaces/share/ament_index/resource_index/parent_prefix_path/squirtlebot_interfaces
[4.796s] -- Installing: /home/ben-may/ROS_Workspaces/ros2_ws_finalproject/install/squirtlebot_interfaces/share/squirtlebot_interfaces/environment/ament_prefix_path.sh
[4.796s] -- Installing: /home/ben-may/ROS_Workspaces/ros2_ws_finalproject/install/squirtlebot_interfaces/share/squirtlebot_interfaces/environment/ament_prefix_path.dsv
[4.796s] -- Installing: /home/ben-may/ROS_Workspaces/ros2_ws_finalproject/install/squirtlebot_interfaces/share/squirtlebot_interfaces/environment/path.sh
[4.796s] -- Installing: /home/ben-may/ROS_Workspaces/ros2_ws_finalproject/install/squirtlebot_interfaces/share/squirtlebot_interfaces/environment/path.dsv
[4.796s] -- Installing: /home/ben-may/ROS_Workspaces/ros2_ws_finalproject/install/squirtlebot_interfaces/share/squirtlebot_interfaces/local_setup.bash
[4.796s] -- Installing: /home/ben-may/ROS_Workspaces/ros2_ws_finalproject/install/squirtlebot_interfaces/share/squirtlebot_interfaces/local_setup.sh
[4.796s] -- Installing: /home/ben-may/ROS_Workspaces/ros2_ws_finalproject/install/squirtlebot_interfaces/share/squirtlebot_interfaces/local_setup.zsh
[4.796s] -- Installing: /home/ben-may/ROS_Workspaces/ros2_ws_finalproject/install/squirtlebot_interfaces/share/squirtlebot_interfaces/local_setup.dsv
[4.796s] -- Installing: /home/ben-may/ROS_Workspaces/ros2_ws_finalproject/install/squirtlebot_interfaces/share/squirtlebot_interfaces/package.dsv
[4.796s] -- Installing: /home/ben-may/ROS_Workspaces/ros2_ws_finalproject/install/squirtlebot_interfaces/share/ament_index/resource_index/packages/squirtlebot_interfaces
[4.796s] -- Installing: /home/ben-may/ROS_Workspaces/ros2_ws_finalproject/install/squirtlebot_interfaces/share/squirtlebot_interfaces/cmake/export_squirtlebot_interfaces__rosidl_generator_cExport.cmake
[4.796s] -- Installing: /home/ben-may/ROS_Workspaces/ros2_ws_finalproject/install/squirtlebot_interfaces/share/squirtlebot_interfaces/cmake/export_squirtlebot_interfaces__rosidl_generator_cExport-noconfig.cmake
[4.797s] -- Installing: /home/ben-may/ROS_Workspaces/ros2_ws_finalproject/install/squirtlebot_interfaces/share/squirtlebot_interfaces/cmake/export_squirtlebot_interfaces__rosidl_typesupport_fastrtps_cExport.cmake
[4.797s] -- Installing: /home/ben-may/ROS_Workspaces/ros2_ws_finalproject/install/squirtlebot_interfaces/share/squirtlebot_interfaces/cmake/export_squirtlebot_interfaces__rosidl_typesupport_fastrtps_cExport-noconfig.cmake
[4.797s] -- Installing: /home/ben-may/ROS_Workspaces/ros2_ws_finalproject/install/squirtlebot_interfaces/share/squirtlebot_interfaces/cmake/squirtlebot_interfaces__rosidl_typesupport_introspection_cExport.cmake
[4.797s] -- Installing: /home/ben-may/ROS_Workspaces/ros2_ws_finalproject/install/squirtlebot_interfaces/share/squirtlebot_interfaces/cmake/squirtlebot_interfaces__rosidl_typesupport_introspection_cExport-noconfig.cmake
[4.797s] -- Installing: /home/ben-may/ROS_Workspaces/ros2_ws_finalproject/install/squirtlebot_interfaces/share/squirtlebot_interfaces/cmake/squirtlebot_interfaces__rosidl_typesupport_cExport.cmake
[4.797s] -- Installing: /home/ben-may/ROS_Workspaces/ros2_ws_finalproject/install/squirtlebot_interfaces/share/squirtlebot_interfaces/cmake/squirtlebot_interfaces__rosidl_typesupport_cExport-noconfig.cmake
[4.797s] -- Installing: /home/ben-may/ROS_Workspaces/ros2_ws_finalproject/install/squirtlebot_interfaces/share/squirtlebot_interfaces/cmake/export_squirtlebot_interfaces__rosidl_generator_cppExport.cmake
[4.797s] -- Installing: /home/ben-may/ROS_Workspaces/ros2_ws_finalproject/install/squirtlebot_interfaces/share/squirtlebot_interfaces/cmake/export_squirtlebot_interfaces__rosidl_typesupport_fastrtps_cppExport.cmake
[4.797s] -- Installing: /home/ben-may/ROS_Workspaces/ros2_ws_finalproject/install/squirtlebot_interfaces/share/squirtlebot_interfaces/cmake/export_squirtlebot_interfaces__rosidl_typesupport_fastrtps_cppExport-noconfig.cmake
[4.797s] -- Installing: /home/ben-may/ROS_Workspaces/ros2_ws_finalproject/install/squirtlebot_interfaces/share/squirtlebot_interfaces/cmake/squirtlebot_interfaces__rosidl_typesupport_introspection_cppExport.cmake
[4.797s] -- Installing: /home/ben-may/ROS_Workspaces/ros2_ws_finalproject/install/squirtlebot_interfaces/share/squirtlebot_interfaces/cmake/squirtlebot_interfaces__rosidl_typesupport_introspection_cppExport-noconfig.cmake
[4.797s] -- Installing: /home/ben-may/ROS_Workspaces/ros2_ws_finalproject/install/squirtlebot_interfaces/share/squirtlebot_interfaces/cmake/squirtlebot_interfaces__rosidl_typesupport_cppExport.cmake
[4.797s] -- Installing: /home/ben-may/ROS_Workspaces/ros2_ws_finalproject/install/squirtlebot_interfaces/share/squirtlebot_interfaces/cmake/squirtlebot_interfaces__rosidl_typesupport_cppExport-noconfig.cmake
[4.797s] -- Installing: /home/ben-may/ROS_Workspaces/ros2_ws_finalproject/install/squirtlebot_interfaces/share/squirtlebot_interfaces/cmake/export_squirtlebot_interfaces__rosidl_generator_pyExport.cmake
[4.797s] -- Installing: /home/ben-may/ROS_Workspaces/ros2_ws_finalproject/install/squirtlebot_interfaces/share/squirtlebot_interfaces/cmake/export_squirtlebot_interfaces__rosidl_generator_pyExport-noconfig.cmake
[4.797s] -- Installing: /home/ben-may/ROS_Workspaces/ros2_ws_finalproject/install/squirtlebot_interfaces/share/squirtlebot_interfaces/cmake/rosidl_cmake-extras.cmake
[4.797s] -- Installing: /home/ben-may/ROS_Workspaces/ros2_ws_finalproject/install/squirtlebot_interfaces/share/squirtlebot_interfaces/cmake/ament_cmake_export_dependencies-extras.cmake
[4.797s] -- Installing: /home/ben-may/ROS_Workspaces/ros2_ws_finalproject/install/squirtlebot_interfaces/share/squirtlebot_interfaces/cmake/ament_cmake_export_include_directories-extras.cmake
[4.797s] -- Installing: /home/ben-may/ROS_Workspaces/ros2_ws_finalproject/install/squirtlebot_interfaces/share/squirtlebot_interfaces/cmake/ament_cmake_export_libraries-extras.cmake
[4.797s] -- Installing: /home/ben-may/ROS_Workspaces/ros2_ws_finalproject/install/squirtlebot_interfaces/share/squirtlebot_interfaces/cmake/ament_cmake_export_targets-extras.cmake
[4.797s] -- Installing: /home/ben-may/ROS_Workspaces/ros2_ws_finalproject/install/squirtlebot_interfaces/share/squirtlebot_interfaces/cmake/rosidl_cmake_export_typesupport_targets-extras.cmake
[4.797s] -- Installing: /home/ben-may/ROS_Workspaces/ros2_ws_finalproject/install/squirtlebot_interfaces/share/squirtlebot_interfaces/cmake/rosidl_cmake_export_typesupport_libraries-extras.cmake
[4.797s] -- Installing: /home/ben-may/ROS_Workspaces/ros2_ws_finalproject/install/squirtlebot_interfaces/share/squirtlebot_interfaces/cmake/squirtlebot_interfacesConfig.cmake
[4.797s] -- Installing: /home/ben-may/ROS_Workspaces/ros2_ws_finalproject/install/squirtlebot_interfaces/share/squirtlebot_interfaces/cmake/squirtlebot_interfacesConfig-version.cmake
[4.797s] -- Installing: /home/ben-may/ROS_Workspaces/ros2_ws_finalproject/install/squirtlebot_interfaces/share/squirtlebot_interfaces/package.xml
[4.799s] Invoked command in '/home/ben-may/ROS_Workspaces/ros2_ws_finalproject/build/squirtlebot_interfaces' returned '0': CMAKE_PREFIX_PATH=${CMAKE_PREFIX_PATH}:/home/ben-may/ROS_Workspaces/ros2_ws_1/install/actions_py:/home/ben-may/ROS_Workspaces/ros2_ws_1/install/executors_py:/home/ben-may/ROS_Workspaces/ros2_ws_1/install/components_py:/home/ben-may/ROS_Workspaces/ros2_ws_moverobot/install/move_robot_py:/opt/ros/jazzy DEBUGINFOD_URLS=https://debuginfod.ubuntu.com /usr/bin/cmake --install /home/ben-may/ROS_Workspaces/ros2_ws_finalproject/build/squirtlebot_interfaces
