[0.078s] DEBUG:colcon:Command line arguments: ['/usr/bin/colcon', 'build', '--packages-select', 'squirtlebot_nodes']
[0.078s] DEBUG:colcon:Parsed command line arguments: Namespace(log_base=None, log_level=None, verb_name='build', build_base='build', install_base='install', merge_install=False, symlink_install=False, test_result_base=None, continue_on_error=False, executor='parallel', parallel_workers=20, event_handlers=None, ignore_user_meta=False, metas=['./colcon.meta'], base_paths=['.'], packages_ignore=None, packages_ignore_regex=None, paths=None, packages_up_to=None, packages_up_to_regex=None, packages_above=None, packages_above_and_dependencies=None, packages_above_depth=None, packages_select_by_dep=None, packages_skip_by_dep=None, packages_skip_up_to=None, packages_select_build_failed=False, packages_skip_build_finished=False, packages_select_test_failures=False, packages_skip_test_passed=False, packages_select=['squirtlebot_nodes'], packages_skip=None, packages_select_regex=None, packages_skip_regex=None, packages_start=None, packages_end=None, allow_overriding=[], cmake_args=None, cmake_target=None, cmake_target_skip_unavailable=False, cmake_clean_cache=False, cmake_clean_first=False, cmake_force_configure=False, ament_cmake_args=None, catkin_cmake_args=None, catkin_skip_building_tests=False, verb_parser=<colcon_defaults.argument_parser.defaults.DefaultArgumentsDecorator object at 0x7b1d0106eed0>, verb_extension=<colcon_core.verb.build.BuildVerb object at 0x7b1d01193410>, main=<bound method BuildVerb.main of <colcon_core.verb.build.BuildVerb object at 0x7b1d01193410>>)
[0.107s] Level 1:colcon.colcon_core.package_discovery:discover_packages(colcon_meta) check parameters
[0.107s] Level 1:colcon.colcon_core.package_discovery:discover_packages(recursive) check parameters
[0.107s] Level 1:colcon.colcon_core.package_discovery:discover_packages(ignore) check parameters
[0.107s] Level 1:colcon.colcon_core.package_discovery:discover_packages(path) check parameters
[0.107s] Level 1:colcon.colcon_core.package_discovery:discover_packages(colcon_meta) discover
[0.107s] Level 1:colcon.colcon_core.package_discovery:discover_packages(recursive) discover
[0.107s] INFO:colcon.colcon_core.package_discovery:Crawling recursively for packages in '/home/ben-may/ROS_Workspaces/ros2_ws_finalproject'
[0.107s] Level 1:colcon.colcon_core.package_identification:_identify(.) by extensions ['ignore', 'ignore_ament_install']
[0.107s] Level 1:colcon.colcon_core.package_identification:_identify(.) by extension 'ignore'
[0.107s] Level 1:colcon.colcon_core.package_identification:_identify(.) by extension 'ignore_ament_install'
[0.107s] Level 1:colcon.colcon_core.package_identification:_identify(.) by extensions ['colcon_pkg']
[0.107s] Level 1:colcon.colcon_core.package_identification:_identify(.) by extension 'colcon_pkg'
[0.107s] Level 1:colcon.colcon_core.package_identification:_identify(.) by extensions ['colcon_meta']
[0.107s] Level 1:colcon.colcon_core.package_identification:_identify(.) by extension 'colcon_meta'
[0.107s] Level 1:colcon.colcon_core.package_identification:_identify(.) by extensions ['ros']
[0.107s] Level 1:colcon.colcon_core.package_identification:_identify(.) by extension 'ros'
[0.128s] Level 1:colcon.colcon_core.package_identification:_identify(.) by extensions ['cmake', 'python']
[0.128s] Level 1:colcon.colcon_core.package_identification:_identify(.) by extension 'cmake'
[0.128s] Level 1:colcon.colcon_core.package_identification:_identify(.) by extension 'python'
[0.128s] Level 1:colcon.colcon_core.package_identification:_identify(.) by extensions ['python_setup_py']
[0.128s] Level 1:colcon.colcon_core.package_identification:_identify(.) by extension 'python_setup_py'
[0.128s] Level 1:colcon.colcon_core.package_identification:_identify(build) by extensions ['ignore', 'ignore_ament_install']
[0.128s] Level 1:colcon.colcon_core.package_identification:_identify(build) by extension 'ignore'
[0.128s] Level 1:colcon.colcon_core.package_identification:_identify(build) ignored
[0.128s] Level 1:colcon.colcon_core.package_identification:_identify(install) by extensions ['ignore', 'ignore_ament_install']
[0.128s] Level 1:colcon.colcon_core.package_identification:_identify(install) by extension 'ignore'
[0.128s] Level 1:colcon.colcon_core.package_identification:_identify(install) ignored
[0.128s] Level 1:colcon.colcon_core.package_identification:_identify(log) by extensions ['ignore', 'ignore_ament_install']
[0.128s] Level 1:colcon.colcon_core.package_identification:_identify(log) by extension 'ignore'
[0.128s] Level 1:colcon.colcon_core.package_identification:_identify(log) ignored
[0.128s] Level 1:colcon.colcon_core.package_identification:_identify(src) by extensions ['ignore', 'ignore_ament_install']
[0.128s] Level 1:colcon.colcon_core.package_identification:_identify(src) by extension 'ignore'
[0.128s] Level 1:colcon.colcon_core.package_identification:_identify(src) by extension 'ignore_ament_install'
[0.128s] Level 1:colcon.colcon_core.package_identification:_identify(src) by extensions ['colcon_pkg']
[0.128s] Level 1:colcon.colcon_core.package_identification:_identify(src) by extension 'colcon_pkg'
[0.128s] Level 1:colcon.colcon_core.package_identification:_identify(src) by extensions ['colcon_meta']
[0.128s] Level 1:colcon.colcon_core.package_identification:_identify(src) by extension 'colcon_meta'
[0.128s] Level 1:colcon.colcon_core.package_identification:_identify(src) by extensions ['ros']
[0.129s] Level 1:colcon.colcon_core.package_identification:_identify(src) by extension 'ros'
[0.129s] Level 1:colcon.colcon_core.package_identification:_identify(src) by extensions ['cmake', 'python']
[0.129s] Level 1:colcon.colcon_core.package_identification:_identify(src) by extension 'cmake'
[0.129s] Level 1:colcon.colcon_core.package_identification:_identify(src) by extension 'python'
[0.129s] Level 1:colcon.colcon_core.package_identification:_identify(src) by extensions ['python_setup_py']
[0.129s] Level 1:colcon.colcon_core.package_identification:_identify(src) by extension 'python_setup_py'
[0.129s] Level 1:colcon.colcon_core.package_identification:_identify(src/squirtlebot_bringup) by extensions ['ignore', 'ignore_ament_install']
[0.129s] Level 1:colcon.colcon_core.package_identification:_identify(src/squirtlebot_bringup) by extension 'ignore'
[0.129s] Level 1:colcon.colcon_core.package_identification:_identify(src/squirtlebot_bringup) by extension 'ignore_ament_install'
[0.129s] Level 1:colcon.colcon_core.package_identification:_identify(src/squirtlebot_bringup) by extensions ['colcon_pkg']
[0.129s] Level 1:colcon.colcon_core.package_identification:_identify(src/squirtlebot_bringup) by extension 'colcon_pkg'
[0.129s] Level 1:colcon.colcon_core.package_identification:_identify(src/squirtlebot_bringup) by extensions ['colcon_meta']
[0.129s] Level 1:colcon.colcon_core.package_identification:_identify(src/squirtlebot_bringup) by extension 'colcon_meta'
[0.129s] Level 1:colcon.colcon_core.package_identification:_identify(src/squirtlebot_bringup) by extensions ['ros']
[0.129s] Level 1:colcon.colcon_core.package_identification:_identify(src/squirtlebot_bringup) by extension 'ros'
[0.131s] DEBUG:colcon.colcon_core.package_identification:Package 'src/squirtlebot_bringup' with type 'ros.ament_cmake' and name 'squirtlebot_bringup'
[0.131s] Level 1:colcon.colcon_core.package_identification:_identify(src/squirtlebot_interfaces) by extensions ['ignore', 'ignore_ament_install']
[0.131s] Level 1:colcon.colcon_core.package_identification:_identify(src/squirtlebot_interfaces) by extension 'ignore'
[0.131s] Level 1:colcon.colcon_core.package_identification:_identify(src/squirtlebot_interfaces) by extension 'ignore_ament_install'
[0.131s] Level 1:colcon.colcon_core.package_identification:_identify(src/squirtlebot_interfaces) by extensions ['colcon_pkg']
[0.131s] Level 1:colcon.colcon_core.package_identification:_identify(src/squirtlebot_interfaces) by extension 'colcon_pkg'
[0.131s] Level 1:colcon.colcon_core.package_identification:_identify(src/squirtlebot_interfaces) by extensions ['colcon_meta']
[0.131s] Level 1:colcon.colcon_core.package_identification:_identify(src/squirtlebot_interfaces) by extension 'colcon_meta'
[0.131s] Level 1:colcon.colcon_core.package_identification:_identify(src/squirtlebot_interfaces) by extensions ['ros']
[0.132s] Level 1:colcon.colcon_core.package_identification:_identify(src/squirtlebot_interfaces) by extension 'ros'
[0.132s] DEBUG:colcon.colcon_core.package_identification:Package 'src/squirtlebot_interfaces' with type 'ros.ament_cmake' and name 'squirtlebot_interfaces'
[0.132s] Level 1:colcon.colcon_core.package_identification:_identify(src/squirtlebot_nodes) by extensions ['ignore', 'ignore_ament_install']
[0.132s] Level 1:colcon.colcon_core.package_identification:_identify(src/squirtlebot_nodes) by extension 'ignore'
[0.132s] Level 1:colcon.colcon_core.package_identification:_identify(src/squirtlebot_nodes) by extension 'ignore_ament_install'
[0.132s] Level 1:colcon.colcon_core.package_identification:_identify(src/squirtlebot_nodes) by extensions ['colcon_pkg']
[0.132s] Level 1:colcon.colcon_core.package_identification:_identify(src/squirtlebot_nodes) by extension 'colcon_pkg'
[0.132s] Level 1:colcon.colcon_core.package_identification:_identify(src/squirtlebot_nodes) by extensions ['colcon_meta']
[0.132s] Level 1:colcon.colcon_core.package_identification:_identify(src/squirtlebot_nodes) by extension 'colcon_meta'
[0.132s] Level 1:colcon.colcon_core.package_identification:_identify(src/squirtlebot_nodes) by extensions ['ros']
[0.132s] Level 1:colcon.colcon_core.package_identification:_identify(src/squirtlebot_nodes) by extension 'ros'
[0.133s] DEBUG:colcon.colcon_core.package_identification:Package 'src/squirtlebot_nodes' with type 'ros.ament_cmake' and name 'squirtlebot_nodes'
[0.133s] Level 1:colcon.colcon_core.package_identification:_identify(src/squirtlebot_py) by extensions ['ignore', 'ignore_ament_install']
[0.133s] Level 1:colcon.colcon_core.package_identification:_identify(src/squirtlebot_py) by extension 'ignore'
[0.133s] Level 1:colcon.colcon_core.package_identification:_identify(src/squirtlebot_py) by extension 'ignore_ament_install'
[0.133s] Level 1:colcon.colcon_core.package_identification:_identify(src/squirtlebot_py) by extensions ['colcon_pkg']
[0.133s] Level 1:colcon.colcon_core.package_identification:_identify(src/squirtlebot_py) by extension 'colcon_pkg'
[0.133s] Level 1:colcon.colcon_core.package_identification:_identify(src/squirtlebot_py) by extensions ['colcon_meta']
[0.133s] Level 1:colcon.colcon_core.package_identification:_identify(src/squirtlebot_py) by extension 'colcon_meta'
[0.133s] Level 1:colcon.colcon_core.package_identification:_identify(src/squirtlebot_py) by extensions ['ros']
[0.133s] Level 1:colcon.colcon_core.package_identification:_identify(src/squirtlebot_py) by extension 'ros'
[0.134s] DEBUG:colcon.colcon_core.package_identification:Package 'src/squirtlebot_py' with type 'ros.ament_python' and name 'squirtlebot_py'
[0.134s] Level 1:colcon.colcon_core.package_discovery:discover_packages(recursive) using defaults
[0.134s] Level 1:colcon.colcon_core.package_discovery:discover_packages(ignore) discover
[0.134s] Level 1:colcon.colcon_core.package_discovery:discover_packages(ignore) using defaults
[0.134s] Level 1:colcon.colcon_core.package_discovery:discover_packages(path) discover
[0.134s] Level 1:colcon.colcon_core.package_discovery:discover_packages(path) using defaults
[0.150s] INFO:colcon.colcon_core.package_selection:Skipping not selected package 'squirtlebot_interfaces' in 'src/squirtlebot_interfaces'
[0.150s] INFO:colcon.colcon_core.package_selection:Skipping not selected package 'squirtlebot_py' in 'src/squirtlebot_py'
[0.150s] INFO:colcon.colcon_core.package_selection:Skipping not selected package 'squirtlebot_bringup' in 'src/squirtlebot_bringup'
[0.150s] Level 1:colcon.colcon_core.package_discovery:discover_packages(prefix_path) check parameters
[0.150s] Level 1:colcon.colcon_core.package_discovery:discover_packages(prefix_path) discover
[0.152s] DEBUG:colcon.colcon_installed_package_information.package_discovery:Found 12 installed packages in /home/ben-may/ROS_Workspaces/turtlebot3_ws/install
[0.153s] DEBUG:colcon.colcon_installed_package_information.package_discovery:Found 4 installed packages in /home/ben-may/ROS_Workspaces/ros2_ws_finalproject/install
[0.153s] DEBUG:colcon.colcon_installed_package_information.package_discovery:Found 9 installed packages in /home/ben-may/ROS_Workspaces/ros2_ws_1/install
[0.153s] DEBUG:colcon.colcon_installed_package_information.package_discovery:Found 4 installed packages in /home/ben-may/ROS_Workspaces/ros2_ws_moverobot/install
[0.154s] DEBUG:colcon.colcon_installed_package_information.package_discovery:Found 323 installed packages in /opt/ros/jazzy
[0.154s] Level 1:colcon.colcon_core.package_discovery:discover_packages(prefix_path) using defaults
[0.188s] WARNING:colcon.colcon_core.package_selection:Some selected packages are already built in one or more underlay workspaces:
	'squirtlebot_nodes' is in: /home/ben-may/ROS_Workspaces/ros2_ws_finalproject/install/squirtlebot_nodes
If a package in a merged underlay workspace is overridden and it installs headers, then all packages in the overlay must sort their include directories by workspace order. Failure to do so may result in build failures or undefined behavior at run time.
If the overridden package is used by another package in any underlay, then the overriding package in the overlay must be API and ABI compatible or undefined behavior at run time may occur.

If you understand the risks and want to override a package anyways, add the following to the command line:
	--allow-overriding squirtlebot_nodes

This may be promoted to an error in a future release of colcon-override-check.
[0.189s] Level 5:colcon.colcon_core.verb:set package 'squirtlebot_nodes' build argument 'cmake_args' from command line to 'None'
[0.189s] Level 5:colcon.colcon_core.verb:set package 'squirtlebot_nodes' build argument 'cmake_target' from command line to 'None'
[0.189s] Level 5:colcon.colcon_core.verb:set package 'squirtlebot_nodes' build argument 'cmake_target_skip_unavailable' from command line to 'False'
[0.189s] Level 5:colcon.colcon_core.verb:set package 'squirtlebot_nodes' build argument 'cmake_clean_cache' from command line to 'False'
[0.189s] Level 5:colcon.colcon_core.verb:set package 'squirtlebot_nodes' build argument 'cmake_clean_first' from command line to 'False'
[0.189s] Level 5:colcon.colcon_core.verb:set package 'squirtlebot_nodes' build argument 'cmake_force_configure' from command line to 'False'
[0.189s] Level 5:colcon.colcon_core.verb:set package 'squirtlebot_nodes' build argument 'ament_cmake_args' from command line to 'None'
[0.189s] Level 5:colcon.colcon_core.verb:set package 'squirtlebot_nodes' build argument 'catkin_cmake_args' from command line to 'None'
[0.189s] Level 5:colcon.colcon_core.verb:set package 'squirtlebot_nodes' build argument 'catkin_skip_building_tests' from command line to 'False'
[0.189s] DEBUG:colcon.colcon_core.verb:Building package 'squirtlebot_nodes' with the following arguments: {'ament_cmake_args': None, 'build_base': '/home/ben-may/ROS_Workspaces/ros2_ws_finalproject/build/squirtlebot_nodes', 'catkin_cmake_args': None, 'catkin_skip_building_tests': False, 'cmake_args': None, 'cmake_clean_cache': False, 'cmake_clean_first': False, 'cmake_force_configure': False, 'cmake_target': None, 'cmake_target_skip_unavailable': False, 'install_base': '/home/ben-may/ROS_Workspaces/ros2_ws_finalproject/install/squirtlebot_nodes', 'merge_install': False, 'path': '/home/ben-may/ROS_Workspaces/ros2_ws_finalproject/src/squirtlebot_nodes', 'symlink_install': False, 'test_result_base': None}
[0.189s] INFO:colcon.colcon_core.executor:Executing jobs using 'parallel' executor
[0.190s] DEBUG:colcon.colcon_parallel_executor.executor.parallel:run_until_complete
[0.190s] INFO:colcon.colcon_ros.task.ament_cmake.build:Building ROS package in '/home/ben-may/ROS_Workspaces/ros2_ws_finalproject/src/squirtlebot_nodes' with build type 'ament_cmake'
[0.190s] INFO:colcon.colcon_cmake.task.cmake.build:Building CMake package in '/home/ben-may/ROS_Workspaces/ros2_ws_finalproject/src/squirtlebot_nodes'
[0.193s] INFO:colcon.colcon_core.plugin_system:Skipping extension 'colcon_core.shell.bat': Not used on non-Windows systems
[0.193s] INFO:colcon.colcon_core.shell:Skip shell extension 'powershell' for command environment: Not usable outside of PowerShell
[0.193s] DEBUG:colcon.colcon_core.shell:Skip shell extension 'dsv' for command environment
[0.207s] DEBUG:colcon.colcon_core.event_handler.log_command:Invoking command in '/home/ben-may/ROS_Workspaces/ros2_ws_finalproject/build/squirtlebot_nodes': CMAKE_PREFIX_PATH=/home/ben-may/ROS_Workspaces/ros2_ws_finalproject/install/squirtlebot_interfaces:/home/ben-may/ROS_Workspaces/turtlebot3_ws/install/turtlebot3:/home/ben-may/ROS_Workspaces/turtlebot3_ws/install/turtlebot3_simulations:/home/ben-may/ROS_Workspaces/turtlebot3_ws/install/turtlebot3_bringup:/home/ben-may/ROS_Workspaces/turtlebot3_ws/install/turtlebot3_node:/home/ben-may/ROS_Workspaces/turtlebot3_ws/install/turtlebot3_navigation2:/home/ben-may/ROS_Workspaces/turtlebot3_ws/install/turtlebot3_fake_node:/home/ben-may/ROS_Workspaces/turtlebot3_ws/install/turtlebot3_msgs:/home/ben-may/ROS_Workspaces/turtlebot3_ws/install/turtlebot3_gazebo:/home/ben-may/ROS_Workspaces/turtlebot3_ws/install/turtlebot3_description:/home/ben-may/ROS_Workspaces/turtlebot3_ws/install/turtlebot3_cartographer:/home/ben-may/ROS_Workspaces/ros2_ws_finalproject/install/squirtlebot_bringup:/home/ben-may/ROS_Workspaces/ros2_ws_finalproject/install/squirtlebot_nodes:/home/ben-may/ROS_Workspaces/ros2_ws_1/install/actions_cpp:/home/ben-may/ROS_Workspaces/ros2_ws_1/install/my_robot_interfaces:/home/ben-may/ROS_Workspaces/ros2_ws_1/install/executors_cpp:/home/ben-may/ROS_Workspaces/ros2_ws_1/install/components_cpp:/home/ben-may/ROS_Workspaces/ros2_ws_1/install/component_containers_launch_files:/home/ben-may/ROS_Workspaces/ros2_ws_1/install/component_containers_cpp:/home/ben-may/ROS_Workspaces/ros2_ws_moverobot/install/move_robot_bringup:/home/ben-may/ROS_Workspaces/ros2_ws_moverobot/install/move_robot_cpp:/home/ben-may/ROS_Workspaces/ros2_ws_moverobot/install/move_robot_interfaces:/opt/ros/jazzy/opt/gz_sim_vendor:/opt/ros/jazzy/opt/gz_sensors_vendor:/opt/ros/jazzy/opt/gz_physics_vendor:/opt/ros/jazzy/opt/sdformat_vendor:/opt/ros/jazzy/opt/gz_gui_vendor:/opt/ros/jazzy/opt/gz_transport_vendor:/opt/ros/jazzy/opt/gz_rendering_vendor:/opt/ros/jazzy/opt/gz_plugin_vendor:/opt/ros/jazzy/opt/gz_fuel_tools_vendor:/opt/ros/jazzy/opt/gz_msgs_vendor:/opt/ros/jazzy/opt/gz_common_vendor:/opt/ros/jazzy/opt/gz_math_vendor:/opt/ros/jazzy/opt/gz_utils_vendor:/opt/ros/jazzy/opt/gz_tools_vendor:/opt/ros/jazzy/opt/gz_ogre_next_vendor:/opt/ros/jazzy/opt/gz_dartsim_vendor:/opt/ros/jazzy/opt/gz_cmake_vendor:/home/ben-may/ROS_Workspaces/turtlebot3_ws/install/turtlebot3_teleop:/home/ben-may/ROS_Workspaces/turtlebot3_ws/install/turtlebot3_example:/home/ben-may/ROS_Workspaces/ros2_ws_finalproject/install/squirtlebot_py:/home/ben-may/ROS_Workspaces/ros2_ws_1/install/actions_py:/home/ben-may/ROS_Workspaces/ros2_ws_1/install/executors_py:/home/ben-may/ROS_Workspaces/ros2_ws_1/install/components_py:/home/ben-may/ROS_Workspaces/ros2_ws_moverobot/install/move_robot_py:/opt/ros/jazzy DEBUGINFOD_URLS=https://debuginfod.ubuntu.com LD_LIBRARY_PATH=/home/ben-may/ROS_Workspaces/ros2_ws_finalproject/install/squirtlebot_interfaces/lib:/home/ben-may/ROS_Workspaces/turtlebot3_ws/install/turtlebot3_msgs/lib:/home/ben-may/ROS_Workspaces/ros2_ws_1/install/my_robot_interfaces/lib:/home/ben-may/ROS_Workspaces/ros2_ws_1/install/component_containers_cpp/lib:/home/ben-may/ROS_Workspaces/ros2_ws_moverobot/install/move_robot_interfaces/lib:/opt/ros/jazzy/opt/gz_sim_vendor/lib:/opt/ros/jazzy/opt/gz_sensors_vendor/lib:/opt/ros/jazzy/opt/gz_physics_vendor/lib:/opt/ros/jazzy/opt/sdformat_vendor/lib:/opt/ros/jazzy/opt/rviz_ogre_vendor/lib:/opt/ros/jazzy/lib/x86_64-linux-gnu:/opt/ros/jazzy/opt/gz_gui_vendor/lib:/opt/ros/jazzy/opt/gz_transport_vendor/lib:/opt/ros/jazzy/opt/gz_rendering_vendor/lib:/opt/ros/jazzy/opt/gz_plugin_vendor/lib:/opt/ros/jazzy/opt/gz_fuel_tools_vendor/lib:/opt/ros/jazzy/opt/gz_msgs_vendor/lib:/opt/ros/jazzy/opt/gz_common_vendor/lib:/opt/ros/jazzy/opt/gz_math_vendor/lib:/opt/ros/jazzy/opt/gz_utils_vendor/lib:/opt/ros/jazzy/opt/gz_tools_vendor/lib:/opt/ros/jazzy/opt/gz_ogre_next_vendor/lib:/opt/ros/jazzy/opt/gz_dartsim_vendor/lib:/opt/ros/jazzy/opt/gz_cmake_vendor/lib:/opt/ros/jazzy/lib PYTHONPATH=/home/ben-may/ROS_Workspaces/ros2_ws_finalproject/install/squirtlebot_interfaces/lib/python3.12/site-packages:/home/ben-may/ROS_Workspaces/turtlebot3_ws/build/turtlebot3_teleop:/home/ben-may/ROS_Workspaces/turtlebot3_ws/install/turtlebot3_teleop/lib/python3.12/site-packages:/home/ben-may/ROS_Workspaces/turtlebot3_ws/build/turtlebot3_example:/home/ben-may/ROS_Workspaces/turtlebot3_ws/install/turtlebot3_example/lib/python3.12/site-packages:/home/ben-may/ROS_Workspaces/turtlebot3_ws/install/turtlebot3_msgs/lib/python3.12/site-packages:/home/ben-may/ROS_Workspaces/ros2_ws_finalproject/install/squirtlebot_py/lib/python3.12/site-packages:/home/ben-may/ROS_Workspaces/ros2_ws_1/install/actions_py/lib/python3.12/site-packages:/home/ben-may/ROS_Workspaces/ros2_ws_1/install/my_robot_interfaces/lib/python3.12/site-packages:/home/ben-may/ROS_Workspaces/ros2_ws_1/install/executors_py/lib/python3.12/site-packages:/home/ben-may/ROS_Workspaces/ros2_ws_1/install/components_py/lib/python3.12/site-packages:/home/ben-may/ROS_Workspaces/ros2_ws_moverobot/install/move_robot_py/lib/python3.12/site-packages:/home/ben-may/ROS_Workspaces/ros2_ws_moverobot/install/move_robot_interfaces/lib/python3.12/site-packages:/opt/ros/jazzy/lib/python3.12/site-packages /usr/bin/cmake --build /home/ben-may/ROS_Workspaces/ros2_ws_finalproject/build/squirtlebot_nodes -- -j20 -l20
[4.911s] DEBUG:colcon.colcon_core.event_handler.log_command:Invoked command in '/home/ben-may/ROS_Workspaces/ros2_ws_finalproject/build/squirtlebot_nodes' returned '0': CMAKE_PREFIX_PATH=/home/ben-may/ROS_Workspaces/ros2_ws_finalproject/install/squirtlebot_interfaces:/home/ben-may/ROS_Workspaces/turtlebot3_ws/install/turtlebot3:/home/ben-may/ROS_Workspaces/turtlebot3_ws/install/turtlebot3_simulations:/home/ben-may/ROS_Workspaces/turtlebot3_ws/install/turtlebot3_bringup:/home/ben-may/ROS_Workspaces/turtlebot3_ws/install/turtlebot3_node:/home/ben-may/ROS_Workspaces/turtlebot3_ws/install/turtlebot3_navigation2:/home/ben-may/ROS_Workspaces/turtlebot3_ws/install/turtlebot3_fake_node:/home/ben-may/ROS_Workspaces/turtlebot3_ws/install/turtlebot3_msgs:/home/ben-may/ROS_Workspaces/turtlebot3_ws/install/turtlebot3_gazebo:/home/ben-may/ROS_Workspaces/turtlebot3_ws/install/turtlebot3_description:/home/ben-may/ROS_Workspaces/turtlebot3_ws/install/turtlebot3_cartographer:/home/ben-may/ROS_Workspaces/ros2_ws_finalproject/install/squirtlebot_bringup:/home/ben-may/ROS_Workspaces/ros2_ws_finalproject/install/squirtlebot_nodes:/home/ben-may/ROS_Workspaces/ros2_ws_1/install/actions_cpp:/home/ben-may/ROS_Workspaces/ros2_ws_1/install/my_robot_interfaces:/home/ben-may/ROS_Workspaces/ros2_ws_1/install/executors_cpp:/home/ben-may/ROS_Workspaces/ros2_ws_1/install/components_cpp:/home/ben-may/ROS_Workspaces/ros2_ws_1/install/component_containers_launch_files:/home/ben-may/ROS_Workspaces/ros2_ws_1/install/component_containers_cpp:/home/ben-may/ROS_Workspaces/ros2_ws_moverobot/install/move_robot_bringup:/home/ben-may/ROS_Workspaces/ros2_ws_moverobot/install/move_robot_cpp:/home/ben-may/ROS_Workspaces/ros2_ws_moverobot/install/move_robot_interfaces:/opt/ros/jazzy/opt/gz_sim_vendor:/opt/ros/jazzy/opt/gz_sensors_vendor:/opt/ros/jazzy/opt/gz_physics_vendor:/opt/ros/jazzy/opt/sdformat_vendor:/opt/ros/jazzy/opt/gz_gui_vendor:/opt/ros/jazzy/opt/gz_transport_vendor:/opt/ros/jazzy/opt/gz_rendering_vendor:/opt/ros/jazzy/opt/gz_plugin_vendor:/opt/ros/jazzy/opt/gz_fuel_tools_vendor:/opt/ros/jazzy/opt/gz_msgs_vendor:/opt/ros/jazzy/opt/gz_common_vendor:/opt/ros/jazzy/opt/gz_math_vendor:/opt/ros/jazzy/opt/gz_utils_vendor:/opt/ros/jazzy/opt/gz_tools_vendor:/opt/ros/jazzy/opt/gz_ogre_next_vendor:/opt/ros/jazzy/opt/gz_dartsim_vendor:/opt/ros/jazzy/opt/gz_cmake_vendor:/home/ben-may/ROS_Workspaces/turtlebot3_ws/install/turtlebot3_teleop:/home/ben-may/ROS_Workspaces/turtlebot3_ws/install/turtlebot3_example:/home/ben-may/ROS_Workspaces/ros2_ws_finalproject/install/squirtlebot_py:/home/ben-may/ROS_Workspaces/ros2_ws_1/install/actions_py:/home/ben-may/ROS_Workspaces/ros2_ws_1/install/executors_py:/home/ben-may/ROS_Workspaces/ros2_ws_1/install/components_py:/home/ben-may/ROS_Workspaces/ros2_ws_moverobot/install/move_robot_py:/opt/ros/jazzy DEBUGINFOD_URLS=https://debuginfod.ubuntu.com LD_LIBRARY_PATH=/home/ben-may/ROS_Workspaces/ros2_ws_finalproject/install/squirtlebot_interfaces/lib:/home/ben-may/ROS_Workspaces/turtlebot3_ws/install/turtlebot3_msgs/lib:/home/ben-may/ROS_Workspaces/ros2_ws_1/install/my_robot_interfaces/lib:/home/ben-may/ROS_Workspaces/ros2_ws_1/install/component_containers_cpp/lib:/home/ben-may/ROS_Workspaces/ros2_ws_moverobot/install/move_robot_interfaces/lib:/opt/ros/jazzy/opt/gz_sim_vendor/lib:/opt/ros/jazzy/opt/gz_sensors_vendor/lib:/opt/ros/jazzy/opt/gz_physics_vendor/lib:/opt/ros/jazzy/opt/sdformat_vendor/lib:/opt/ros/jazzy/opt/rviz_ogre_vendor/lib:/opt/ros/jazzy/lib/x86_64-linux-gnu:/opt/ros/jazzy/opt/gz_gui_vendor/lib:/opt/ros/jazzy/opt/gz_transport_vendor/lib:/opt/ros/jazzy/opt/gz_rendering_vendor/lib:/opt/ros/jazzy/opt/gz_plugin_vendor/lib:/opt/ros/jazzy/opt/gz_fuel_tools_vendor/lib:/opt/ros/jazzy/opt/gz_msgs_vendor/lib:/opt/ros/jazzy/opt/gz_common_vendor/lib:/opt/ros/jazzy/opt/gz_math_vendor/lib:/opt/ros/jazzy/opt/gz_utils_vendor/lib:/opt/ros/jazzy/opt/gz_tools_vendor/lib:/opt/ros/jazzy/opt/gz_ogre_next_vendor/lib:/opt/ros/jazzy/opt/gz_dartsim_vendor/lib:/opt/ros/jazzy/opt/gz_cmake_vendor/lib:/opt/ros/jazzy/lib PYTHONPATH=/home/ben-may/ROS_Workspaces/ros2_ws_finalproject/install/squirtlebot_interfaces/lib/python3.12/site-packages:/home/ben-may/ROS_Workspaces/turtlebot3_ws/build/turtlebot3_teleop:/home/ben-may/ROS_Workspaces/turtlebot3_ws/install/turtlebot3_teleop/lib/python3.12/site-packages:/home/ben-may/ROS_Workspaces/turtlebot3_ws/build/turtlebot3_example:/home/ben-may/ROS_Workspaces/turtlebot3_ws/install/turtlebot3_example/lib/python3.12/site-packages:/home/ben-may/ROS_Workspaces/turtlebot3_ws/install/turtlebot3_msgs/lib/python3.12/site-packages:/home/ben-may/ROS_Workspaces/ros2_ws_finalproject/install/squirtlebot_py/lib/python3.12/site-packages:/home/ben-may/ROS_Workspaces/ros2_ws_1/install/actions_py/lib/python3.12/site-packages:/home/ben-may/ROS_Workspaces/ros2_ws_1/install/my_robot_interfaces/lib/python3.12/site-packages:/home/ben-may/ROS_Workspaces/ros2_ws_1/install/executors_py/lib/python3.12/site-packages:/home/ben-may/ROS_Workspaces/ros2_ws_1/install/components_py/lib/python3.12/site-packages:/home/ben-may/ROS_Workspaces/ros2_ws_moverobot/install/move_robot_py/lib/python3.12/site-packages:/home/ben-may/ROS_Workspaces/ros2_ws_moverobot/install/move_robot_interfaces/lib/python3.12/site-packages:/opt/ros/jazzy/lib/python3.12/site-packages /usr/bin/cmake --build /home/ben-may/ROS_Workspaces/ros2_ws_finalproject/build/squirtlebot_nodes -- -j20 -l20
[4.922s] DEBUG:colcon.colcon_core.event_handler.log_command:Invoking command in '/home/ben-may/ROS_Workspaces/ros2_ws_finalproject/build/squirtlebot_nodes': CMAKE_PREFIX_PATH=/home/ben-may/ROS_Workspaces/ros2_ws_finalproject/install/squirtlebot_interfaces:/home/ben-may/ROS_Workspaces/turtlebot3_ws/install/turtlebot3:/home/ben-may/ROS_Workspaces/turtlebot3_ws/install/turtlebot3_simulations:/home/ben-may/ROS_Workspaces/turtlebot3_ws/install/turtlebot3_bringup:/home/ben-may/ROS_Workspaces/turtlebot3_ws/install/turtlebot3_node:/home/ben-may/ROS_Workspaces/turtlebot3_ws/install/turtlebot3_navigation2:/home/ben-may/ROS_Workspaces/turtlebot3_ws/install/turtlebot3_fake_node:/home/ben-may/ROS_Workspaces/turtlebot3_ws/install/turtlebot3_msgs:/home/ben-may/ROS_Workspaces/turtlebot3_ws/install/turtlebot3_gazebo:/home/ben-may/ROS_Workspaces/turtlebot3_ws/install/turtlebot3_description:/home/ben-may/ROS_Workspaces/turtlebot3_ws/install/turtlebot3_cartographer:/home/ben-may/ROS_Workspaces/ros2_ws_finalproject/install/squirtlebot_bringup:/home/ben-may/ROS_Workspaces/ros2_ws_finalproject/install/squirtlebot_nodes:/home/ben-may/ROS_Workspaces/ros2_ws_1/install/actions_cpp:/home/ben-may/ROS_Workspaces/ros2_ws_1/install/my_robot_interfaces:/home/ben-may/ROS_Workspaces/ros2_ws_1/install/executors_cpp:/home/ben-may/ROS_Workspaces/ros2_ws_1/install/components_cpp:/home/ben-may/ROS_Workspaces/ros2_ws_1/install/component_containers_launch_files:/home/ben-may/ROS_Workspaces/ros2_ws_1/install/component_containers_cpp:/home/ben-may/ROS_Workspaces/ros2_ws_moverobot/install/move_robot_bringup:/home/ben-may/ROS_Workspaces/ros2_ws_moverobot/install/move_robot_cpp:/home/ben-may/ROS_Workspaces/ros2_ws_moverobot/install/move_robot_interfaces:/opt/ros/jazzy/opt/gz_sim_vendor:/opt/ros/jazzy/opt/gz_sensors_vendor:/opt/ros/jazzy/opt/gz_physics_vendor:/opt/ros/jazzy/opt/sdformat_vendor:/opt/ros/jazzy/opt/gz_gui_vendor:/opt/ros/jazzy/opt/gz_transport_vendor:/opt/ros/jazzy/opt/gz_rendering_vendor:/opt/ros/jazzy/opt/gz_plugin_vendor:/opt/ros/jazzy/opt/gz_fuel_tools_vendor:/opt/ros/jazzy/opt/gz_msgs_vendor:/opt/ros/jazzy/opt/gz_common_vendor:/opt/ros/jazzy/opt/gz_math_vendor:/opt/ros/jazzy/opt/gz_utils_vendor:/opt/ros/jazzy/opt/gz_tools_vendor:/opt/ros/jazzy/opt/gz_ogre_next_vendor:/opt/ros/jazzy/opt/gz_dartsim_vendor:/opt/ros/jazzy/opt/gz_cmake_vendor:/home/ben-may/ROS_Workspaces/turtlebot3_ws/install/turtlebot3_teleop:/home/ben-may/ROS_Workspaces/turtlebot3_ws/install/turtlebot3_example:/home/ben-may/ROS_Workspaces/ros2_ws_finalproject/install/squirtlebot_py:/home/ben-may/ROS_Workspaces/ros2_ws_1/install/actions_py:/home/ben-may/ROS_Workspaces/ros2_ws_1/install/executors_py:/home/ben-may/ROS_Workspaces/ros2_ws_1/install/components_py:/home/ben-may/ROS_Workspaces/ros2_ws_moverobot/install/move_robot_py:/opt/ros/jazzy DEBUGINFOD_URLS=https://debuginfod.ubuntu.com LD_LIBRARY_PATH=/home/ben-may/ROS_Workspaces/ros2_ws_finalproject/install/squirtlebot_interfaces/lib:/home/ben-may/ROS_Workspaces/turtlebot3_ws/install/turtlebot3_msgs/lib:/home/ben-may/ROS_Workspaces/ros2_ws_1/install/my_robot_interfaces/lib:/home/ben-may/ROS_Workspaces/ros2_ws_1/install/component_containers_cpp/lib:/home/ben-may/ROS_Workspaces/ros2_ws_moverobot/install/move_robot_interfaces/lib:/opt/ros/jazzy/opt/gz_sim_vendor/lib:/opt/ros/jazzy/opt/gz_sensors_vendor/lib:/opt/ros/jazzy/opt/gz_physics_vendor/lib:/opt/ros/jazzy/opt/sdformat_vendor/lib:/opt/ros/jazzy/opt/rviz_ogre_vendor/lib:/opt/ros/jazzy/lib/x86_64-linux-gnu:/opt/ros/jazzy/opt/gz_gui_vendor/lib:/opt/ros/jazzy/opt/gz_transport_vendor/lib:/opt/ros/jazzy/opt/gz_rendering_vendor/lib:/opt/ros/jazzy/opt/gz_plugin_vendor/lib:/opt/ros/jazzy/opt/gz_fuel_tools_vendor/lib:/opt/ros/jazzy/opt/gz_msgs_vendor/lib:/opt/ros/jazzy/opt/gz_common_vendor/lib:/opt/ros/jazzy/opt/gz_math_vendor/lib:/opt/ros/jazzy/opt/gz_utils_vendor/lib:/opt/ros/jazzy/opt/gz_tools_vendor/lib:/opt/ros/jazzy/opt/gz_ogre_next_vendor/lib:/opt/ros/jazzy/opt/gz_dartsim_vendor/lib:/opt/ros/jazzy/opt/gz_cmake_vendor/lib:/opt/ros/jazzy/lib PYTHONPATH=/home/ben-may/ROS_Workspaces/ros2_ws_finalproject/install/squirtlebot_interfaces/lib/python3.12/site-packages:/home/ben-may/ROS_Workspaces/turtlebot3_ws/build/turtlebot3_teleop:/home/ben-may/ROS_Workspaces/turtlebot3_ws/install/turtlebot3_teleop/lib/python3.12/site-packages:/home/ben-may/ROS_Workspaces/turtlebot3_ws/build/turtlebot3_example:/home/ben-may/ROS_Workspaces/turtlebot3_ws/install/turtlebot3_example/lib/python3.12/site-packages:/home/ben-may/ROS_Workspaces/turtlebot3_ws/install/turtlebot3_msgs/lib/python3.12/site-packages:/home/ben-may/ROS_Workspaces/ros2_ws_finalproject/install/squirtlebot_py/lib/python3.12/site-packages:/home/ben-may/ROS_Workspaces/ros2_ws_1/install/actions_py/lib/python3.12/site-packages:/home/ben-may/ROS_Workspaces/ros2_ws_1/install/my_robot_interfaces/lib/python3.12/site-packages:/home/ben-may/ROS_Workspaces/ros2_ws_1/install/executors_py/lib/python3.12/site-packages:/home/ben-may/ROS_Workspaces/ros2_ws_1/install/components_py/lib/python3.12/site-packages:/home/ben-may/ROS_Workspaces/ros2_ws_moverobot/install/move_robot_py/lib/python3.12/site-packages:/home/ben-may/ROS_Workspaces/ros2_ws_moverobot/install/move_robot_interfaces/lib/python3.12/site-packages:/opt/ros/jazzy/lib/python3.12/site-packages /usr/bin/cmake --install /home/ben-may/ROS_Workspaces/ros2_ws_finalproject/build/squirtlebot_nodes
[4.942s] Level 1:colcon.colcon_core.environment:create_environment_scripts_only(squirtlebot_nodes)
[4.942s] DEBUG:colcon.colcon_core.event_handler.log_command:Invoked command in '/home/ben-may/ROS_Workspaces/ros2_ws_finalproject/build/squirtlebot_nodes' returned '0': CMAKE_PREFIX_PATH=/home/ben-may/ROS_Workspaces/ros2_ws_finalproject/install/squirtlebot_interfaces:/home/ben-may/ROS_Workspaces/turtlebot3_ws/install/turtlebot3:/home/ben-may/ROS_Workspaces/turtlebot3_ws/install/turtlebot3_simulations:/home/ben-may/ROS_Workspaces/turtlebot3_ws/install/turtlebot3_bringup:/home/ben-may/ROS_Workspaces/turtlebot3_ws/install/turtlebot3_node:/home/ben-may/ROS_Workspaces/turtlebot3_ws/install/turtlebot3_navigation2:/home/ben-may/ROS_Workspaces/turtlebot3_ws/install/turtlebot3_fake_node:/home/ben-may/ROS_Workspaces/turtlebot3_ws/install/turtlebot3_msgs:/home/ben-may/ROS_Workspaces/turtlebot3_ws/install/turtlebot3_gazebo:/home/ben-may/ROS_Workspaces/turtlebot3_ws/install/turtlebot3_description:/home/ben-may/ROS_Workspaces/turtlebot3_ws/install/turtlebot3_cartographer:/home/ben-may/ROS_Workspaces/ros2_ws_finalproject/install/squirtlebot_bringup:/home/ben-may/ROS_Workspaces/ros2_ws_finalproject/install/squirtlebot_nodes:/home/ben-may/ROS_Workspaces/ros2_ws_1/install/actions_cpp:/home/ben-may/ROS_Workspaces/ros2_ws_1/install/my_robot_interfaces:/home/ben-may/ROS_Workspaces/ros2_ws_1/install/executors_cpp:/home/ben-may/ROS_Workspaces/ros2_ws_1/install/components_cpp:/home/ben-may/ROS_Workspaces/ros2_ws_1/install/component_containers_launch_files:/home/ben-may/ROS_Workspaces/ros2_ws_1/install/component_containers_cpp:/home/ben-may/ROS_Workspaces/ros2_ws_moverobot/install/move_robot_bringup:/home/ben-may/ROS_Workspaces/ros2_ws_moverobot/install/move_robot_cpp:/home/ben-may/ROS_Workspaces/ros2_ws_moverobot/install/move_robot_interfaces:/opt/ros/jazzy/opt/gz_sim_vendor:/opt/ros/jazzy/opt/gz_sensors_vendor:/opt/ros/jazzy/opt/gz_physics_vendor:/opt/ros/jazzy/opt/sdformat_vendor:/opt/ros/jazzy/opt/gz_gui_vendor:/opt/ros/jazzy/opt/gz_transport_vendor:/opt/ros/jazzy/opt/gz_rendering_vendor:/opt/ros/jazzy/opt/gz_plugin_vendor:/opt/ros/jazzy/opt/gz_fuel_tools_vendor:/opt/ros/jazzy/opt/gz_msgs_vendor:/opt/ros/jazzy/opt/gz_common_vendor:/opt/ros/jazzy/opt/gz_math_vendor:/opt/ros/jazzy/opt/gz_utils_vendor:/opt/ros/jazzy/opt/gz_tools_vendor:/opt/ros/jazzy/opt/gz_ogre_next_vendor:/opt/ros/jazzy/opt/gz_dartsim_vendor:/opt/ros/jazzy/opt/gz_cmake_vendor:/home/ben-may/ROS_Workspaces/turtlebot3_ws/install/turtlebot3_teleop:/home/ben-may/ROS_Workspaces/turtlebot3_ws/install/turtlebot3_example:/home/ben-may/ROS_Workspaces/ros2_ws_finalproject/install/squirtlebot_py:/home/ben-may/ROS_Workspaces/ros2_ws_1/install/actions_py:/home/ben-may/ROS_Workspaces/ros2_ws_1/install/executors_py:/home/ben-may/ROS_Workspaces/ros2_ws_1/install/components_py:/home/ben-may/ROS_Workspaces/ros2_ws_moverobot/install/move_robot_py:/opt/ros/jazzy DEBUGINFOD_URLS=https://debuginfod.ubuntu.com LD_LIBRARY_PATH=/home/ben-may/ROS_Workspaces/ros2_ws_finalproject/install/squirtlebot_interfaces/lib:/home/ben-may/ROS_Workspaces/turtlebot3_ws/install/turtlebot3_msgs/lib:/home/ben-may/ROS_Workspaces/ros2_ws_1/install/my_robot_interfaces/lib:/home/ben-may/ROS_Workspaces/ros2_ws_1/install/component_containers_cpp/lib:/home/ben-may/ROS_Workspaces/ros2_ws_moverobot/install/move_robot_interfaces/lib:/opt/ros/jazzy/opt/gz_sim_vendor/lib:/opt/ros/jazzy/opt/gz_sensors_vendor/lib:/opt/ros/jazzy/opt/gz_physics_vendor/lib:/opt/ros/jazzy/opt/sdformat_vendor/lib:/opt/ros/jazzy/opt/rviz_ogre_vendor/lib:/opt/ros/jazzy/lib/x86_64-linux-gnu:/opt/ros/jazzy/opt/gz_gui_vendor/lib:/opt/ros/jazzy/opt/gz_transport_vendor/lib:/opt/ros/jazzy/opt/gz_rendering_vendor/lib:/opt/ros/jazzy/opt/gz_plugin_vendor/lib:/opt/ros/jazzy/opt/gz_fuel_tools_vendor/lib:/opt/ros/jazzy/opt/gz_msgs_vendor/lib:/opt/ros/jazzy/opt/gz_common_vendor/lib:/opt/ros/jazzy/opt/gz_math_vendor/lib:/opt/ros/jazzy/opt/gz_utils_vendor/lib:/opt/ros/jazzy/opt/gz_tools_vendor/lib:/opt/ros/jazzy/opt/gz_ogre_next_vendor/lib:/opt/ros/jazzy/opt/gz_dartsim_vendor/lib:/opt/ros/jazzy/opt/gz_cmake_vendor/lib:/opt/ros/jazzy/lib PYTHONPATH=/home/ben-may/ROS_Workspaces/ros2_ws_finalproject/install/squirtlebot_interfaces/lib/python3.12/site-packages:/home/ben-may/ROS_Workspaces/turtlebot3_ws/build/turtlebot3_teleop:/home/ben-may/ROS_Workspaces/turtlebot3_ws/install/turtlebot3_teleop/lib/python3.12/site-packages:/home/ben-may/ROS_Workspaces/turtlebot3_ws/build/turtlebot3_example:/home/ben-may/ROS_Workspaces/turtlebot3_ws/install/turtlebot3_example/lib/python3.12/site-packages:/home/ben-may/ROS_Workspaces/turtlebot3_ws/install/turtlebot3_msgs/lib/python3.12/site-packages:/home/ben-may/ROS_Workspaces/ros2_ws_finalproject/install/squirtlebot_py/lib/python3.12/site-packages:/home/ben-may/ROS_Workspaces/ros2_ws_1/install/actions_py/lib/python3.12/site-packages:/home/ben-may/ROS_Workspaces/ros2_ws_1/install/my_robot_interfaces/lib/python3.12/site-packages:/home/ben-may/ROS_Workspaces/ros2_ws_1/install/executors_py/lib/python3.12/site-packages:/home/ben-may/ROS_Workspaces/ros2_ws_1/install/components_py/lib/python3.12/site-packages:/home/ben-may/ROS_Workspaces/ros2_ws_moverobot/install/move_robot_py/lib/python3.12/site-packages:/home/ben-may/ROS_Workspaces/ros2_ws_moverobot/install/move_robot_interfaces/lib/python3.12/site-packages:/opt/ros/jazzy/lib/python3.12/site-packages /usr/bin/cmake --install /home/ben-may/ROS_Workspaces/ros2_ws_finalproject/build/squirtlebot_nodes
[4.944s] Level 1:colcon.colcon_core.environment:checking '/home/ben-may/ROS_Workspaces/ros2_ws_finalproject/install/squirtlebot_nodes' for CMake module files
[4.944s] Level 1:colcon.colcon_core.environment:checking '/home/ben-may/ROS_Workspaces/ros2_ws_finalproject/install/squirtlebot_nodes' for CMake config files
[4.944s] Level 1:colcon.colcon_core.shell:create_environment_hook('squirtlebot_nodes', 'cmake_prefix_path')
[4.944s] INFO:colcon.colcon_core.shell:Creating environment hook '/home/ben-may/ROS_Workspaces/ros2_ws_finalproject/install/squirtlebot_nodes/share/squirtlebot_nodes/hook/cmake_prefix_path.ps1'
[4.945s] INFO:colcon.colcon_core.shell:Creating environment descriptor '/home/ben-may/ROS_Workspaces/ros2_ws_finalproject/install/squirtlebot_nodes/share/squirtlebot_nodes/hook/cmake_prefix_path.dsv'
[4.945s] INFO:colcon.colcon_core.shell:Creating environment hook '/home/ben-may/ROS_Workspaces/ros2_ws_finalproject/install/squirtlebot_nodes/share/squirtlebot_nodes/hook/cmake_prefix_path.sh'
[4.946s] Level 1:colcon.colcon_core.environment:checking '/home/ben-may/ROS_Workspaces/ros2_ws_finalproject/install/squirtlebot_nodes/lib'
[4.946s] Level 1:colcon.colcon_core.environment:checking '/home/ben-may/ROS_Workspaces/ros2_ws_finalproject/install/squirtlebot_nodes/bin'
[4.946s] Level 1:colcon.colcon_core.environment:checking '/home/ben-may/ROS_Workspaces/ros2_ws_finalproject/install/squirtlebot_nodes/lib/pkgconfig/squirtlebot_nodes.pc'
[4.946s] Level 1:colcon.colcon_core.environment:checking '/home/ben-may/ROS_Workspaces/ros2_ws_finalproject/install/squirtlebot_nodes/lib/python3.12/site-packages'
[4.946s] Level 1:colcon.colcon_core.environment:checking '/home/ben-may/ROS_Workspaces/ros2_ws_finalproject/install/squirtlebot_nodes/bin'
[4.946s] INFO:colcon.colcon_core.shell:Creating package script '/home/ben-may/ROS_Workspaces/ros2_ws_finalproject/install/squirtlebot_nodes/share/squirtlebot_nodes/package.ps1'
[4.947s] INFO:colcon.colcon_core.shell:Creating package descriptor '/home/ben-may/ROS_Workspaces/ros2_ws_finalproject/install/squirtlebot_nodes/share/squirtlebot_nodes/package.dsv'
[4.947s] INFO:colcon.colcon_core.shell:Creating package script '/home/ben-may/ROS_Workspaces/ros2_ws_finalproject/install/squirtlebot_nodes/share/squirtlebot_nodes/package.sh'
[4.948s] INFO:colcon.colcon_core.shell:Creating package script '/home/ben-may/ROS_Workspaces/ros2_ws_finalproject/install/squirtlebot_nodes/share/squirtlebot_nodes/package.bash'
[4.948s] INFO:colcon.colcon_core.shell:Creating package script '/home/ben-may/ROS_Workspaces/ros2_ws_finalproject/install/squirtlebot_nodes/share/squirtlebot_nodes/package.zsh'
[4.949s] Level 1:colcon.colcon_core.environment:create_file_with_runtime_dependencies(/home/ben-may/ROS_Workspaces/ros2_ws_finalproject/install/squirtlebot_nodes/share/colcon-core/packages/squirtlebot_nodes)
[4.949s] Level 1:colcon.colcon_core.environment:create_environment_scripts_only(squirtlebot_nodes)
[4.949s] Level 1:colcon.colcon_core.environment:checking '/home/ben-may/ROS_Workspaces/ros2_ws_finalproject/install/squirtlebot_nodes' for CMake module files
[4.950s] Level 1:colcon.colcon_core.environment:checking '/home/ben-may/ROS_Workspaces/ros2_ws_finalproject/install/squirtlebot_nodes' for CMake config files
[4.951s] Level 1:colcon.colcon_core.shell:create_environment_hook('squirtlebot_nodes', 'cmake_prefix_path')
[4.951s] INFO:colcon.colcon_core.shell:Creating environment hook '/home/ben-may/ROS_Workspaces/ros2_ws_finalproject/install/squirtlebot_nodes/share/squirtlebot_nodes/hook/cmake_prefix_path.ps1'
[4.952s] INFO:colcon.colcon_core.shell:Creating environment descriptor '/home/ben-may/ROS_Workspaces/ros2_ws_finalproject/install/squirtlebot_nodes/share/squirtlebot_nodes/hook/cmake_prefix_path.dsv'
[4.952s] INFO:colcon.colcon_core.shell:Creating environment hook '/home/ben-may/ROS_Workspaces/ros2_ws_finalproject/install/squirtlebot_nodes/share/squirtlebot_nodes/hook/cmake_prefix_path.sh'
[4.953s] Level 1:colcon.colcon_core.environment:checking '/home/ben-may/ROS_Workspaces/ros2_ws_finalproject/install/squirtlebot_nodes/lib'
[4.953s] Level 1:colcon.colcon_core.environment:checking '/home/ben-may/ROS_Workspaces/ros2_ws_finalproject/install/squirtlebot_nodes/bin'
[4.953s] Level 1:colcon.colcon_core.environment:checking '/home/ben-may/ROS_Workspaces/ros2_ws_finalproject/install/squirtlebot_nodes/lib/pkgconfig/squirtlebot_nodes.pc'
[4.953s] Level 1:colcon.colcon_core.environment:checking '/home/ben-may/ROS_Workspaces/ros2_ws_finalproject/install/squirtlebot_nodes/lib/python3.12/site-packages'
[4.953s] Level 1:colcon.colcon_core.environment:checking '/home/ben-may/ROS_Workspaces/ros2_ws_finalproject/install/squirtlebot_nodes/bin'
[4.953s] INFO:colcon.colcon_core.shell:Creating package script '/home/ben-may/ROS_Workspaces/ros2_ws_finalproject/install/squirtlebot_nodes/share/squirtlebot_nodes/package.ps1'
[4.954s] INFO:colcon.colcon_core.shell:Creating package descriptor '/home/ben-may/ROS_Workspaces/ros2_ws_finalproject/install/squirtlebot_nodes/share/squirtlebot_nodes/package.dsv'
[4.954s] INFO:colcon.colcon_core.shell:Creating package script '/home/ben-may/ROS_Workspaces/ros2_ws_finalproject/install/squirtlebot_nodes/share/squirtlebot_nodes/package.sh'
[4.955s] INFO:colcon.colcon_core.shell:Creating package script '/home/ben-may/ROS_Workspaces/ros2_ws_finalproject/install/squirtlebot_nodes/share/squirtlebot_nodes/package.bash'
[4.955s] INFO:colcon.colcon_core.shell:Creating package script '/home/ben-may/ROS_Workspaces/ros2_ws_finalproject/install/squirtlebot_nodes/share/squirtlebot_nodes/package.zsh'
[4.955s] Level 1:colcon.colcon_core.environment:create_file_with_runtime_dependencies(/home/ben-may/ROS_Workspaces/ros2_ws_finalproject/install/squirtlebot_nodes/share/colcon-core/packages/squirtlebot_nodes)
[4.956s] DEBUG:colcon.colcon_parallel_executor.executor.parallel:closing loop
[4.956s] DEBUG:colcon.colcon_parallel_executor.executor.parallel:loop closed
[4.956s] DEBUG:colcon.colcon_parallel_executor.executor.parallel:run_until_complete finished with '0'
[4.956s] DEBUG:colcon.colcon_core.event_reactor:joining thread
[4.963s] INFO:colcon.colcon_core.plugin_system:Skipping extension 'colcon_notification.desktop_notification.terminal_notifier': Not used on non-Darwin systems
[4.963s] INFO:colcon.colcon_core.plugin_system:Skipping extension 'colcon_notification.desktop_notification.win32': Not used on non-Windows systems
[4.963s] INFO:colcon.colcon_notification.desktop_notification:Sending desktop notification using 'notify2'
[4.979s] DEBUG:colcon.colcon_core.event_reactor:joined thread
[4.980s] INFO:colcon.colcon_core.shell:Creating prefix script '/home/ben-may/ROS_Workspaces/ros2_ws_finalproject/install/local_setup.ps1'
[4.980s] INFO:colcon.colcon_core.shell:Creating prefix util module '/home/ben-may/ROS_Workspaces/ros2_ws_finalproject/install/_local_setup_util_ps1.py'
[4.981s] INFO:colcon.colcon_core.shell:Creating prefix chain script '/home/ben-may/ROS_Workspaces/ros2_ws_finalproject/install/setup.ps1'
[4.982s] INFO:colcon.colcon_core.shell:Creating prefix script '/home/ben-may/ROS_Workspaces/ros2_ws_finalproject/install/local_setup.sh'
[4.983s] INFO:colcon.colcon_core.shell:Creating prefix util module '/home/ben-may/ROS_Workspaces/ros2_ws_finalproject/install/_local_setup_util_sh.py'
[4.983s] INFO:colcon.colcon_core.shell:Creating prefix chain script '/home/ben-may/ROS_Workspaces/ros2_ws_finalproject/install/setup.sh'
[4.985s] INFO:colcon.colcon_core.shell:Creating prefix script '/home/ben-may/ROS_Workspaces/ros2_ws_finalproject/install/local_setup.bash'
[4.986s] INFO:colcon.colcon_core.shell:Creating prefix chain script '/home/ben-may/ROS_Workspaces/ros2_ws_finalproject/install/setup.bash'
[4.988s] INFO:colcon.colcon_core.shell:Creating prefix script '/home/ben-may/ROS_Workspaces/ros2_ws_finalproject/install/local_setup.zsh'
[4.988s] INFO:colcon.colcon_core.shell:Creating prefix chain script '/home/ben-may/ROS_Workspaces/ros2_ws_finalproject/install/setup.zsh'
